0 0 0 5 0 0.748151036383683
0.1 0.499894648110816 0.00725781954806077 4.99789296221631 0.145125805961185 0.748150912100845
0.2 0.999367977457058 0.0290221033366716 4.99157451244309 0.290129297699751 0.748150787818029
0.3 1.49799911312273 0.065274509387125 4.9810499755912 0.434888289847993 0.748150663535236
0.4 1.99536788993058 0.115984487487883 4.96632822077755 0.579280803084437 0.748150539252464
0.5 2.49105520648897 0.181109304939501 4.94742165385098 0.723185166918169 0.748150414969714
0.6 2.98464337834224 0.260594082564969 4.92434620693804 0.866480122212898 0.748150290686987
0.7 3.47571648992706 0.354371840955122 4.89712132501734 1.00904492336439 0.748150166404281
0.8 3.96386074503823 0.462363556910159 4.86576994953386 1.15075944004517 0.748150042121598
0.9 4.4486648155085 0.584478230029693 4.83031849906698 1.29150425843071 0.748149917838937
1 4.9297201878087 0.720612959395239 4.79079684706861 1.43116078182191 0.748149793556297
1.1 5.40662150727611 0.8706530302805 4.74723829669007 1.56961133057897 0.74814966927368
1.2 5.87896691968094 1.03447201081641 4.699679552719 1.70673924128252 0.748149544991085
1.3 6.34635840984319 1.21193185852945 4.64816069064989 1.84242896503839 0.748149420708512
1.4 6.8084021370145 1.40288303666348 4.59272512291444 1.9765661648433 0.748149296425961
1.5 7.26470876674246 1.60716464018709 4.53341956229992 2.10903781192927 0.748149172143432
1.6 7.71489379893758 1.82460453138021 4.47029398258674 2.23973228100568 0.748149047860925
1.7 8.1585778918667 2.05501948488584 4.40340157643799 2.36853944431866 0.74814892357844
1.8 8.59538718179965 2.29821534210458 4.33279871057681 2.49535076444866 0.748148799295978
1.9 9.02495359803991 2.55398717480189 4.25854487828905 2.62005938576781 0.748148675013537
2 9.44691517307377 2.82211945779025 4.18070264929149 2.74256022448027 0.748148550731118
2.1 9.86091634757668 3.10238625054064 4.09933761700765 2.86275005716936 0.748148426448722
2.2 10.2666082700197 3.39455138757038 4.0145183432958 2.98052760777727 0.748148302166348
2.3 10.6636490906239 3.69836867744686 3.92631630067562 3.09579363294364 0.748148177883995
2.4 11.0517042494144 4.01358211023946 3.83480581210228 3.20845100563143 0.748148053601665
2.5 11.4304467581317 4.33992607324486 3.74006398833859 3.31840479696943 0.748147929319357
2.6 11.7995574757634 4.67712557480403 3.64217066297809 3.42556235624248 0.74814780503707
2.7 12.1587253774627 5.02489647602215 3.54120832517379 3.52983338896206 0.748147680754806
2.8 12.5076478166283 5.38294573019639 3.43726205012921 3.63113003295139 0.748147556472564
2.9 12.8460307799242 5.75097162974961 3.33041942741042 3.72936693238097 0.748147432190344
3 13.1735891350248 6.12866406046205 3.22077048713924 3.82446130969216 0.748147307908146
3.1 13.4900468708768 6.51570476278672 3.10840762413015 3.91633303534822 0.748147183625971
3.2 13.7951373302746 6.9117676000283 2.99342552003446 4.00490469535398 0.748147059343817
3.3 14.0886034345541 7.31651883315956 2.87592106355759 4.0901016564873 0.748146935061685
3.4 14.3701979002152 7.72961740204375 2.75599326881665 4.17185212918734 0.748146810779575
3.5 14.6396834472904 8.15071521282599 2.63374319190701 4.25008722804663 0.748146686497488
3.6 14.896832999284 8.57945743125148 2.50927384574831 4.32474102985599 0.748146562215422
3.7 15.1414298745134 9.01548278166336 2.38269011328154 4.39575062915339 0.748146437933378
3.8 15.3732679686917 9.45842385142829 2.25409865909038 4.46305619122988 0.748146313651357
3.9 15.5921519285965 9.90790740053327 2.12360783952135 4.52660100254805 0.748146189369358
4 15.7978973166806 10.3635546760926 1.99132761137833 4.58633151853045 0.748146065087381
4.1 15.9903307664834 10.8249817315006 1.85736943926857 4.64219740867764 0.748145940805426
4.2 16.1692901287147 11.2917997499598 1.72184620167815 4.69415159897806 0.748145816523492
4.3 16.3346246078851 11.7636153721141 1.58487209585609 4.74215031157373 0.748145692241581
4.4 16.4861948893706 12.2400310275083 1.44656254158719 4.78615310164855 0.748145567959692
4.5 16.6238732568018 12.7206452695973 1.3070340839348 4.82612289150803 0.748145443677825
4.6 16.7475436996806 13.2050531140202 1.16640429503535 4.86202600182176 0.748145319395981
4.7 16.8571020111331 13.6928463798561 1.02479167502748 4.89383218000225 0.748145195114158
4.8 16.9524558757159 14.1836140335736 0.882315552199221 4.92151462569633 0.748145070832357
4.9 17.0335249472024 14.676942535383 0.739095982437308 4.94505001336747 0.748144946550578
5 17.1002409162839 15.1724161877014 0.59525364806349 4.96441851195017 0.748144822268822
5.1 17.1525475681269 15.6696174854352 0.450909756142941 4.97960380155973 0.748144697987087
5.2 17.1904008297397 16.1681274677861 0.306185936350548 4.9905930872434 0.748144573705375
5.3 17.2137688071084 16.6675260712833 0.161204138481099 4.9973771097612 0.748144449423684
5.4 17.2226318120691 17.167392483745 0.0160865296897509 4.99995015338755 0.748144325142016
5.5 17.2169823788963 17.6673054988708 -0.129044608450646 4.99831005072687 0.748144200860369
5.6 17.1968252705913 18.1668438711658 -0.274066982988615 4.9924581845393 0.748144076578745
5.7 17.1621774748664 18.6655866708982 -0.418858392642688 4.98239948657493 0.748143952297143
5.8 17.1130681898287 19.1631136387899 -0.563296830772781 4.96814243341742 0.748143828015563
5.9 17.0495387993743 19.6590055401435 -0.707260588187541 4.94969903934077 0.748143703734005
5.99999999999999 16.9716428383144 20.1528445181041 -0.850628355701023 4.92708484618496 0.748143579452469
6.09999999999999 16.8794459472629 20.6442144457617 -0.993279326352303 4.90031891025918 0.748143455170955
6.19999999999999 16.7730258173226 21.1327012767943 -1.13509329720187 4.86942378628368 0.748143330889463
6.29999999999999 16.6524721246183 21.6178933943594 -1.27595077061902 4.83442550838367 0.748143206607994
6.39999999999999 16.5178864547296 22.0993819579366 -1.41573305497496 4.79535356815137 0.748143082326546
6.49999999999999 16.3693822170891 22.576761247832 -1.55432236465663 4.7522408897947 0.74814295804512
6.59999999999999 16.2070845494175 23.0496290070519 -1.69160191931719 4.70512380239344 0.748142833763717
6.69999999999999 16.0311302122756 23.5175867802594 -1.8274560422793 4.65404200928645 0.748142709482335
6.79999999999999 15.8416674738225 23.9802402495271 -1.96177025800846 4.59903855461548 0.748142585200976
6.89999999999999 15.6388559848774 24.4371995666031 -2.09443138857417 4.540159787054 0.748142460919638
6.99999999999999 15.4228666443899 24.8880796814116 -2.22532764901772 4.47745532075149 0.748142336638323
7.09999999999999 15.193881455432 25.332500666509 -2.35434874154605 4.41097799352609 0.74814221235703
7.19999999999999 14.9520933718335 25.7700880372248 -2.48138594847268 4.3407838223409 0.748142088075759
7.29999999999999 14.6977061355897 26.200473067215 -2.60633222382691 4.26693195610143 0.74814196379451
7.39999999999999 14.4309341051795 26.623293099164 -2.72908228355457 4.18948462581395 0.748141839513283
7.49999999999999 14.1520020749362 27.0381918503723 -2.84953269423397 4.10850709214674 0.748141715232078
7.59999999999999 13.861145085626 27.4448197129719 -2.96758196023246 4.02406759043851 0.748141590950895
7.69999999999999 13.5586082263918 27.8428340485189 -3.08313060923011 3.93623727320016 0.748141466669734
7.79999999999999 13.2446464282302 28.2318994767114 -3.1960812760385 3.84509015015849 0.748141342388595
7.89999999999999 12.9195242491753 28.6116881579925 -3.30633878464386 3.75070302589237 0.748141218107478
7.99999999999999 12.5835156513703 28.981880069799 -3.41381022840561 3.65315543511375 0.748141093826384
8.09999999999999 12.2369037702153 29.3421632762233 -3.51840504834257 3.55252957564827 0.748140969545311
8.19999999999999 11.8799806757849 29.6922341908601 -3.62003510944091 3.44891023917183 0.748140845264261
8.29999999999999 11.5130471267177 30.031797832619 -3.71861477491966 3.34238473976146 0.748140720983232
8.39999999999999 11.1364123167838 30.3605680742848 -3.81406097839096 3.23304284032072 0.748140596702226
8.49999999999999 10.7503936143454 30.6782678836174 -3.90629329385453 3.12097667694173 0.748140472421241
8.59999999999999 10.3553162949286 30.984629556788 -3.99523400346711 3.00628068126738 0.748140348140279
8.69999999999999 9.95151326713276 31.279394943955 -4.08080816303001 2.88905150091928 0.748140223859339
8.79999999999998 9.53932479210789 31.5623156667888 -4.16294366513936 2.76938791805845 0.748140099578421
8.89999999999998 9.11909819683632 31.8331533277627 -4.24157129994608 2.64739076614737 0.748139975297525
8.99999999999998 8.69118758146085 32.0916797110347 -4.31662481347411 2.52316284498358 0.748139851016651
9.09999999999998 8.25595352090538 32.337676974748 -4.38804096344802 2.39680883407632 0.748139726735799
9.19999999999998 7.81376276103986 32.5709378345914 -4.45575957258279 2.26843520443937 0.748139602454969
9.29999999999998 7.36498790964527 32.791265738463 -4.5197235792909 2.13815012887418 0.748139478174162
9.39999999999998 6.9100071224393 32.9984750320903 -4.579879085764 2.00606339081916 0.748139353893376
9.49999999999998 6.44920378442718 33.1923911154673 -4.63617540338868 1.87228629184172 0.748139229612612
9.59999999999998 5.98296618684608 33.3728505899777 -4.68856509545806 1.73693155785112 0.748139105331871
9.69999999999998 5.51168719997551 33.5397013960782 -4.73700401714308 1.60011324411114 0.748138981051151
9.79999999999998 5.03576394208921 33.6928029414277 -4.78145135269012 1.46194663913258 0.748138856770454
9.89999999999998 4.55559744482767 33.8320262193537 -4.8218696498132 1.32254816752663 0.748138732489779
9.99999999999998 4.07159231527304 33.9572539175563 -4.85822485125212 1.1820352919009 0.748138608209125
10.1 3.58415639501145 34.0683805169573 -4.89048632346981 1.04052641388084 0.748138483928494
10.2 3.09370041646972 34.1653123806131 -4.91862688246465 0.898140774339903 0.748138359647885
10.3 2.60063765681633 34.2479678326142 -4.94262281667614 0.754998352922575 0.748138235367298
10.4 2.10538358971805 34.3162772269064 -4.96245390696454 0.611219766944875 0.748138111086733
10.5 1.60835553524587 34.3701830059749 -4.97810344364764 0.466926169757564 0.74813798680619
10.6 1.1099723082251 34.4096397493428 -4.98955824058035 0.322239148657687 0.748137862525669
10.7 0.61065386532598 34.434614211841 -4.99680864626523 0.177280622434466 0.74813773824517
10.8 0.110820951192213 34.4450853516206 -4.99984855198454 0.0321727386358968 0.748137613964693
10.9 -0.389105256094401 34.4410443478808 -4.99867539694709 -0.11296222935741 0.748137489684239
11 -0.888703499914528 34.4224946082999 -4.99329017044541 -0.258001985364392 0.748137365403806
11.1 -1.38755280007796 34.3894517661611 -4.98369741102148 -0.402824313454897 0.748137241123395
11.2 -1.88523280755731 34.3419436671778 -4.9699052026418 -0.547307180933402 0.748137116843007
11.3 -2.38132415868974 34.2800103460272 -4.95192516788488 -0.691328841168316 0.74813699256264
11.4 -2.87540882854841 34.2037039926135 -4.92977245814698 -0.834767936180211 0.748136868282296
11.5 -3.3670704831857 34.1130889080884 -4.90346574087437 -0.977503598902549 0.748136744001974
11.6 -3.85589483045159 34.0082414506669 -4.87302718383283 -1.11941555502872 0.748136619721673
11.7 -4.34146996909136 33.8892499712821 -4.83848243642757 -1.26038422435961 0.748136495441395
11.8 -4.8233867358287 33.756214739136 -4.79986060808952 -1.40029082156619 0.748136371161139
11.9 -5.30123905014153 33.6092478572062 -4.75719424374602 -1.53901745628242 0.748136246880905
12 -5.77462425644017 33.448473167782 -4.71051929639657 -1.6764472324439 0.748136122600693
12.1 -6.24314346335946 33.274026148108 -4.65987509681695 -1.81246434678873 0.748135998320503
12.2 -6.70640187987893 33.0860537962239 -4.60530432041697 -1.94695418643748 0.748135874040335
12.3 -7.16400914798784 32.8847145070962 -4.54685295128002 -2.0798034254701 0.74813574976019
12.4 -7.61557967161469 32.6701779391468 -4.48457024341454 -2.21090012041838 0.748135625480066
12.5 -8.06073294154412 32.4426248712904 -4.41850867925016 -2.34013380459346 0.748135501199964
12.6 -8.49909385604738 32.2022470506014 -4.34872392541349 -2.46739558116896 0.748135376919885
12.7 -8.93029303695615 31.9492470307387 -4.27527478582071 -2.59257821494126 0.748135252639827
12.8 -9.35396714091347 31.6838380012643 -4.19822315212668 -2.7155762226896 0.748135128359792
12.9 -9.76975916553943 31.4062436080003 -4.11763395157213 -2.83628596205992 0.748135004079778
13 -10.1773187502536 31.1166977645741 -4.03357509227299 -2.95460571889745 0.748134879799787
13.1 -10.576302471501 30.8154444553125 -3.94611740599793 -3.07043579295454 0.748134755519818
13.2 -10.9663741321322 30.5027375296497 -3.85533458848235 -3.18367858190149 0.74813463123987
13.3 -11.3472050446947 30.1788404882221 -3.76130313732905 -3.29423866356957 0.748134506959945
13.4 -11.7184743083957 29.8440262608312 -3.66410228754799 -3.40202287635688 0.748134382680042
13.5 -12.0798690795038 29.4985769764612 -3.56381394478942 -3.50694039772952 0.748134258400161
13.6 -12.4310848349619 29.1427837255446 -3.46052261632661 -3.60890282075154 0.748134134120302
13.7 -12.7718256289876 28.7769463146772 -3.3543153398464 -3.70782422857961 0.748134009840466
13.8 -13.1018043424473 28.401373013988 -3.2452816101075 -3.80362126685926 0.748133885560651
13.9 -13.4207429247915 28.0163802973775 -3.13351330352845 -3.89621321396201 0.748133761280858
14 -13.7283726283496 27.6222925758442 -3.01910460076863 -3.98552204900392 0.748133637001087
14.1 -14.0244342347845 27.2194419241214 -2.90215190736773 -4.07147251758846 0.748133512721339
14.2 -14.3086782735185 26.8081678008579 -2.7827537725104 -4.1539921952182 0.748133388441612
14.3 -14.5808652319447 26.3888167625757 -2.66101080598462 -4.23301154832193 0.748133264161908
14.4 -14.8407657572476 25.9617421716471 -2.53702559340377 -4.3084639928457 0.748133139882225
14.5 -15.0881608496622 25.5273038985376 -2.41090260976378 -4.38028595035856 0.748133015602565
14.6 -15.3228420470104 25.0858680185639 -2.28274813140822 -4.44841690162558 0.748132891322926
14.7 -15.5446116003563 24.6378065034239 -2.15267014647556 -4.51279943760312 0.74813276704331
14.8 -15.7532826406355 24.1834969077589 -2.020778263904 -4.57337930781324 0.748132642763716
14.9 -15.9486793361162 23.7233220510104 -1.88718362107058 -4.63010546605668 0.748132518484144
15 -16.1306370405591 23.2576696948412 -1.75199879014236 -4.68293011342572 0.748132394204594
15.1 -16.299002431953 22.786932216392 -1.61533768321864 -4.73180873858073 0.748132269925066
15.2 -16.4536336417074 22.3115062776491 -1.4773154563441 -4.77670015525657 0.74813214564556
15.3 -16.5944003741945 21.831792491201 -1.33804841247381 -4.81756653696705 0.748132021366076
15.4 -16.7211840165391 21.3481950826666 -1.19765390347171 -4.85437344887835 0.748131897086615
15.5 -16.8338777385638 20.861121550079 -1.05625023122542 -4.88708987682455 0.748131772807175
15.6 -16.9323865828067 20.3709823205117 -0.913956547960397 -4.91568825344065 0.748131648527757
15.7 -17.0166275445333 19.8781904042364 -0.770892755837656 -4.94014448139134 0.748131524248362
15.8 -17.086529641678 19.3831610467055 -0.627179405919587 -4.96043795367562 0.748131399968989
15.9 -17.1420339746535 18.8863113786494 -0.482937596588977 -4.97655157099048 0.748131275689637
16 -17.18309377598 18.3880600645865 -0.338288871506862 -4.98847175613876 0.748131151410308
16.1 -17.209674449691 17.8888269500404 -0.1933551171952 -4.99618846546917 0.748131027131
16.2 -17.221753600483 17.3890327077624 -0.0482584603306412 -4.99969519733887 0.748130902851715
16.3 -17.2193210525846 16.889098483256 0.0968788351640331 -4.99898899759131 0.748130778572452
16.4 -17.2023788583284 16.3894455399046 0.241934471144115 -4.99407046204493 0.748130654293211
16.5 -17.1709412964199 15.8904949039985 0.386786218295983 -4.98494373599043 0.748130530013992
16.6 -17.1250348599035 15.3926670099627 0.531312019132106 -4.97161651069719 0.748130405734795
16.7 -17.0646982338359 14.896381346083 0.675390090841231 -4.9541000169317 0.74813028145562
16.8 -16.989982262687 14.4020561010298 0.818899027907112 -4.93240901549342 0.748130157176467
16.9 -16.9009499074939 13.9101078114766 0.961717904409287 -4.9065617847762 0.748130032897336
17 -16.7976761928055 13.4209510111109 1.10372637591972 -4.87658010536556 0.748129908618227
17.1 -16.680248143462 12.9349978813331 1.24480478090943 -4.84248924168493 0.748129784339141
17.2 -16.5487647112622 12.4526579039371 1.38483424157967 -4.8043179207063 0.748129660060076
17.3 -16.403336691581 11.9743375160662 1.52369676403269 -4.76209830774316 0.748129535781033
17.4 -16.2440866300067 11.5004397677344 1.66127533769767 -4.71586597934621 0.748129411502013
17.5 -16.0711487190778 11.0313639822019 1.79745403392806 -4.66565989332459 0.748129287223015
17.6 -15.884668685205 10.5675054194911 1.93211810368717 -4.61152235591797 0.748129162944038
17.7 -15.6848036658745 10.1092549433262 2.06515407423989 -4.55349898614717 0.748129038665084
17.8 -15.4717220772364 9.65699869177751 2.19644984476879 -4.49163867737319 0.748128914386152
17.9 -15.2456034721885 9.21111775188817 2.32589478083425 -4.42599355609733 0.748128790107242
18 -15.0066383890768 8.77198783855638 2.45337980759896 -4.35661893803682 0.748128665828354
18.1 -14.755028191138 8.3399789779451 2.57879750173816 -4.28357328151317 0.748128541549488
18.2 -14.4909848968223 7.91545519568503 2.70204218195831 -4.20691813819241 0.748128417270644
18.3 -14.2147310011361 7.49877421013407 2.82300999804779 -4.12671810121883 0.748128292991822
18.4 -13.9264992881577 7.09028713095145 2.94159901838467 -4.04304075078582 0.748128168713022
18.5 -13.6265326348831 6.69033816324073 3.05770931582777 -3.9559565971897 0.748128044434245
18.6 -13.3150838065664 6.29926431751091 3.1712430519187 -3.86553902141461 0.748127920155489
18.7 -12.9924152437292 5.91739512569995 3.28210455932381 -3.77186421329842 0.748127795876755
18.8 -12.658798841016 5.54505236350012 3.39020042244673 -3.6750111073318 0.748127671598044
18.9 -12.3145157180843 5.1825497792191 3.49543955614342 -3.57506131614457 0.748127547319354
19 -11.959855982721 4.8301928294053 3.59773328247357 -3.47209906173536 0.748127423040687
19.1 -11.5951184863846 4.48827842146013 3.69699540542349 -3.36621110450253 0.748127298762042
19.2 -11.2206105723809 4.15709466345424 3.7931422835377 -3.25748667013614 0.748127174483418
19.3 -10.8366478168818 3.83692062135837 3.8860929003979 -3.1460173744326 0.748127050204817
19.4 -10.443553763008 3.52802608389349 3.97576893288998 -3.03189714609533 0.748126925926238
19.5 -10.0416596481977 3.23067133519833 4.06209481720151 -2.91522214758649 0.748126801647681
19.6 -9.63130412509221 2.94510693550588 4.14499781249424 -2.79609069409651 0.748126677369146
19.7 -9.21283297617327 2.67157351001366 4.22440806219766 -2.67460317069958 0.748126553090633
19.8 -8.78659882239239 2.41030154612563 4.30025865287233 -2.55086194776509 0.748126428812142
19.9 -8.35296082603799 2.16151119923668 4.37248567059311 -2.42497129469618 0.748126304533673
20 -7.91228438809062 1.92541210722321 4.44102825480489 -2.29703729206801 0.748126180255226
20.1 -7.46494084032124 1.7022032137963 4.50582864960549 -2.16716774224003 0.748126055976801
20.2 -7.0113071323921 1.49207260086613 4.56683225241231 -2.03547207851734 0.748125931698399
20.3 -6.55176551422374 1.29519733005902 4.62398765997206 -1.90206127293775 0.748125807420018
20.4 -6.08670321389598 1.11174329352064 4.67724671167441 -1.76704774276235 0.74812568314166
20.5 -5.61651211135404 0.941865074131019 4.72656453013344 -1.63054525574822 0.748125558863323
20.6 -5.14158840819498 0.78570581524921 4.77189955900236 -1.49266883428321 0.748125434585009
20.7 -4.6623322938126 0.643397100097355 4.81321359798991 -1.35353465846353 0.748125310306716
20.8 -4.1791476081821 0.515058840885767 4.8504718350487 -1.21325996819582 0.748125186028446
20.9 -3.69244150156867 0.400799177772476 4.88364287570864 -1.07196296440624 0.748125061750198
21 -3.20262409144684 0.300714387742352 4.91269876953041 -0.929762709439736 0.748124937471972
21.1 -2.71010811691955 0.214888803482612 4.93761503365697 -0.78677902673348 0.748124813193768
21.2 -2.21530859092818 0.143394742323046 4.95837067344314 -0.643132399849025 0.748124688915586
21.3 -1.71864245054668 0.0862924453008568 4.97494820014581 -0.498943870948197 0.748124564637426
21.4 -1.22052820565441 0.0436300264014389 4.98733364566004 -0.35433493879833 0.748124440359288
21.5 -0.721385586283641 0.0154434320178818 4.99551657428845 -0.209427456392754 0.748124316081172
21.6 -0.221635188939125 0.00175641066334844 4.99949009153412 -0.0643435282728272 0.748124191803078
21.7 0.278301877812524 0.00258049296185228 4.99925084990951 0.0807945923619841 0.748124067525007
21.8 0.778004348184801 0.017914981934289 4.99479905175656 0.225864606669271 0.748123943246957
21.9 1.27705115414572 0.0477469535879084 4.98613844907557 0.370744273217288 0.74812381896893
22 1.77502178022551 0.0920512678087272 4.97327634036295 0.515311510990166 0.748123694690924
22.1 2.27149661785866 0.150790589547702 4.95622356446068 0.659444502257935 0.748123570412941
22.2 2.76605731896171 0.223915420282811 4.93499449142236 0.803021795224669 0.748123446134979
22.3 3.25828714844881 0.311364139730525 4.90960701040394 0.945922406368273 0.74812332185704
22.4 3.74777133538809 0.413063057771527 4.88008251458895 1.08802592238565 0.748123197579123
22.5 4.23409742250287 0.528926476546918 4.84644588316123 1.2292126016574 0.748123073301228
22.6000000000001 4.71685561372326 0.658856762672584 4.80872546034011 1.36936347514643 0.748122949023355
22.7000000000001 5.19563911949525 0.802744429510872 4.76695303149596 1.50836044664567 0.748122824745504
22.8000000000001 5.6700444995563 0.96046822943025 4.72116379636598 1.64608639229016 0.748122700467674
22.9000000000001 6.13967200288873 1.1318952559752 4.67139633939303 1.78242525924988 0.748122576189868
23.0000000000001 6.60412590456423 1.31688105586027 4.61769259721225 1.91726216352002 0.748122451912083
23.1000000000001 7.06301483919586 1.51526975069387 4.56009782331315 2.05048348672635 0.74812232763432
23.2000000000001 7.51595213071648 1.72689416832931 4.49866054990669 2.18197697186412 0.74812220335658
23.3000000000001 7.96255611820564 1.95157598373234 4.43343254702965 2.31163181788974 0.748122079078861
23.4000000000001 8.40245047749056 2.18912586924646 4.36446877892069 2.43933877308574 0.748121954801165
23.5000000000001 8.83526453825008 2.43934365412952 4.29182735770482 2.56499022711997 0.74812183052349
23.6000000000001 9.26063359635433 2.70201849322701 4.2155694944254 2.68848030172194 0.748121706245838
23.7000000000001 9.67819922117714 2.97692904464001 4.13575944746487 2.80970493989943 0.748121581968207
23.8000000000001 10.087609557622 3.26384365623804 4.05246446839765 2.92856199362054 0.748121457690599
23.9000000000001 10.4885196226073 3.56252056085968 3.96575474532096 3.04495130988711 0.748121333413013
24.0000000000001 10.8805915957605 3.87270808003648 3.87570334371113 3.15877481512704 0.748121209135449
24.1000000000001 11.2634951040775 4.19414483606842 3.78238614485537 3.26993659783442 0.748121084857907
24.2000000000001 11.6369075003057 4.52655997227233 3.68588178191089 3.37834298938775 0.748120960580387
24.3000000000001 12.0005141348173 4.86967338121758 3.58627157364511 3.48390264297827 0.748120836302889
24.4000000000001 12.3540086207436 5.22319594075674 3.48363945591296 3.58652661058177 0.748120712025413
24.5000000000001 12.6970930921465 5.58682975765242 3.3780719109289 3.68612841790914 0.748120587747959
24.6000000000001 13.0294784550103 5.96026841859479 3.26965789439333 3.7826241372724 0.748120463470527
24.7000000000001 13.3508846308411 6.34319724839852 3.15848876053471 3.8759324583049 0.748120339193117
24.8000000000001 13.6610407926704 6.73529357516135 3.04465818513063 3.96597475647595 0.74812021491573
24.9000000000001 13.9596855932622 7.13622700216098 2.92826208657267 4.05267515934242 0.748120090638364
25.0000000000001 14.2465673853322 7.54565968626112 2.80939854504159 4.13596061048116 0.748119966361021
25.1000000000001 14.5214444335938 7.96324662259215 2.68816771986087 4.2157609310486 0.748119842083699
25.2000000000001 14.7840851184513 8.38863593526646 2.56467176509832 4.29200887891559 0.7481197178064
25.3000000000001 15.0342681311696 8.82146917388348 2.43901474348691 4.36464020532758 0.748119593529122
25.4000000000001 15.2717826603556 9.26138161557464 2.31130253873726 4.43359370904257 0.748119469251867
25.5000000000001 15.4964285695936 9.7080025723337 2.18164276631568 4.49881128790095 0.748119344974634
25.6000000000001 15.7080165660861 10.1609557033734 2.05014468276307 4.56023798778408 0.748119220697423
25.7000000000001 15.906368360157 10.6198593322454 1.91691909363096 4.61782204892011 0.748119096420234
25.8000000000001 16.0913168154833 11.084326768456 1.78207826011227 4.67151494949814 0.748118972143067
25.9000000000001 16.2627060899284 11.5539666333072 1.64573580444563 4.72127144655395 0.748118847865922
26.0000000000001 16.4203917668584 12.0283831896879 1.50800661417271 4.76704961409284 0.748118723588799
26.1000000000001 16.5642409768314 12.5071766755372 1.36900674532945 4.80881087841744 0.748118599311698
26.2000000000001 16.6941325095557 12.9899436407003 1.2288533246527 4.8465200506308 0.74811847503462
26.3000000000001 16.8099569160244 13.476277286891 1.0876644508846 4.88014535628724 0.748118350757563
26.4000000000001 16.9116166007391 13.9657678104758 0.945559095258017 4.90965846216611 0.748118226480528
26.5000000000001 16.9990259039453 14.4580027477907 0.802657001246731 4.9350345001458 0.748118102203516
26.6000000000001 17.0721111738105 14.9525673226985 0.659078583664954 4.95625208815795 0.748117977926525
26.7000000000001 17.1308108284841 15.4490447960958 0.514944827201167 4.97329334820413 0.748117853649557
26.8000000000001 17.175075407986 15.9470168170729 0.370377184471776 4.98614392141994 0.748117729372611
26.9000000000001 17.2048676158815 16.4460637754324 0.22549747368049 4.99479298017369 0.748117605095686
27.0000000000001 17.2201623507066 16.945765155269 0.0804277759696597 4.99923323718953 0.748117480818784
27.1000000000001 17.2209467271171 17.4456998893117 -0.0647096674499208 4.99946095168733 0.748117356541904
27.2000000000001 17.2072200867443 17.9454467137313 -0.209792558304083 4.99547593253425 0.748117232265046
27.3000000000001 17.1789939987473 18.4445845231132 -0.354698644308414 4.98728153840507 0.74811710798821
27.4000000000001 17.1362922500627 18.9426927252965 -0.499305822182613 4.97488467495149 0.748116983711396
27.5000000000001 17.0791508253581 19.4393515957805 -0.643492240539279 4.95829578898249 0.748116859434604
27.6000000000001 17.0076178767084 19.9341426314005 -0.787136402560421 4.93752885966087 0.748116735157834
27.7000000000001 16.9217536830184 20.4266489029741 -0.930117268375178 4.9126013867232 0.748116610881086
27.8000000000001 16.8216305992279 20.9164554066205 -1.07231435705248 4.88353437573332 0.748116486604361
27.9000000000001 16.7073329953401 21.4031494134589 -1.21360784812271 4.8503523203816 0.748116362327657
28.0000000000001 16.5789571853266 21.8863208173883 -1.35387868254281 4.81308318184503 0.748116238050976
28.1000000000001 16.436611345967 22.365562480658 -1.49300866301978 4.77175836522545 0.748116113774316
28.2000000000001 16.2804154256933 22.8404705769369 -1.63088055360798 4.72641269308586 0.748115989497679
28.3000000000001 16.1105010435147 23.3106449315917 -1.76737817849641 4.67708437610698 0.748115865221063
28.4000000000001 15.9270113781085 23.7756893588889 -1.90238651990258 4.62381498088889 0.74811574094447
28.5000000000001 15.7301010471701 24.2352119958347 -2.03579181499063 4.56664939492487 0.748115616667899
28.6000000000001 15.5199359771242 24.6888256323728 -2.16748165173198 4.50563578877694 0.74811549239135
28.7000000000001 15.2966932633075 25.1361480376617 -2.29734506362761 4.44082557548491 0.748115368114823
28.8000000000001 15.060561020739 25.5768022821551 -2.42527262321242 4.37227336724326 0.748115243838318
28.9000000000001 14.8117382256055 26.0104170552167 -2.55115653426261 4.30003692938232 0.748115119561835
29.0000000000001 14.5504345475946 26.4366269779992 -2.67489072262855 4.22417713169243 0.748114995285374
29.1000000000001 14.2768701732178 26.8550729113251 -2.79637092561652 4.14475789713222 0.748114871008935
29.2000000000001 13.9912756202705 27.2654022583099 -2.91549477984408 4.06184614796422 0.748114746732518
29.3000000000001 13.6938915435879 27.6672692614722 -3.03216190749496 3.97551174936306 0.748114622456124
29.4000000000001 13.3849685322579 28.0603352940808 -3.14627400090078 3.88582745054397 0.748114498179751
29.5000000000001 13.0647668984636 28.4442691454932 -3.25773490537849 3.79286882346105 0.7481143739034
29.6000000000002 12.7335564581331 28.8187473002444 -3.36645070025349 3.69671419912694 0.748114249627072
29.7000000000002 12.3916163035803 29.1834542106521 -3.4723297780003 3.59744460160775 0.748114125350765
29.8000000000002 12.0392345683302 29.5380825627079 -3.57528292143418 3.49514367974862 0.748114001074481
29.9000000000002 11.6767081843244 29.8823335350294 -3.67522337888834 3.38989763668761 0.748113876798219
30.0000000000002 11.3043426317141 30.2159170506576 -3.77206693731382 3.28179515721723 0.748113752521978
30.1000000000002 10.9224516814493 30.5385520214845 -3.86573199324005 3.17092733305487 0.74811362824576
30.2000000000002 10.5313571308824 30.8499665851074 -3.95613962153657 3.05738758608508 0.748113503969564
30.3000000000002 10.1313885326076 31.1498983339083 -4.0432136419178 2.94127158963833 0.74811337969339
30.4000000000002 9.72288291676708 31.4380945361669 -4.12688068313499 2.82267718787272 0.748113255417238
30.5000000000002 9.30618450705446 31.7143123490204 -4.20707024480102 2.7017043133264 0.748113131141108
30.6000000000002 8.88164443065834 31.9783190230898 -4.2837147567962 2.57845490271028 0.748113006865
30.7000000000002 8.44962042238785 32.2298920986018 -4.35674963620485 2.453032811012 0.748112882588914
30.8000000000002 8.01047652323078 32.4688195928397 -4.42611334173481 2.32554372398344 0.74811275831285
30.9000000000002 7.5645827735978 32.6949001787664 -4.49174742557384 2.19609506908567 0.748112634036809
31.0000000000002 7.11231490151146 32.907943354668 -4.55359658263944 2.06479592496615 0.748112509760789
31.1000000000002 6.65405400600263 33.107769604676 -4.6116086971804 1.93175692954471 0.748112385484792
31.2000000000002 6.19018623598121 33.294210550032 -4.66573488669094 1.79709018678564 0.748112261208816
31.3000000000002 5.7211024648516 33.467109090968 -4.7159295431004 1.66090917223434 0.748112136932863
31.4000000000002 5.24719796114733 33.6263195390826 -4.76215037120366 1.52332863739838 0.748112012656931
31.5000000000002 4.76887205546208 33.7717077401015 -4.80435842430015 1.38446451305333 0.748111888381022
31.6000000000002 4.28652780395804 33.9031511869189 -4.84251813701118 1.2444338115549 0.748111764105135
31.7000000000002 3.80057164873499 34.0205391228244 -4.87659735524805 1.10335452823977 0.748111639829269
31.8000000000002 3.31141307534632 34.123772634829 -4.90656736330573 0.961345541998098 0.748111515553426
31.9000000000002 2.81946426775055 34.2127647370104 -4.93240290805912 0.818526515101545 0.748111391277605
32.0000000000002 2.32513976098917 34.2874404438086 -4.95408222024173 0.675017792371216 0.748111267001806
32.1000000000002 1.82885609188346 34.3477368332096 -4.97158703278863 0.530940299770467 0.748111142726029
32.2000000000002 1.33103144804452 34.3936030997637 -4.98490259622832 0.386415442508041 0.748111018450274
32.3000000000002 0.832085315492408 34.4250005973935 -4.99401769111064 0.2415650027374 0.748110894174541
32.4000000000002 0.332438125181222 34.4419028719569 -4.99892463745998 0.096511036938433 0.748110769898831
32.5000000000002 -0.167489101271986 34.4442956835362 -4.99961930124616 -0.0486242269319626 0.748110645623142
32.6000000000002 -0.667275106355936 34.4321770184343 -4.99610109786725 -0.193718492433782 0.748110521347476
32.7000000000002 -1.16649875163258 34.4055570908703 -4.98837299264158 -0.338649497695501 0.748110397071831
32.8000000000002 -1.66473937260412 34.3644583343698 -4.97644149830837 -0.48329511843651 0.748110272796208
32.9000000000002 -2.1615771331807 34.3089153828597 -4.96031666953928 -0.627533470873605 0.748110148520608
33.0000000000002 -2.65659337944981 34.2389750414819 -4.94001209446529 -0.771243014424791 0.74811002424503
33.1000000000002 -3.14937099244971 34.1546962471518 -4.91554488322624 -0.914302654123887 0.748109899969474
33.2000000000002 -3.63949473964918 34.0561500188932 -4.88693565355253 -1.05659184265961 0.74810977569394
33.3000000000002 -4.12655162483776 33.9434193979933 -4.85420851339124 -1.19799068195318 0.748109651418427
33.4000000000002 -4.61013123613143 33.8165993780265 -4.81739104059122 -1.33838002418881 0.748109527142937
33.5000000000002 -5.08982609180068 33.6757968248074 -4.77651425966441 -1.47764157221203 0.748109402867469
33.6000000000002 -5.56523198362936 33.5211303863394 -4.73161261564271 -1.61565797921113 0.748109278592023
33.7000000000002 -6.03594831751514 33.3527303928352 -4.6827239450528 -1.75231294759784 0.748109154316599
33.8000000000002 -6.50157845102451 33.170738746894 -4.62988944403297 -1.88749132700386 0.748109030041198
33.9000000000002 -6.9617300276179 32.9753088039266 -4.57315363361915 -2.02107921131068 0.748108905765818
34.0000000000002 -7.41601530726324 32.7666052429305 -4.51256432222925 -2.15296403463093 0.74810878149046
34.1000000000002 -7.86405149315952 32.5448039277231 -4.44817256537735 -2.28303466616039 0.748108657215124
34.2000000000002 -8.30546105429483 32.3100917587505 -4.38003262265185 -2.41118150382074 0.748108532939811
34.3000000000002 -8.73987204356725 32.0626665155958 -4.30820191199377 -2.53729656661409 0.748108408664519
34.4000000000002 -9.16691841120046 31.8027366903209 -4.23274096131362 -2.66127358561156 0.74810828438925
34.5000000000002 -9.58624031319 31.5305213117816 -4.15371335748779 -2.78300809349915 0.748108160114003
34.6000000000002 -9.99748441452023 31.2462497610631 -4.07118569277731 -2.90239751260552 0.748108035838777
34.7000000000002 -10.4003041868965 30.9501615781938 -3.98522750871417 -3.01934124133744 0.748107911563574
34.8000000000002 -10.7943602007418 30.6425062602976 -3.89591123750249 -3.13374073895014 0.748107787288393
34.9000000000002 -11.1793204112116 30.3235430513566 -3.80331214098392 -3.24549960858104 0.748107663013234
35.0000000000002 -11.5548604379856 29.9935407237607 -3.70750824721867 -3.35452367847705 0.748107538738097
35.1000000000002 -11.9206638386023 29.6527773518281 -3.60858028473565 -3.46072108134675 0.748107414462982
35.2000000000002 -12.2764223751029 29.3015400774879 -3.50661161450711 -3.56400233177089 0.748107290187889
35.3000000000002 -12.6218362737634 28.9401248683219 -3.40168815970505 -3.66428040160569 0.748107165912818
35.4000000000002 -12.9566144776934 28.5688362681695 -3.29389833329873 -3.76147079331561 0.748107041637769
35.5000000000002 -13.2804748920902 28.1879871405062 -3.18333296355407 -3.8554916111737 0.748106917362743
35.6000000000002 -13.5931446219407 27.7978984048117 -3.07008521749798 -3.94626363026953 0.748106793087738
35.7000000000002 -13.8943602019714 27.3988987661493 -2.95425052241186 -4.03371036326664 0.748106668812756
35.8000000000002 -14.1838678186527 26.9913244381858 -2.83592648542061 -4.11775812485312 0.748106544537795
35.9000000000002 -14.4614235240697 26.5755188598835 -2.7152128112448 -4.19833609383116 0.748106420262857
36.0000000000002 -14.7267934414801 26.1518324061044 -2.59221121818535 -4.2753763727931 0.74810629598794
36.1000000000002 -14.9797539623861 25.7206220923703 -2.46702535241155 -4.34881404533386 0.748106171713046
36.2000000000002 -15.2200919349531 25.2822512740263 -2.3397607006245 -4.41858723075139 0.748106047438174
36.3000000000002 -15.4476048436179 24.8370893400635 -2.21052450116978 -4.48463713618914 0.748105923163324
36.4000000000002 -15.6621009797338 24.3855114018563 -2.07942565367405 -4.54690810617656 0.748105798888495
36.5000000000002 -15.8633996031098 23.9278979770788 -1.94657462728185 -4.60534766952599 0.748105674613689
36.6000000000003 -16.0513310943068 23.4646346690653 -1.81208336756987 -4.65990658354622 0.748105550338905
36.7000000000003 -16.2257370975637 22.9961118418855 -1.67606520221715 -4.71053887553571 0.748105426064143
36.8000000000003 -16.3864706542318 22.5227242914082 -1.53863474551062 -4.75720188152031 0.748105301789403
36.9000000000003 -16.5333963266055 22.0448709126306 -1.39990780176666 -4.79985628220293 0.748105177514686
37.0000000000003 -16.6663903120452 21.5629543635539 -1.26000126774975 -4.8384661360949 0.74810505323999
37.1000000000003 -16.7853405472964 21.0773807258877 -1.11903303417069 -4.87299890980099 0.748104928965316
37.2000000000003 -16.8901468029156 20.5885591628698 -0.977121886347281 -4.90342550543267 0.748104804690665
37.3000000000003 -16.9807207677258 20.0969015744891 -0.83438740411121 -4.92972028512647 0.748104680416035
37.4000000000003 -17.0569861232287 19.6028222504031 -0.690949861045434 -4.95186109264682 0.748104556141428
37.5000000000003 -17.1188786079111 19.1067375208409 -0.546930123137021 -4.96982927205506 0.748104431866842
37.6000000000003 -17.1663460713922 18.6090654057882 -0.402449546930828 -4.98360968342906 0.748104307592279
37.7000000000003 -17.1993485183652 18.1102252627465 -0.257629877269823 -4.99319071562004 0.748104183317738
37.8000000000003 -17.2178581422967 17.6106374333676 -0.112593144708247 -4.99856429603594 0.748104059043219
37.9000000000003 -17.2218593488554 17.1107228892571 0.0325384373159743 -4.99972589744305 0.748103934768722
38.0000000000003 -17.2113487690503 16.6109028772478 0.177642575462892 -4.99667454178021 0.748103810494246
38.1000000000003 -17.1863352620673 16.1115985644416 0.322596999539511 -4.98941280098233 0.748103686219793
38.2000000000003 -17.146839907802 15.6132306833182 0.467279565529248 -4.97794679481255 0.748103561945362
38.3000000000003 -17.0928959890947 15.1162191772098 0.611568358515039 -4.96228618570485 0.748103437670953
38.4000000000003 -17.0245489636833 14.6209828464416 0.755341795409393 -4.94244417062153 0.748103313396567
38.5000000000003 -16.941856425896 14.1279389954352 0.89847872740481 -4.91843746993228 0.748103189122202
38.6000000000003 -16.8448880581187 13.6375030810721 1.04085854205824 -4.89028631332439 0.748103064847859
38.7000000000003 -16.7337255720756 13.1500883626147 1.18236126492355 -4.85801442275579 0.748102940573538
38.8000000000003 -16.6084626399734 12.6661055534788 1.32286766064642 -4.82164899246543 0.74810281629924
38.9000000000003 -16.4692048155679 12.1859624751517 1.46225933343635 -4.78122066605781 0.748102692024963
39.0000000000003 -16.3160694452182 11.7100637135468 1.60041882683132 -4.73676351068086 0.748102567750709
39.1000000000003 -16.1491855690039 11.2388102780849 1.73722972267076 -4.68831498831911 0.748102443476477
39.2000000000003 -15.9686938119896 10.7725992637894 1.87257673919378 -4.6359159242262 0.748102319202266
39.3000000000003 -15.774746265726 10.3118235166795 2.00634582817964 -4.5796104725234 0.748102194928078
39.4000000000003 -15.5675063600907 9.85687130274452 2.13842427104886 -4.51944607899308 0.748102070653912
39.5000000000003 -15.3471487255735 9.40812598077701 2.26870077384393 -4.45547344109853 0.748101946379768
39.6000000000003 -15.1138590461243 8.96596567934102 2.39706556100947 -4.38774646526384 0.748101822105646
39.7000000000003 -14.8678339026869 8.53076297814785 2.52341046789302 -4.31632222144967 0.748101697831546
39.8000000000003 -14.6092806075507 8.10288459410728 2.64762903188831 -4.24126089506346 0.748101573557468
39.9000000000003 -14.3384170296594 7.68269107231923 2.76961658214438 -4.16262573624438 0.748101449283412
40.0000000000003 -14.0554714110249 7.27053648226595 2.88927032776485 -4.08048300656582 0.748101325009378
40.1000000000003 -13.7606821743997 6.86676811946097 3.00648944442303 -3.99490192320039 0.748101200735366
40.2000000000003 -13.4542977223718 6.47172621280603 3.12117515931997 -3.90595460059439 0.748101076461377
40.3000000000003 -13.1365762280489 6.08574363790269 3.23323083441374 -3.81371598970096 0.748100952187409
40.4000000000003 -12.8077854175107 5.70914563656014 3.34256204784992 -3.71826381482308 0.748100827913464
40.5000000000003 -12.468202344211 5.3422495427356 3.44907667352459 -3.61967850811967 0.74810070363954
40.6000000000003 -12.1181131555204 4.98536451513822 3.55268495871285 -3.51804314182995 0.748100579365639
40.7000000000003 -11.7578128516064 4.63879127672176 3.6532995996974 -3.41344335827318 0.748100455091759
40.8000000000003 -11.3876050368532 4.30282186128565 3.75083581533351 -3.30596729768275 0.748100330817902
40.9000000000003 -11.007801664032 3.97773936739787 3.84521141848835 -3.19570552393551 0.748100206544067
41.0000000000003 -10.6187227714364 3.66381771984707 3.9363468852945 -3.08275094823876 0.748100082270254
41.1000000000003 -10.2206962132043 3.36132143882486 4.02416542215925 -2.9671987508394 0.748099957996463
41.2000000000003 -9.81405738305494 3.07050541703283 4.10859303047331 -2.84914630082105 0.748099833722694
41.3000000000003 -9.39914893167166 2.79161470490212 4.1895585689643 -2.72869307405684 0.748099709448947
41.4000000000003 -8.97632047797054 2.52488430410642 4.26699381364259 -2.60594056938691 0.748099585175222
41.5000000000003 -8.54592831449704 2.27053896954257 4.34083351528881 -2.48099222309131 0.748099460901519
41.6000000000003 -8.10833510719939 2.02879301994542 4.41101545443484 -2.35395332173037 0.748099336627838
41.7000000000003 -7.66390958983144 1.79985015729668 4.47748049379168 -2.22493091342596 0.74809921235418
41.8000000000003 -7.21302625324272 1.58390329517987 4.54017262808023 -2.09403371765843 0.748099088080543
41.9000000000003 -6.75606502981735 1.38113439622599 4.59903903122288 -1.96137203365513 0.748098963806928
42.0000000000003 -6.29341097332776 1.19171431878693 4.65403010085617 -1.82705764744794 0.748098839533336
42.1000000000003 -5.82545393447302 1.01580267296575 4.70509950012707 -1.69120373767784 0.748098715259765
42.2000000000003 -5.35258823237512 0.853547686125233 4.75220419673753 -1.55392478022609 0.748098590986217
42.3000000000003 -4.87521232231013 0.705086077987965 4.79530449920454 -1.41533645175237 0.748098466712691
42.4000000000003 -4.39372845995399 0.570542945433178 4.83436409030508 -1.275555532221 0.748098342439186
42.5000000000003 -3.90854236242619 0.450031657087506 4.86935005767777 -1.13469980649762 0.748098218165704
42.6000000000003 -3.42006286641659 0.343653757798391 4.90023292155545 -0.992887965099007 0.748098093892244
42.7000000000003 -2.92870158368377 0.251498883070688 4.92698665960537 -0.850239504179867 0.748097969618806
42.8000000000003 -2.43487255421495 0.17364468353853 4.94958872885589 -0.706874624840721 0.74809784534539
42.9000000000003 -1.93899189733998 0.110156759536117 4.96802008469151 -0.562914131841825 0.748097721071996
43.0000000000003 -1.44147746109312 0.0610886058225482 4.98226519689989 -0.41847933180843 0.748097596798624
43.1000000000003 -0.942748470118342 0.0264815665072799 4.99231206275761 -0.273691931013175 0.748097472525274
43.2000000000003 -0.443225172414612 0.00636480021418011 4.99815221714344 -0.128673932821739 0.748097348251947
43.3000000000003 0.0566715147810227 0.000755255513541949 4.9997807396708 0.0164524651118332 0.748097223978641
43.4000000000003 0.556520359674236 0.00965765664274911 4.99719625883319 0.161564973813496 0.748097099705357
43.5000000000003 1.05590017085921 0.0330644995276263 4.99040095315926 0.306541316034504 0.748096975432096
43.6000000000003 1.55439015223034 0.0709560581078254 4.97940054937647 0.451259329286816 0.748096851158856
43.7000000000004 2.05157025756074 0.123300400960914 4.96420431758489 0.595597068781772 0.748096726885639
43.8000000000004 2.54702154444888 0.190053418211161 4.94482506344525 0.739432910185317 0.748096602612443
43.9000000000004 3.04032652733498 0.271158858700333 4.92127911738779 0.882645652103177 0.74809647833927
44.0000000000004 3.53106952928974 0.366548377389192 4.89358632085099 1.02511461820963 0.748096354066119
44.1000000000004 4.01883703227908 0.476141592949743 4.86177000956178 1.16671975893382 0.74809622979299
44.2000000000004 4.5032180256095 0.599846155499689 4.82585699387141 1.30734175261793 0.748096105519883
44.3000000000004 4.98380435226076 0.737557824422045 4.78587753616338 1.44686210606194 0.748095981246798
44.4000000000004 5.46019105281379 0.889160556204304 4.74186532535263 1.58516325437033 0.748095856973734
44.5000000000004 5.93197670668411 1.05452660222316 4.69385744849739 1.72212866001652 0.748095732700694
44.6000000000004 6.3987637703733 1.23351661639236 4.64189435954759 1.85764291104153 0.748095608427675
44.7000000000004 6.86015891245341 1.42597977258305 4.5860198452563 1.9915918183043 0.748095484154678
44.8000000000004 7.31577334500201 1.63175389171751 4.52628098828274 2.1238625117015 0.748095359881703
44.9000000000004 7.7652231512087 1.85066557842942 4.46272812751807 2.25434353527586 0.748095235608751
45.0000000000004 8.208129608877 2.08253036717526 4.39541481566741 2.38292494113295 0.74809511133582
45.1000000000004 8.64411950954896 2.32715287767388 4.3243977741237 2.50949838208711 0.748094987062912
45.2000000000004 9.07282547298365 2.58432697954323 4.24973684517161 2.63395720295857 0.748094862790025
45.3000000000004 9.4938862567245 2.85383596599541 4.17149494156158 2.75619653044482 0.748094738517161
45.4000000000004 9.9069470604947 3.1354527364439 4.08973799349667 2.87611336149046 0.748094614244319
45.5000000000004 10.3116598251641 3.42893998786885 4.00453489307673 2.99360665008115 0.748094489971498
45.6000000000004 10.7076835260357 3.73405041477933 3.91595743624681 3.1085773923884 0.7480943656987
45.7000000000004 11.0946844602046 4.05052691760401 3.82408026229869 3.22092871019354 0.748094241425924
45.8000000000004 11.4723365277473 4.37810281933466 3.72898079097652 3.33056593252063 0.74809411715317
45.9000000000004 11.8403215065045 4.71650209023994 3.63073915723948 3.4373966754093 0.748093992880438
46.0000000000004 12.1983293202255 5.06543958046 3.52943814373667 3.54133091976062 0.748093868607728
46.1000000000004 12.5460582998488 5.4246212602862 3.42516311105075 3.64228108719011 0.74809374433504
46.2000000000004 12.8832154376982 5.79374446792305 3.31800192576957 3.74016211382416 0.748093620062374
46.3000000000004 13.2095166343804 6.17249816452403 3.20804488644593 3.83489152197758 0.748093495789731
46.4000000000004 13.5246869381765 6.56056319628603 3.09538464750829 3.92638948965198 0.748093371517109
46.5000000000004 13.828460776725 6.95761256338184 2.98011614118616 4.01457891779625 0.748093247244509
46.6000000000004 14.1205821808012 7.36331169550381 2.86233649751632 4.09938549527268 0.748093122971932
46.7000000000004 14.4008050000048 7.77731873378675 2.74214496249693 4.18073776147383 0.748092998699376
46.8000000000004 14.6688931101739 8.19928481887235 2.61964281445881 4.25856716653736 0.748092874426843
46.9000000000004 14.9246206123503 8.62885438487239 2.49493327872413 4.33280812910826 0.748092750154332
47.0000000000004 15.1677720231283 9.06566545898312 2.36812144062452 4.4033980915996 0.748092625881842
47.1000000000004 15.3981424562279 9.50934996649832 2.2393141569519 4.4702775729054 0.748092501609375
47.2000000000004 15.6155377951369 9.95953404096388 2.10861996591663 4.53339021852105 0.74809237733693
47.3000000000004 15.8197748566798 10.4158383392128 1.97614899568882 4.59268284802922 0.748092253064507
47.4000000000004 16.0106815453722 10.877878361015 1.84201287159993 4.64810549991111 0.748092128792106
47.5000000000004 16.1880969984332 11.3452647730725 1.70632462208278 4.69961147364529 0.748092004519727
47.6000000000004 16.3518717213327 11.817603737087 1.56919858342935 4.7471573690588 0.74809188024737
47.7000000000004 16.5018677137584 12.2944972416242 1.43075030344642 4.79070312289713 0.748091755975035
47.8000000000004 16.6379585858987 12.7755434374932 1.2910964440905 4.83021204258243 0.748091631702722
47.9000000000004 16.760029664941 13.2603369763607 1.15035468316384 4.86565083713149 0.748091507430432
48.0000000000004 16.8679780916976 13.7484693523137 1.00864361515455 4.89698964520735 0.748091383158163
48.1000000000004 16.9617129072763 14.2395292460817 0.866082651304205 4.92420206028097 0.748091258885917
48.2000000000004 17.0411551297237 14.7331028716312 0.722791918987384 4.94726515288177 0.748091134613692
48.3000000000004 17.1062378205764 15.2287743248371 0.578892160487643 4.96615948991822 0.748091010341489
48.4000000000004 17.1569061412636 15.7261259339398 0.434504631255443 4.98086915105228 0.748090886069309
48.5000000000004 17.1931173993143 16.2247386114914 0.289750997733661 4.99138174211386 0.748090761797151
48.6000000000004 17.2148410843287 16.7241922074946 0.1447532348368 4.99768840554401 0.748090637525014
48.7000000000004 17.222058893686 17.2240658634375 -0.000366476829711498 4.99978382785793 0.7480905132529
48.8000000000004 17.2147647479645 17.7239383669244 -0.145485853923523 4.99766624412176 0.748090388980808
48.9000000000004 17.1929647960618 18.2233885066056 -0.290482613405917 4.99133743943911 0.748090264708738
49.0000000000004 17.1566774100118 18.7219954271057 -0.435234575582095 4.98080274744625 0.74809014043669
49.1000000000004 17.1059331695015 19.2193389836524 -0.579619767054356 4.96607104581715 0.748090016164664
49.2000000000004 17.0407748361009 19.7150000961057 -0.723516523501429 4.94715474878219 0.74808989189266
49.3000000000004 16.9612573172286 20.2085611020906 -0.866803592197345 4.92406979666683 0.748089767620678
49.4000000000004 16.8674476198828 20.699606108935 -1.00936023418347 4.89683564245907 0.748089643348718
49.5000000000004 16.7594247941761 21.187721344116 -1.15106632600758 4.86547523541702 0.748089519076781
49.6000000000004 16.6372798667229 21.6724955039197 -1.29180246094431 4.83001500173037 0.748089394804865
49.7000000000004 16.501115763935 22.1535201000211 -1.4314500496116 4.79048482225205 0.748089270532972
49.8000000000004 16.3510472252898 22.6303898036906 -1.56989141989843 4.7469180073189 0.7480891462611
49.9000000000004 16.187200706644 23.1027027873394 -1.70700991611959 4.69935126868254 0.748089021989251
50.0000000000004 16.0097142736757 23.5700610631133 -1.84268999731397 4.64782468857404 0.748088897717423
50.1000000000004 15.8187374855427 24.0320708182516 -1.9768173346035 4.59238168592852 0.748088773445618
50.2000000000004 15.614431268856 24.4883427469284 -2.10927890753076 4.53306897979817 0.748088649173835
50.3000000000004 15.3969677820756 24.9384923782946 -2.23996309929403 4.4699365499844 0.748088524902073
50.4000000000004 15.1665302704408 25.3821404004472 -2.36875979079954 4.40303759492243 0.748088400630334
50.5000000000004 14.9233129115592 25.8189129800508 -2.49556045345171 4.33242848685368 0.748088276358617
50.6000000000004 14.6675206517832 26.2484420773425 -2.62025824060309 4.25816872432389 0.748088152086922
50.7000000000005 14.3993690335128 26.6703657562551 -2.74274807758714 4.1803208820468 0.748088027815249
50.8000000000005 14.1190840135694 27.0843284893967 -2.8629267502577 4.09895055817585 0.748087903543598
50.9000000000005 13.8269017727945 27.4899814576308 -2.98069299196082 4.01412631902815 0.74808777927197
51.0000000000005 13.5230685170326 27.8869828440026 -3.09594756886549 3.92591964130737 0.748087655000363
51.1000000000005 13.2078402696678 28.2749981217661 -3.20859336358142 3.83440485187435 0.748087530728778
51.2000000000005 12.8814826558863 28.6537003362673 -3.31853545699346 3.73965906511588 0.748087406457216
51.3000000000005 12.5442706788497 29.0227703804473 -3.42568120824358 3.64176211796483 0.748087282185675
51.4000000000005 12.1964884879649 29.3818972637323 -3.52994033279316 3.54079650262599 0.748087157914157
51.5000000000005 11.8384291394477 29.7307783740845 -3.63122497849972 3.43684729706461 0.74808703364266
51.6000000000005 11.4703943493807 30.0691197329934 -3.72944979964397 3.33000209331605 0.748086909371186
51.7000000000005 11.0926942394751 30.3966362431908 -3.82453202884491 3.22035092367695 0.748086785099734
51.8000000000005 10.7056470757485 30.7130519288836 -3.91639154680226 3.10798618484027 0.748086660828304
51.9000000000005 10.3095790003404 31.0181001682991 -4.00495094980753 2.99300256003789 0.748086536556895
52.0000000000005 9.90482375669184 31.3115239183496 -4.0901356149668 2.87549693925659 0.748086412285509
52.1000000000005 9.49172240831875 31.5930759312242 -4.17187376308027 2.75556833759449 0.748086288014145
52.2000000000005 9.07062305141788 31.8625189627276 -4.25009651912566 2.63331781182685 0.748086163742803
52.3000000000005 8.64188052154663 32.1196259721895 -4.3247379702943 2.50884837525146 0.748086039471483
52.4000000000005 8.20585609462407 32.3641803137753 -4.39573522153126 2.38226491088544 0.748085915200185
52.5000000000005 7.76291718250516 32.5959759190383 -4.46302844853255 2.25367408308651 0.74808579092891
52.6000000000005 7.31343702338457 32.814817470559 -4.52656094815476 2.12318424767327 0.748085666657656
52.7000000000005 6.8577943672912 33.020520566525 -4.58627918619471 1.99090536062028 0.748085542386424
52.8000000000005 6.39637315693811 33.2129118761128 -4.64213284249883 1.85694888540466 0.748085418115215
52.9000000000005 5.92956220419714 33.3918292855408 -4.69407485336423 1.72142769908257 0.748085293844027
53.0000000000005 5.45775486247048 33.5571220346708 -4.74206145119579 1.58445599717447 0.748085169572862
53.1000000000005 4.98134869523554 33.708650844042 -4.78605220138573 1.44614919743949 0.748085045301718
53.2000000000005 4.50074514104228 33.8462880322309 -4.82601003638483 1.30662384261984 0.748084921030597
53.3000000000005 4.01634917524532 33.9699176234386 -4.86190128693627 1.16599750223732 0.748084796759498
53.4000000000005 3.52856896875587 34.0794354452142 -4.89369571044603 1.02438867352467 0.748084672488421
53.5000000000005 3.037815544101 34.1747492162324 -4.92136651646583 0.881916681575159 0.748084548217366
53.6000000000005 2.54450242908013 34.2557786240509 -4.94489038926715 0.738701578794631 0.748084423946333
53.7000000000005 2.04904530831053 34.322455392783 -4.96424750748735 0.59486404374073 0.748084299675322
53.8000000000005 1.55186167295543 34.3747233406266 -4.97942156083122 0.450525279434484 0.748084175404333
53.9000000000005 1.05337046893001 34.4125384272038 -4.99039976381407 0.305806911230002 0.748084051133366
54.0000000000005 0.553991743881533 34.4358687906679 -4.9971728665346 0.160830884328302 0.748083926862421
54.1000000000005 0.0541462932412449 34.4446947745501 -4.99973516246864 0.0157193610216491 0.748083802591498
54.2000000000005 -0.445744694353803 34.4390089443199 -4.99808449327698 -0.129405382245021 0.748083678320597
54.3000000000005 -0.945259991970191 34.4188160936481 -4.9922222506235 -0.274421057908845 0.748083554049719
54.4000000000005 -1.44397868931978 34.3841332403648 -4.98215337500182 -0.419205470333134 0.748083429778862
54.5000000000005 -1.94148054743446 34.3349896121178 -4.96788635157168 -0.563636618773986 0.748083305508028
54.6000000000005 -2.4373463527752 34.271426621742 -4.94943320300835 -0.707592800182663 0.748083181237215
54.7000000000005 -2.93115827047692 34.1934978323608 -4.92680947937127 -0.850952711757101 0.748083056966425
54.8000000000005 -3.42250019643162 34.1012689122505 -4.90003424500033 -0.993595553156133 0.748082932695657
54.9000000000005 -3.91095810791298 33.9948175795027 -4.86913006245097 -1.13540112829031 0.74808280842491
55.0000000000005 -4.39612041244717 33.8742335365346 -4.83412297348144 -1.27624994660352 0.748082684154186
55.1000000000005 -4.87757829463562 33.7396183944999 -4.79504247710847 -1.41602332376014 0.748082559883484
55.2000000000005 -5.35492606063779 33.5910855876655 -4.75192150474963 -1.55460348165268 0.748082435612804
55.3000000000005 -5.82776148002347 33.4287602778254 -4.70479639247352 -1.691873647646 0.748082311342146
55.4000000000005 -6.29568612470664 33.2527792488324 -4.653706850381 -1.82771815297404 0.74808218707151
55.5000000000005 -6.75830570467526 33.0632907913371 -4.59869592914335 -1.96202253020651 0.748082062800896
55.6000000000005 -7.21523040023412 32.8604545778305 -4.53980998372563 -2.09467360970326 0.748081938530304
55.7000000000005 -7.66607519048075 32.6444415280957 -4.47709863432557 -2.225559614975 0.748081814259735
55.8000000000005 -8.11046017773768 32.4154336651828 -4.41061472456123 -2.35457025687012 0.748081689989187
55.9000000000005 -8.54801090766755 32.1736239620274 -4.34041427694233 -2.48159682650825 0.748081565718662
56.0000000000005 -8.97835868480143 31.9192161788421 -4.26655644566311 -2.60653228688212 0.748081441448158
56.1000000000005 -9.40114088321449 31.6524246914192 -4.18910346675614 -2.7292713630507 0.748081317177677
56.2000000000005 -9.81600125208712 31.373474310487 -4.10812060564939 -2.84971063084748 0.748081192907217
56.3000000000005 -10.2225902158941 31.0826000922745 -4.0236761021706 -2.96774860402925 0.74808106863678
56.4000000000005 -10.620565168969 30.7800471404421 -3.93584111304529 -3.08328581979187 0.748080944366365
56.5000000000005 -11.0095907641951 30.4660703995464 -3.84468965193694 -3.196224922581 0.748080820095971
56.6000000000005 -11.3893391955806 30.1409344402127 -3.75029852707974 -3.30647074612718 0.7480806958256
56.7000000000005 -11.7594904744783 29.8049132361957 -3.65274727655665 -3.41393039363613 0.748080571555251
56.8000000000005 -12.1197326992194 29.4582899335178 -3.55211810127709 -3.51851331606664 0.748080447284924
56.9000000000005 -12.4697623179315 29.1013566118777 -3.44849579571092 -3.6201313884302 0.748080323014619
57.0000000000005 -12.8092843843217 28.7344140385313 -3.34196767643697 -3.71869898404799 0.748080198744336
57.1000000000005 -13.1380128062078 28.357771414853 -3.23262350856634 -3.81413304670271 0.748080074474075
57.2000000000005 -13.4556705865886 27.9717461157887 -3.12055543010256 -3.90635316062438 0.748079950203837
57.3000000000005 -13.7619900570508 27.5766634224231 -3.00585787430217 -3.99528161825124 0.74807982593362
57.4000000000005 -14.0567131033141 27.1728562478834 -2.88862749010133 -4.08084348570859 0.748079701663425
57.5000000000005 -14.3395913827269 26.7606648568138 -2.76896306067542 -4.16296666595037 0.748079577393253
57.6000000000005 -14.6103865335273 26.3404365786534 -2.6469654202002 -4.24158195951035 0.748079453123102
57.7000000000005 -14.8688703756937 25.9125255149629 -2.52273736888484 -4.31662312281167 0.748079328852974
57.8000000000006 -15.1148251032162 25.4772922410438 -2.39638358634818 -4.38802692398569 0.748079204582867
57.9000000000006 -15.3480434676262 25.035103502103 -2.26801054341149 -4.45573319615294 0.748079080312783
58.0000000000006 -15.5683289526298 24.5863319042182 -2.13772641238179 -4.51968488812149 0.748078956042721
58.1000000000006 -15.7754959396984 24.1313556003655 -2.00564097590153 -4.57982811245985 0.74807883177268
58.2000000000006 -15.9693698644751 23.670557971772 -1.8718655344413 -4.63611219090399 0.748078707502662
58.3000000000006 -16.1497873638679 23.2043273048637 -1.7365128125136 -4.68848969706022 0.748078583232666
58.4000000000006 -16.3165964137033 22.7330564640799 -1.59969686368672 -4.73691649636778 0.748078458962692
58.5000000000006 -16.4696564568257 22.2571425608298 -1.46153297447863 -4.7813517832878 0.74807833469274
58.6000000000006 -16.6088385215338 21.7769866188712 -1.32213756721205 -4.82175811568691 0.74807821042281
58.7000000000006 -16.7340253302553 21.2929932363918 -1.18162810191239 -4.85810144638684 0.748078086152903
58.8000000000006 -16.8451113983672 20.8055702450788 -1.04012297733137 -4.89035115185322 0.748077961883017
58.9000000000006 -16.9420031230788 20.3151283664646 -0.897741431179604 -4.91848005799952 0.748077837613153
59.0000000000006 -17.0246188623033 19.8220808658362 -0.754603439652269 -4.94246446308435 0.748077713343312
59.1000000000006 -17.0928890034497 19.3268432040023 -0.610829616332532 -4.96228415768283 0.748077589073492
59.2000000000006 -17.1467560220797 18.8298326872102 -0.466541110557902 -4.97792244171514 0.748077464803695
59.3000000000006 -17.1861745303767 18.3314681155069 -0.321859505335148 -4.9893661385181 0.748077340533919
59.4000000000006 -17.2111113153903 17.8321694298429 -0.176906714889814 -4.9966056059476 0.748077216264166
59.5000000000006 -17.2215453670198 17.3323573582135 -0.0318048819366572 -4.99963474450288 0.748077091994434
59.6000000000006 -17.2174678957163 16.8324530611375 0.113323725242437 -4.99845100246553 0.748076967724725
59.7000000000006 -17.1988823398866 16.3328777767719 0.258356815826324 -4.99305537804905 0.748076843455038
59.8000000000006 -17.1658043629942 15.83405246596 0.40317217950144 -4.98345241855705 0.748076719185373
59.9000000000006 -17.1182618403582 15.3363974575148 0.547647789440794 -4.96965021655098 0.74807659491573
60.0000000000006 -17.0562948356622 14.8403320940338 0.691661905128321 -4.95166040303029 0.748076470646109
