0 0 0 5 0 0.748151036383683
0.6 2.97741660390383 0.259314629166407 4.92471764861352 0.864382097221357 0.748151045583425
1.2 5.86517443860805 1.02945001700312 4.70113750171373 1.70273510773263 0.748151054783168
1.8 8.57631458496947 2.28721511894918 4.33599221596282 2.4898137458044 0.748151063982911
2.4 11.0291966029732 3.99473491913655 3.84027739258279 3.20191674817858 0.748151073182654
3 13.1499569665926 6.10059095879623 3.22892046738104 3.81760058913175 0.748151082382397
3.6 14.8747333128304 8.54136969774836 2.52033120161872 4.31832520840205 0.74815109158214
4.2 16.1515875262304 11.2435720832438 1.73584730976812 4.68901230720357 0.748151100781884
4.8 16.9420697490996 14.1258268234036 0.899091917943198 4.91849940038496 0.748151109981627
5.4 17.2223762204704 17.1013407170607 0.0352622018267799 4.99987595187947 0.748151119181371
6 16.9840660778443 20.0805122533358 -0.829629374693378 4.93069147141336 0.748151128381115
6.6 16.2343155366959 22.9736297777496 -1.66953837163448 4.71302930606472 0.748151137580859
7.2 14.9957017936336 25.6935729751182 -2.45917264793355 4.35344390458894 0.748151146780603
7.8 13.3055231605258 28.1584363196046 -3.17475398253002 3.86276344366558 0.748151155980347
8.4 11.2146759023565 30.2939954920943 -3.79473410685546 3.25576375957157 0.748151165180091
9 8.78612160053287 32.0359424937807 -4.3004435868765 2.55072340415945 0.748151174379835
9.6 6.09299119385816 33.3318221500865 -4.67665401493529 1.76887322371783 0.74815118357958
10.2 3.21638279009163 34.1426116910616 -4.91203658212941 0.933757035518931 0.748151192779324
10.8 0.242919562489187 34.4438958424255 -4.99950322226099 0.0705226539696148 0.748151201979069
11.4 -2.73785872972932 34.2266020417822 -4.93642005450174 -0.794835384338332 0.748151211178814
12 -5.63619204796518 33.4972736404738 -4.72468669738286 -1.63625859289386 0.748151220378559
12.6 -8.36480301412412 32.2778728641495 -4.37067906572977 -2.42840923326351 0.748151229578304
13.2 -10.8415250902943 30.605119465484 -3.885057373093 -3.14743330924516 0.748151238778049
13.8 -12.9917768559649 28.52938498416 -3.2824451212875 -3.77167888117062 0.748151247977795
14.4 -14.7508078749887 26.1131759112046 -2.58098874361162 -4.28234806979127 0.74815125717754
15 -16.0656485225964 23.4292514340798 -1.8018111621878 -4.66406311598296 0.748151266377286
15.6 -16.8967050574099 20.558432442773 -0.968375714425787 -4.90532945053948 0.748151275577031
16.2 -17.2189519061185 17.5871677741861 -0.105779602660479 -4.9988818296538 0.748151284776777
16.8 -17.022685257601 14.6049309823857 0.7600018567185 -4.94190311292408 0.748151293976523
17.4 -16.3138152735418 11.701526025653 1.60289742675494 -4.73610909583057 0.748151303176269
18 -15.1136881162115 8.96438300405001 2.39752503187609 -4.38769684212533 0.748151312376016
18.6 -13.4584431526728 6.47592538083356 3.11995608716813 -3.90715807199733 0.748151321575762
19.2 -11.3979246918889 4.31108796845711 3.7484360587649 -3.30896322544462 0.748151330775508
19.8 -8.99418102553488 2.53506041993443 4.26403955714739 -2.61112571463697 0.748151339975255
20.4 -6.31959597082461 1.20132417570887 4.65124023655929 -1.83465948691588 0.748151349175001
21 -3.45470918010993 0.350041979359716 4.89837833918245 -1.00294623281067 0.748151358374748
21.6 -0.48579085416596 0.00684845858942812 4.99801180493502 -0.141031294305395 0.748151367574495
22.2 2.49775610829495 0.182078190675652 4.94714037393755 0.725130524362851 0.748151376774242
22.8 5.4060882959314 0.870454497623096 4.74729593325815 1.56945653251014 0.748151385973989
23.4 8.15162723525286 2.05124834231851 4.40449638732774 2.36652157986091 0.748151395173737
24 10.6516966371665 3.68890254086236 3.92906444112153 3.0923236829296 0.748151404373484
24.6 12.8310120243069 5.73410249420636 3.3353167530786 3.72500679565669 0.748151413573231
25.2 14.6239477691142 8.12526119621034 2.6411328182818 4.24551895953988 0.748151422772979
25.8 15.9765132754453 10.7903738001452 1.86741656409692 4.63818601441518 0.748151431972727
26.4 16.8479787950482 13.6491858971717 1.03746687121567 4.89118359376057 0.748151441172475
27 17.2121019207596 16.615610213529 0.176275975571646 4.99689319134813 0.748151450372223
27.6 17.0579178230871 19.600318952547 -0.690223121680873 4.95213157702464 0.748151459571971
28.2 16.3900694338131 22.5134337184088 -1.53593757341752 4.75824665323207 0.748151468771719
28.8 15.2286676338094 25.2672320201147 -2.33540041923902 4.42107686574329 0.748151477971468
29.4 13.6086856552169 27.7787888548205 -3.06453747087876 3.95077539087389 0.748151487171216
30 11.5789059343201 29.9724738246715 -3.70139225713764 3.3615043934106 0.748151496370964
30.6 9.20045112848383 31.782228591567 -4.22678719811244 2.67100856205151 0.748151505570713
31.2 6.54494353256446 33.1535560889625 -4.62490109880806 1.90008076446401 0.748151514770462
31.8 3.69234832019898 34.0451615896635 -4.88374557209389 1.07193591266358 0.748151523970211
32.4 0.728565556343649 34.4301962122064 -4.99552604450079 0.211511893474989 0.74815153316996
33 -2.25715650732664 34.2970654201734 -4.95687647390613 -0.655281384876312 0.748151542369709
33.6 -5.17490896084455 33.6497781681305 -4.76896071106264 -1.50234221661809 0.748151551569459
34.2 -7.93682965878446 32.5078261803699 -4.43743745267402 -2.30416309788617 0.748151560769208
34.8 -10.4597490090063 30.9055969977223 -3.97228984138229 -3.036598833015 0.748151569968958
35.4 -12.6676944547942 28.8913384673276 -3.38752484391242 -3.67759361771466 0.748151579168708
36 -14.494178233034 26.5257058576305 -2.70075145998484 -4.20784520451165 0.748151588368457
36.6 -15.8841995172698 23.8799353492532 -1.93265046336949 -4.61138615046953 0.748151597568207
37.2 -16.7959006551951 21.0336989033257 -1.10635164274329 -4.87606464410247 0.748151606767957
37.8 -17.2018276263718 18.0727051035208 -0.246737295466842 -4.99391043236212 0.748151615967708
38.4 -17.0897567640652 15.086118217521 0.620307051860811 -4.96137482855344 0.748151625167458
39 -16.463062846155 12.1638731976004 1.46867213305293 -4.77943757383107 0.748151634367208
39.6000000000001 -15.3406174708101 9.39396747358104 2.27281116945585 -4.45357733435872 0.748151643566959
40.2000000000001 -13.7562207771303 6.8598110902777 3.00850915891913 -3.99360672254783 0.74815165276671
40.8000000000001 -11.757583623319 4.63771498462029 3.65361206105153 -3.41337681037134 0.74815166196646
41.4000000000001 -9.404890872002 2.79459303785021 4.18869392084064 -2.73036003272778 0.748151671166211
42.0000000000001 -6.76898904641009 1.38594710078926 4.59764184157254 -1.96512404086578 0.748151680365962
42.6000000000001 -3.92925293244526 0.454195669025859 4.86814119178798 -1.14071234969505 0.748151689565714
43.2000000000001 -0.971195369540376 0.0273965365494601 4.99204643525928 -0.281950429521451 0.748151698765465
43.8000000000001 2.01610779343454 0.118401892510612 4.96562641720036 0.585301862167473 0.748151707965216
44.4000000000001 4.94270003503803 0.72447130364431 4.78967672041604 1.43492899737999 0.748151717164968
45.0000000000001 7.72045301781057 1.82735423660509 4.46949570801343 2.24134619330201 0.748151726364719
45.6000000000001 10.2657203928439 3.39383963522877 4.01472497409812 2.98026984568433 0.748151735564471
46.2000000000001 12.5018566384714 5.37675600333233 3.43905900695446 3.62944877991004 0.748151744764223
46.8000000000001 14.3615250834055 7.71639187761081 2.75983280760715 4.16933429961221 0.748151753963975
47.4000000000001 15.7887256129241 10.3422939160022 1.99749988178596 4.58366885569794 0.748151763163727
48.0000000000001 16.7404809978818 13.1753884557737 1.17501632449566 4.85997560921466 0.74815177236348
48.6000000000001 17.1881310661919 16.1303626549526 0.317149544223033 4.98993414587351 0.748151781563232
49.2000000000001 17.1181957454495 19.1182335139048 -0.550267556864342 4.96963102835416 0.748151790762984
49.8000000000001 16.5327809879277 22.0490274162341 -1.40111448789087 4.79967764151956 0.748151799962737
50.4000000000001 15.4495153543386 24.834489500114 -2.20976973440148 4.48519178187135 0.748151809162489
51.0000000000001 13.9010191660052 27.3907412728774 -2.95188229784659 4.03564354563998 0.748151818362242
51.6000000000001 11.9339222108324 29.6408064402408 -3.60510497609061 3.46457015627264 0.748151827561995
52.2000000000001 9.60745958284776 31.5169288899798 -4.14976730370146 2.78916831870385 0.748151836761748
52.8000000000001 6.99168793872269 32.9626130287208 -4.5694678878005 2.02977637582409 0.748151845961501
53.4000000000001 4.16537588505666 33.9343250312763 -4.85156830248981 1.2092618609434 0.748151855161255
54.0000000000001 1.2136320230882 34.4028037728773 -4.98757366923551 0.352332888852882 0.748151864361008
54.6000000000001 -1.77465792259007 34.3539419682561 -4.97338846280618 -0.515205878467807 0.748151873560762
55.2000000000001 -4.7095077156908 33.7892109838737 -4.80943983969233 -1.36723028642735 0.748151882760515
55.8000000000001 -7.5025403595841 32.7256165309343 -4.50066477522223 -2.17808336327618 0.748151891960269
56.4000000000001 -10.0696493897262 31.1951865733955 -4.0563613967117 -2.92334792731491 0.748151901160023
57.0000000000001 -12.3335315677877 29.2440068715698 -3.4899089894441 -3.58058186037258 0.748151910359777
57.6000000000001 -14.2260147105801 26.9308332039433 -2.81836510692575 -4.12999390629793 0.748151919559531
58.2000000000001 -15.6901105559706 24.3253220573051 -2.06195191761531 -4.55503964417433 0.748151928759285
58.8000000000001 -16.681730847929 21.505933064329 -1.24344725574295 -4.84291968974349 0.74815193795904
59.4000000000001 -17.1710149643088 18.5575663524038 -0.387498713476452 -4.98496512272018 0.748151947158794
60.0000000000001 -17.1432291085669 15.5690059501126 0.480118570855935 -4.97689853364166 0.748151956358549
