0 0 0 5 0 0.748151036383683
1 5.59412739456234 -4.09297665682806 6.18824343958733 -8.18595331365613 0.74815065877531
2 13.5157010282377 -16.034061317625 9.65489294663456 -15.6962192348604 0.748150281166945
3 25.900053921878 -34.8376094883107 15.1138033260788 -21.9108832939986 0.748149903558584
4 44.5141510815485 -58.9515332989486 22.1143836306106 -26.3169729646003 0.748149525950229
5 70.6107401823425 -86.3854143861725 30.0787899679717 -28.5507995840622 0.748149148341884
6 104.824946926036 -114.874797572322 38.3496220559969 -28.4279780430314 0.748148770733535
7 147.12185032694 -142.068104165654 46.2441865427767 -25.9586463500105 0.748148393125205
8 196.799365180623 -165.720736631101 53.1108480736095 -21.346628813845 0.748148015516863
9 252.546193789041 -183.880352789169 58.3828167591015 -14.9726119171823 0.748147637908533
10 312.550063473616 -195.048016588111 61.6249323041469 -7.36272158294234 0.748147260300221
11 374.647315704203 -198.301923697452 62.5695831291768 0.854904461858451 0.748146882691929
12 436.501499415352 -193.373489330733 61.1387956376527 9.00196460858317 0.748146505083627
13 495.796227009674 -180.669517835828 57.4506703315035 16.4059819298235 0.748146127475345
14 550.426374273659 -161.238624125124 51.8096335231099 22.455811958863 0.748145749867041
15 598.671842128762 -136.684678598246 44.6813092900303 26.6520879470272 0.74814537225876
16 639.339537526759 -109.034420011695 36.6540857988939 28.6484397323937 0.748144994650475
17 671.861854062902 -80.5701638318585 28.3905484019729 28.2800839205633 0.7481446170422
18 696.343523493148 -53.641414706134 20.5727883295925 25.5774254789634 0.748144239433929
19 713.552970925179 -30.4709329888418 13.8461013237626 20.7635480383041 0.748143861825671
20 724.858887246383 -12.9712630333627 8.76572345626312 14.2358000576951 0.748143484217415
21 732.11725424616 -2.58686742360151 5.75100067821027 6.53299677361423 0.748143106609167
22 737.518147637462 -0.17489774500114 5.05077505090324 -1.70905484109033 0.748142729000923
23 743.40496320629 -5.93444334700931 6.72284475723133 -9.81003703663956 0.748142351392685
24 752.080987575562 -19.3900980647436 10.6291933109245 -17.1012762659695 0.748141973784454
25 765.619279673943 -39.4312013392511 16.4473817553415 -22.9809370244101 0.748141596176233
26 785.691555726819 -64.4035146838779 23.6971635134587 -26.9636987239847 0.74814121856801
27 813.430201992275 -92.2457663112415 31.780125038383 -28.7208151598979 0.7481408409598
28 849.33480502507 -120.659793215096 40.0290802344599 -28.1072499696266 0.748140463351594
29 893.230914673109 -147.300236791003 47.7631415206288 -25.1736482621324 0.74814008574339
30 944.284443601896 -169.968134086242 54.3439218447416 -20.162156251859 0.748139708135198
31 1001.07051477647 -186.792425215548 59.2282286063632 -13.4864339547232 0.748139330527016
32 1061.69107407173 -196.384394906728 62.0129000115253 -5.6975107440216 0.748138952918829
33 1123.93155999723 -197.952300219145 62.4680829645641 2.5616978732147 0.748138575310646
34 1185.44369865932 -191.366722802349 60.5562056641288 10.6094579702033 0.748138197702505
35 1243.93933564708 -177.171251371163 56.4350788622406 17.7814890744439 0.74813782009433
36 1297.37930551588 -156.53761264224 50.4448698016646 23.4857953929076 0.748137442486177
37 1344.14174915064 -131.168954327864 43.0800240327784 27.2515304940031 0.748137064878027
38 1383.15598570991 -103.159263430119 34.9484527474668 28.7678620441052 0.748136687269887
39 1413.99088905594 -74.8205237708468 26.7213544008079 27.9096286148004 0.748136309661748
40 1436.89047387906 -48.4918795696336 19.0778124585078 24.7476707896694 0.748135932053623
41 1452.75375415756 -26.346557143726 12.6487422984734 19.5429838177375 0.748135554445498
42 1463.06053648256 -10.2124818532147 7.96481401713911 12.7251744671768 0.748135176837377
43 1469.74927343695 -1.42139697779702 5.41264971084041 4.85700029995311 0.748134799229262
44 1475.05705929001 -0.698938596739178 5.20291080841233 -3.41208162319614 0.748134421621154
45 1481.33497512859 -8.10473994152457 7.35290959918185 -11.3995224114255 0.748134044013052
46 1490.85402525931 -23.0275091437348 11.6851802402619 -18.4460204867144 0.748133666404957
47 1505.61768333416 -44.2354866711864 17.8421271952047 -23.9699418396546 0.748133288796864
48 1527.19652106944 -69.9781175795457 25.3155419882129 -27.5153294260732 0.748132911188781
49 1556.59856968082 -98.1305463190202 33.4885518934427 -28.7895388994853 0.748132533580711
50 1594.18611469653 -126.36900716448 41.6865380186957 -27.68739414034 0.748132155972629
51 1639.64579209397 -152.362633142327 49.2328198885757 -24.299868729792 0.748131778364557
52 1692.01445409194 -173.965851107492 55.5045101945193 -18.9065767796048 0.7481314007565
53 1749.75866957608 -189.395482242023 59.983929333222 -11.952692942476 0.748131023148425
54 1810.90129701019 -197.377929696388 62.3013358602483 -4.01220667803433 0.748130645540369
55 1873.18468221585 -197.254304170311 62.2654457898563 4.25945614856668 0.748130267932341
56 1934.25701030276 -189.034810128593 59.8792216086102 12.1795336139578 0.748129890324321
57 1991.86642983598 -173.397903490422 55.3396277418217 19.0942844635844 0.748129512716292
58 2044.04692578838 -151.634290319328 49.0213726574377 24.4329494056168 0.748129135108259
59 2089.28059890093 -125.540388990538 41.4459795714671 27.7548628834926 0.748128757500234
60 2126.62295654274 -97.270049712294 33.2387387297092 28.7858266140288 0.748128379892227
61 2155.7808732779 -69.1567708107636 25.0770945228447 27.4407425364745 0.748128002284232
62 2177.13678609701 -43.5210864523881 17.6347276802794 23.8306369974836 0.748127624676232
63 2191.71712718464 -22.479024460688 11.5259481260847 18.2534963800115 0.748127247068243
64 2201.10759985495 -7.76744455622043 7.2549884375446 11.1696706244961 0.748126869460259
65 2207.32229097395 -0.600673999508226 5.17438333982571 3.16387489203954 0.74812649185228
66 2212.63742362829 -1.57027425748721 5.4558706880723 -5.10307416079037 0.748126114244307
67 2219.40347247526 -10.5962121807619 8.07621583603734 -12.9488036974032 0.74812573663634
68 2229.8511502017 -26.9334661332444 12.8191294799558 -19.7257093120116 0.748125359028377
69 2245.90727941238 -49.2335217882653 19.2931206741899 -24.8744097739526 0.74812498142042
70 2269.03574830193 -75.655681586976 26.9638113897526 -27.9699196290214 0.748124603812471
71 2300.11667799153 -104.01900012163 35.1980452981002 -28.7567284660978 0.748124226204524
72 2339.37377533347 -131.982304349974 43.3161499403739 -27.1698913265611 0.7481238485966
73 2386.35586764791 -157.237439361145 50.6480384432936 -23.3403894062188 0.748123470988645
74 2439.97414355606 -177.699788746555 56.5885200180407 -17.5843185654387 0.748123093380736
75 2498.59202596539 -191.680343589776 60.6472537873954 -10.3767980527851 0.748122715772806
76 2560.16025888491 -198.025117108826 62.4892226383784 -2.31275307587268 0.748122338164918
77 2622.38605769588 -196.210397348772 61.9623862964276 5.94219168428731 0.748121960557002
78 2682.92236082826 -186.385975550868 59.1102310734987 13.7066542539471 0.748121582949127
79 2739.56156157733 -169.362782030856 54.1681804055 20.3397381892743 0.748121205341233
80 2790.41772899462 -146.545950130156 47.5441624617513 25.2939336300996 0.748120827733361
81 2834.08227692504 -119.818833294988 39.7849388205679 28.1603100111658 0.748120450125477
82 2869.7402319135 -91.3875487790708 31.5309735191239 28.7022701215307 0.748120072517595
83 2897.23750296322 -63.5988796879326 23.4635676893537 26.8750793752502 0.74811969490973
84 2917.09360054736 -38.7465661459065 16.2486234077596 22.8295583030233 0.74811931730187
85 2930.45875501854 -18.8819747549412 10.4816786192961 16.8996334783744 0.748118939694011
86 2939.01897396154 -5.64477411990032 6.63875007807202 9.57477445358391 0.748118562086163
87 2944.85687527264 -0.127592868409642 5.03704184058148 1.45959182379674 0.748118184478319
88 2950.27978312135 -2.78583160046654 5.80876252189887 -6.7760687125359 0.748117806870481
89 2957.62927614667 -13.4000730944808 8.89021249802265 -14.4524169466354 0.748117429262649
90 2969.08790821435 -31.0941935162304 14.0270418213313 -20.9358295940416 0.748117051654822
91 2986.49905544482 -54.4076796893252 20.7952448485526 -25.6911510051029 0.748116674047003
92 3011.21475974886 -81.4161831938326 28.6361586365078 -28.3258661314257 0.748116296439182
93 3043.98412821216 -109.890360481985 36.9025762579838 -28.6224996110042 0.748115918831376
94 3084.89150009752 -137.479887984873 44.9121687392726 -26.5565666778298 0.748115541223582
95 3133.34948530052 -161.907463183051 52.003806050675 -22.2985941871893 0.7481151636158
96 3188.14744887957 -181.156778350002 57.5921282868942 -16.2000449368723 0.748114786008015
97 3247.55143963563 -193.638951186982 61.2158626076346 -8.76430712318596 0.748114408400225
98 3309.44731440801 -198.323674785367 62.5758977480192 -0.605143528493645 0.748114030792447
99 3371.51524427953 -194.824261500002 61.5599733420486 7.60396986067464 0.74811365318468
100 3431.42119855041 -183.429561019031 58.251946146245 15.1854340987706 0.748113275576912
101 3487.00960095652 -165.080118040756 52.9248683084951 21.5134578439136 0.748112897969151
102 3536.48125584841 -141.290537558186 46.0184490178328 26.0657116018826 0.748112520361391
103 3578.54185789843 -114.024465898649 38.1027599022562 28.4664419923583 0.748112142753638
104 3612.50882700677 -85.5325068694049 29.8311800140564 28.5174872876711 0.748111765145903
105 3638.36765000985 -58.166451780933 21.8864644310796 26.2146341309353 0.748111387538179
106 3656.77307861917 -34.1851572259106 14.9243880947098 21.7479653129819 0.748111009930445
107 3668.99508471057 -15.5680939049451 9.51961665077427 15.4861699020496 0.748110632322723
108 3676.8140339387 -3.85195660417331 6.11827223760205 7.94611080417971 0.748110254715009
109 3682.37373028645 -0.00382190950248606 5.00110954917993 -0.249838282461921 0.7481098771073
110 3688.00446158808 -4.3413235085041 6.26034170497908 -8.42516501402815 0.748109499499597
111 3696.03065225282 -16.5064339918615 9.79202877179631 -15.9050592739072 0.7481091218919
112 3708.57899997204 -35.4950172634146 15.3046572061266 -22.0721135390118 0.748108744284212
113 3727.40293324384 -59.7397122345566 22.3432020500596 -26.4172851041529 0.748108366676522
114 3753.73787939123 -87.2393063929178 30.3266857319113 -28.5819136263273 0.748107989068849
115 3788.19928958118 -115.723920455108 38.5961332822925 -28.3873257651129 0.748107611461181
116 3830.73183809151 -142.842369384901 46.4689656325222 -25.8495832848261 0.748107233853541
117 3880.61398903314 -166.356234570675 53.295341248353 -21.1781572766889 0.748106856245858
118 3936.51755357902 -184.324628001776 58.5117955320127 -14.758637933994 0.748106478638212
119 3996.61732170956 -195.26439758739 61.6877504740027 -7.12090705512487 0.748106101030546
120 4058.74171921911 -198.272549905848 62.5610555420207 1.10459961112929 0.748105723422921
121 4120.55205441011 -193.100785332009 61.0596261811416 9.23892997198527 0.74810534581528
122 4179.73555904319 -180.175993244054 57.3073938343183 16.6106578459333 0.74810496820764
123 4234.19628950286 -160.565015589463 51.6140763551955 22.6113040112092 0.748104590600025
124 4282.22813076102 -135.886587306714 44.4496131869574 26.7455614677205 0.748104212992427
125 4322.65562299675 -108.177722242024 36.4053754861139 28.672179204825 0.748103835384807
126 4354.93098672269 -79.7255733731017 28.145352996306 28.2321298356613 0.748103457777198
127 4379.17933774318 -52.8786459811336 20.3513468190743 25.4617360774489 0.748103080169603
128 4396.18835979942 -29.85294666676 13.6666919954091 20.5896725883763 0.748102702562015
129 4407.34328734598 -12.549069112541 8.64315516459864 14.0180906365605 0.74810232495443
130 4414.51256512932 -2.39531475013462 5.69539048869144 6.28942361421756 0.74810194734685
131 4419.89362248854 -0.229797509750505 5.06671315433454 -1.9583866541433 0.748101569739276
132 4425.83149251984 -6.23126399415251 6.80901558503551 -10.0445470866615 0.748101192131708
133 4434.6252476932 -19.9043393370598 10.7784841252699 -17.3016075587379 0.748100814524147
134 4448.33822916708 -40.1204165855637 16.6474697508419 -23.1305537586055 0.748100436916589
135 4468.6277339064 -65.2108145027588 23.9315329697235 -27.0502511939049 0.748100059309045
136 4496.60821761727 -93.1045143322086 32.0294305653203 -28.7371591282692 0.748099681701493
137 4532.75930503964 -121.499106416794 40.272743584949 -28.05203636916 0.748099304093949
138 4576.88620063758 -148.050836347544 47.9810501659981 -25.0514345505209 0.748098926486417
139 4628.13576747811 -170.5680637995 54.5180891087556 -19.9830302287275 0.748098548878881
140 4685.06694711041 -187.192165520958 59.3442783264734 -13.2651810915466 0.748098171271356
141 4745.76970782713 -196.550950330901 62.0612531800614 -5.45239375750597 0.748097793663843
142 4808.02270304598 -197.871922901238 62.4447484017993 2.81044646748414 0.74809741605635
143 4869.47662632886 -191.046047273548 60.4631094592678 10.8413058957826 0.748097038448849
144 4927.84812849618 -176.636746925007 56.279905389527 17.9772990749684 0.748096660841352
145 4981.10829047563 -155.833398498438 50.2404274345083 23.6294048648632 0.74809628323387
146 5027.65009490637 -130.353157930971 42.8431879113141 27.3310855848402 0.748095905626378
147 5066.42107301082 -102.299222477442 34.6987718659279 28.7767960961971 0.748095528018904
148 5097.01017775934 -73.9872280051565 26.4794379889062 27.8472041922571 0.748095150411437
149 5119.68171261923 -47.7541111238039 18.8636288485844 24.6190405478834 0.748094772803977
150 5135.35351533266 -25.765213106626 12.4799706938089 19.3587651913579 0.74809439519652
151 5145.52119748513 -9.83554768521023 7.85538521022412 12.5005732827457 0.74809401758907
152 5152.13469330424 -1.27998568160439 5.37159620404746 4.61055565222229 0.748093639981625
153 5157.43730763315 -0.804722579483928 5.23362125072579 -3.66002763048916 0.748093262374187
154 5163.78054842697 -8.4489875479482 7.45284907947284 -11.6285037492312 0.748092884766755
155 5173.43002792038 -23.5818053872693 11.8460995247315 -18.6371365133955 0.748092507159331
156 5188.37845382717 -44.9540786720824 18.0507436380521 -24.1074174030351 0.748092129551915
157 5210.18114670445 -70.801691112215 25.5546359115998 -27.5878169804324 0.748091751944497
158 5239.8276602532 -98.9911217437362 33.7383879390461 -28.7910551577943 0.748091374337103
159 5277.66010130774 -127.195550622048 41.9264941492423 -27.6178139483339 0.748090996729701
160 5323.3448915678 -153.086919850907 49.4430895778531 -24.1649353963932 0.748090619122321
161 5375.90030192331 -174.52809679167 55.667737303217 -18.7174280110082 0.748090241514916
162 5433.77748662513 -189.749277863139 60.0866407242203 -11.7249415103859 0.748089863907548
163 5494.98832855538 -197.494072160233 62.3350535020265 -3.76465170580134 0.748089486300175
164 5557.26954295659 -197.123206816856 62.227386552472 4.50638090852112 0.748089108692776
165 5618.26949412275 -188.667294036456 59.7725269895009 12.4054464287037 0.748088731085399
166 5675.74230477621 -172.824304280028 55.1731045593435 19.2805379744107 0.748088353478053
167 5727.73323589942 -150.901954181276 48.8087661158975 24.5641698235271 0.748087975870709
168 5772.74003534764 -124.709764622758 41.2048387005244 27.8202189767644 0.74808759826334
169 5809.83693716034 -96.4096987464182 32.9889678473762 28.779923742713 0.748087220656011
170 5838.75107638596 -68.3377085785226 24.8393102876353 27.3640679381937 0.748086843048687
171 5859.88501196678 -42.8109202181009 17.4285573451761 23.6895195696317 0.748086465441359
172 5874.28349859462 -21.9363729635024 11.3684094603224 18.0595842780312 0.748086087834034
173 5883.54725026491 -7.43709948581706 7.15908504116146 10.9389697964715 0.748085710226721
174 5889.70081368316 -0.509902788085579 5.14803129691916 2.91542791115991 0.748085332619411
175 5895.02545755483 -1.72656936399427 5.50124515524325 -5.34875991370856 0.748084955012108
176 5901.87087145847 -10.9866726465673 8.18957150009606 -13.1714487599317 0.74808457740481
177 5912.46121710698 -27.5258624570218 12.9911097047122 -19.9069360531943 0.748084199797519
178 5928.71154096836 -49.978956222865 19.5095298186393 -24.9992593258545 0.748083822190235
179 5952.06970196698 -76.4926242712853 27.2067865487441 -28.0280866257547 0.748083444582958
180 5983.3968619128 -104.87836789587 35.4475307473341 -28.7434116721538 0.748083066975672
181 6022.89640325083 -132.793163037411 43.5515525816698 -27.0861899416516 0.748082689368401
182 6070.09714142082 -157.93285883688 50.8499276058973 -23.1932123347283 0.748082311761137
183 6123.89221751671 -178.222367502635 56.7402313104919 -17.3858141396025 0.74808193415389
184 6182.63046095584 -191.986946786447 60.736264614367 -10.14335128155 0.748081556546649
185 6244.2526808742 -198.090437022362 62.508185844192 -2.06363318881422 0.748081178939408
186 6306.46163644412 -196.029042328437 61.9097366159584 6.18642176317545 0.748080801332167
187 6366.9116563762 -185.972915057737 58.9903143326356 13.9258352169262 0.748080423724923
188 6423.40225597907 -168.752111024023 53.9908948066671 20.5157783400997 0.74808004611771
189 6474.05977018281 -145.788074790726 47.3241415636112 25.4123022138634 0.748079668510496
190 6517.49201012256 -118.976310384643 39.5403436506322 28.2112366158949 0.748079290903281
191 6552.90317757523 -90.5299220620638 31.2819935210586 28.6815511502008 0.748078913296072
192 6580.15955195042 -62.796939630041 23.2307542402122 26.7844250201818 0.748078535688873
193 6599.80052788221 -38.0665067078873 16.0511934604356 22.6764513826109 0.748078158081678
194 6612.9940923547 -18.3799295920913 10.3359284914185 16.696711788093 0.74807778047449
195 6621.44041638187 -5.36218318226731 6.55671031682171 9.33878761343926 0.748077402867311
196 6627.2315190052 -0.0877818530262022 5.02548419395436 1.21001872641567 0.748077025260136
197 6632.67858726355 -2.99208659540445 5.8686409832647 -7.01862773417985 0.748076647652967
198 6640.12120553946 -13.8353693379717 9.01658456143089 -14.6679405177148 0.748076270045806
199 6651.73424092693 -31.7226006596674 14.2094764473224 -21.1065279078143 0.748075892438649
200 6669.34832474318 -55.1773275705042 21.0186834660383 -25.8029342341038 0.748075514831496
201 6694.29874804949 -82.2635433187195 28.8821581116539 -28.3695074339059 0.74807513722435
202 6727.31524368919 -110.745489811716 37.1508312326016 -28.5943967354165 0.748074759617208
203 6768.46175248401 -138.272202193833 45.1421876814325 -26.4590393007971 0.748074382010085
204 6817.13114542367 -162.571562850127 52.1966026724977 -22.1396924420086 0.748074004402967
205 6872.09533749019 -181.637847175899 57.7317887160366 -15.9928849370559 0.748073626795829
206 6931.60665660676 -193.897280656436 61.2908589545642 -8.52598832845108 0.748073249188721
207 6993.54210048594 -198.337941798322 62.5800396442401 -0.355337316287404 0.748072871581601
208 7055.57857408731 -194.593288428637 61.4929189071515 7.84464391558344 0.748072493974516
209 7115.38464318453 -182.972412911512 58.1192302074008 15.3971102110431 0.74807211636741
210 7170.81297626468 -164.434528948347 52.7374455430991 21.6786637848657 0.748071738760325
211 7220.07759016657 -140.509795880276 45.791789729356 26.1708108970572 0.748071361153229
212 7261.90126919892 -113.173015836461 37.8555730660344 28.5027595071704 0.748070983546158
213 7295.6209894287 -84.6806290544424 29.5838689957366 28.4820252927241 0.748070605939085
214 7321.24264617896 -57.3844621512463 21.6594428462508 26.1103197413514 0.748070228332022
215 7339.44056740451 -33.5376029881731 14.7363948225066 21.5834088775464 0.748069850724967
216 7351.50185311351 -15.1084256608716 9.38616908407589 15.2749542852888 0.748069473117919
217 7359.22013518684 -3.61811641610998 6.05038544208012 7.70567022565848 0.748069095510873
218 7364.74752690298 -0.015111476304785 5.00438705472501 -0.499657308454212 0.748068717903834
219 7370.41698259307 -4.59681095958777 6.33451297764946 -8.66374185507788 0.748068340296801
220 7378.54973026583 -16.9850308062555 9.93097154440224 -16.1127012535256 0.748067962689774
221 7391.26367215301 -36.1572189647143 15.4969028242247 -22.2316814150578 0.74806758508275
222 7410.29856823141 -60.5308591808187 22.5728821209384 -26.5156077809337 0.748067207475738
223 7436.87243247201 -88.0940955084354 30.5748419379942 -28.6108753268165 0.748066829868732
224 7471.58099519693 -116.571795495414 38.8422822439663 -28.3445359256168 0.748066452261722
225 7514.34853014984 -143.613344810215 46.6927896530389 -25.7385738774708 0.748066074654742
226 7564.43410512486 -166.986672311991 53.4783653828634 -21.0080912722882 0.748065697047752
227 7620.49274021173 -184.762490292137 58.6389125516264 -14.5435529694448 0.748065319440775
228 7680.68642551545 -195.473542277687 61.7484678508671 -6.87855673475833 0.748064941833785
229 7742.83583469368 -198.23571371999 62.5503615264289 1.3542111386076 0.748064564226829
230 7804.60021152976 -192.821008816805 60.9784034826961 9.47519920159684 0.748064186619854
231 7863.67058129295 -179.676369795212 57.1623467609713 16.8140825767355 0.748063809012903
232 7917.96033877909 -159.886785269705 51.4171774242825 22.7650931024292 0.748063431405948
233 7965.77748146023 -135.085732796632 44.2171148862204 26.8370208177722 0.748063053799002
234 8005.96427122647 -107.320347901684 36.1564687562209 28.6937595513437 0.748062676192071
235 8037.99279672177 -78.8824488372086 27.9005831667839 28.1820498887558 0.748062298585138
236 8062.00854834116 -52.1193646718775 20.1309177499224 25.3441295513387 0.748061920978208
237 8078.81840911077 -29.2401813940196 13.4887984044144 20.4142469950944 0.748061543371283
238 8089.82405271152 -12.1333989173074 8.52248079385816 13.7993260056756 0.748061165764367
239 8096.90624612649 -2.2110499952903 5.64189607510233 6.04537727808644 0.748060788157456
240 8102.26960683615 -0.292147824716967 5.0848142477262 -2.20757055383741 0.748060410550552
241 8108.26062865742 -6.53508283769452 6.89721807870466 -10.2783003423474 0.748060032943655
242 8117.17399678912 -20.4245488048697 10.9295075830522 -17.5006356437339 0.748059655336761
243 8131.06317926221 -40.8140773980118 16.8488483510142 -23.2784284413432 0.748059277729875
244 8151.57092900829 -66.0206703112721 24.1666444624491 -27.1347665615903 0.748058900122998
245 8179.79368729208 -93.9637177891211 32.278868311134 -28.7513390906985 0.748058522516129
246 8216.19108095727 -122.336736908063 40.5159184230924 -27.9947104810331 0.748058144909249
247 8260.54798378872 -148.797753942074 48.1978898907329 -24.9273346225717 0.748057767302387
248 8311.992273532 -171.162616216741 54.6906952750033 -19.8023997531764 0.748057389695519
249 8369.0668188643 -187.58527705065 59.4584036282642 -13.0429297207967 0.748057012088679
250 8429.84975434719 -196.710172653945 62.1074774556085 -5.206866627348 0.748056634481821
251 8492.11311559134 -197.784113447698 62.4192561950629 3.05898298728285 0.748056256874983
252 8553.50674052439 -190.718454040037 60.3680049563083 11.0723370338987 0.748055879268162
253 8611.75225713126 -176.096410208184 56.1230387340916 18.1717549945476 0.748055501661329
254 8664.83114547624 -155.124918926921 50.0347467591658 23.7712347313301 0.748055124054515
255 8711.15135093868 -129.53501502742 42.6056705689743 27.4085824383484 0.74805474644771
256 8749.67869602598 -101.438947625147 34.4490230803401 28.7835631707287 0.748054368840905
257 8780.02224373385 -73.1558302534601 26.2380725947271 27.7826829191948 0.748053991234101
258 8802.46656636787 -47.0202159391416 18.6505696958856 24.4885566614432 0.748053613627311
259 8817.94825628534 -25.1893978700225 12.3128041705972 19.1730891302433 0.748053236020523
260 8827.97861741499 -9.46534149720015 7.74790962189802 12.2750311734797 0.748052858413741
261 8834.51891877402 -1.14594620206856 5.33268282985599 4.36376425563054 0.748052480806967
262 8839.81850684226 -0.917913728974955 5.26648208822353 -3.90769758923688 0.748052103200197
263 8846.22913936812 -8.80006626676748 7.55477171900703 -11.856609026772 0.748051725593433
264 8856.01086591785 -24.1417928332588 12.0086710380184 -18.8268487801146 0.748051347986678
265 8871.14547823049 -45.6767522006786 18.2605450005605 -24.2430773763145 0.748050970379928
266 8893.17292861163 -71.6273995992492 25.7943496395276 -27.6582269775064 0.748050592773186
267 8923.06421876457 -99.8517093255102 33.9882275139988 -28.7904033779558 0.748050215166437
268 8961.14125110404 -128.019982435931 42.165837242636 -27.5461541921335 0.748049837559703
269 9007.05025820718 -153.80714541498 49.6521802649707 -24.0281826247241 0.748049459952983
270 9059.79100359458 -175.084667046681 55.8293167622846 -18.5268701106462 0.748049082346258
271 9117.79934354141 -190.096252233325 60.1873718188847 -11.4963075659789 0.748048704739547
272 9179.0763350776 -197.602810593014 62.3666216589491 -3.51681368527102 0.74804832713282
273 9241.35323330736 -196.984733797826 62.1871860650963 4.75296588931091 0.74804794952613
274 9302.27875879248 -188.293039448495 59.6638760989227 12.6304246829805 0.748047571919451
275 9359.6131775219 -172.245159954364 55.0049715590256 19.4653392842258 0.748047194312787
276 9411.41317366423 -150.165724014955 48.5950290881776 24.6935402678767 0.748046816706107
277 9456.19225528444 -123.877218735658 40.9631399879624 27.8834800249702 0.748046439099442
278 9493.04345277156 -95.5495573767265 32.7392578134944 28.7718536846285 0.748046061492776
279 9521.71418216981 -67.5209697573884 24.6022005683678 27.2853328959821 0.748045683886109
280 9542.62709402385 -42.1049994301558 17.2236195174109 23.5466185144272 0.748045306279453
281 9556.8451868277 -21.3995385190382 11.2125595593182 17.8643125899422 0.748044928672801
282 9565.98406469385 -7.11366292168772 7.06518727245365 10.707445646914 0.748044551066155
283 9572.07858169555 -0.42656129260527 5.12383619551671 2.66676183215193 0.748044173459515
284 9577.41488036311 -1.89020213040189 5.54874983887272 -5.59404245650118 0.748043795852881
285 9584.34168826047 -11.3837730490471 8.30485482264249 -13.3931015859743 0.748043418246254
286 9595.0764486535 -28.1236529187393 13.1646559166601 -20.0866634330033 0.748043040639627
287 9611.52228768675 -50.7280937522409 19.727014018835 -25.1222261522112 0.748042663033016
288 9635.11092601547 -77.3312733453446 27.450257094491 -28.0841429372386 0.748042285426413
289 9666.68450132451 -105.737304505563 35.6968910239892 -28.7279304540351 0.748041907819812
290 9706.42605637242 -133.601488595346 43.7862198230929 -27.0004490501514 0.74804153021322
291 9753.84443023539 -158.623852308478 51.0505318429272 -23.0442890197553 0.748041152606623
292 9807.81479986119 -178.738992712452 56.8902142123652 -17.1860008723077 0.748040775000035
293 9866.67152554005 -192.286560314041 60.8232462510646 -9.90914110563262 0.748040397393455
294 9928.34563661454 -198.148308087256 62.5249865540342 -1.81435834700484 0.748040019786886
295 9990.53560904366 -195.840394124859 61.8549696311731 6.43018555657451 0.748039642180323
296 10050.897338451 -185.553319042742 58.8685002462388 14.1439671424542 0.748039264573786
297 10107.2376278475 -168.136201613575 53.8120884323077 20.6902732914656 0.748038886967206
298 10157.6952191116 -145.026690555693 47.1031019882266 25.5287569804555 0.748038509360653
299 10200.8944254747 -118.132297718923 39.2953159856694 28.2600387565811 0.748038131754112
300 10236.0586838373 -89.6729476976865 31.0332029093 28.6586724260681 0.748037754147576
301 10263.0746540487 -61.9977401860743 22.9987364263233 26.6917538944744 0.748037376541048
302 10282.501574251 -37.3910499285291 15.8550997237518 22.5216371425699 0.748036998934521
303 10295.5251000759 -17.8839692186636 10.1919448556854 16.4925331552451 0.748036621328006
304 10303.8594379146 -5.08665691239463 6.47672151892229 9.10209795868933 0.748036243721496
305 10309.6058504031 -0.0554322499333582 5.01609269068642 0.960354954302296 0.748035866114991
306 10315.0792134049 -3.20558386516626 5.93062196958212 -7.26065780619385 0.748035488508492
307 10322.6169408731 -14.2770909249393 9.14482198417866 -14.8823591755211 0.748035110902
308 10334.386049371 -32.3560858527398 14.3933852960299 -21.275636546742 0.748034733295511
309 10352.2042875843 -55.950287053699 21.2430834839179 -25.9127742420838 0.748034355689027
310 10377.3900952038 -83.1121752508469 29.128526808698 -28.4110123670904 0.748033978082548
311 10410.6537759143 -111.599746176075 37.3988327742136 -28.5641406830565 0.748033600476073
312 10452.0388673177 -139.061570721396 45.3713514546314 -26.3595196676383 0.748033222869609
313 10500.918547251 -163.230887263077 52.3880129770106 -21.9791238067102 0.748032845263176
314 10556.0473731287 -182.112705335339 57.8696461093222 -15.7845210020377 0.748032467656739
315 10615.6640836244 -194.1484766897 61.363784373789 -8.28702792898051 0.748032090050287
316 10677.6369772067 -198.344741415467 62.5820136600096 -0.105504789320895 0.748031712443858
317 10739.6398676524 -194.355130377729 61.4237785808554 8.08472682320676 0.748031334837441
318 10799.3440927666 -182.508955305316 57.9846825404428 15.6076265086398 0.748030957231023
319 10854.6107274722 -163.784026638523 52.5485964078871 21.8422369775099 0.748030579624587
320 10903.6671355616 -139.725942814365 45.5642271651727 26.2739392810693 0.74803020201818
321 10945.253287127 -112.320513036718 37.6080806066443 28.5369306314739 0.748029824411781
322 10978.7257642948 -83.8298440476977 29.3368752336107 28.4444185958942 0.748029446805375
323 11004.1108703945 -56.6056206726322 21.4333352099177 26.0040393670957 0.748029069198982
324 11022.1024588111 -32.8949923887587 14.5498367516978 21.4172274515066 0.748028691592593
325 11034.0046607328 -14.6550884831585 9.25455950686516 15.0625888024169 0.748028313986212
326 11041.6242391786 -3.39147214176282 5.98458771228763 7.46464981808346 0.748027936379837
327 11047.1214546484 -0.0338678370323935 5.00983226598662 -0.749438266039575 0.748027558773467
328 11052.8317522886 -4.85941975859857 6.41075166864763 -8.90166587252316 0.748027181167104
329 11061.0729889189 -17.4698157102818 10.0717107985241 -16.3191295399016 0.748026803560747
330 11073.954111844 -36.824164718333 15.6905257013491 -22.3895749092412 0.748026425954394
331 11093.2010815354 -61.32491455721 22.803406546259 -26.6119335945375 0.748026048348055
332 11120.0144069237 -88.949717363465 30.8232398990015 -28.6376825084613 0.748025670741717
333 11154.9700526612 -117.418358848429 39.0880504060539 -28.2996117505114 0.748025293135376
334 11197.971897696 -144.380972391133 46.9156417515355 -25.6256264906708 0.748024915529054
335 11248.2596693337 -167.61200239055 53.6599066975898 -20.836443609848 0.748024537922726
336 11304.4716978909 -185.193906699545 58.7641582490281 -14.3273732219184 0.748024160316396
337 11364.7573120263 -195.675434922738 61.8070798663017 -6.63568887235289 0.748023782710092
338 11426.9295973833 -198.191417926965 62.5375018915282 1.60372024809539 0.748023405103794
339 11488.6459094942 -192.534180865506 60.8951336622214 9.7107545070131 0.748023027497514
340 11547.6012410016 -179.170685122961 57.0155400369947 17.0162408060792 0.748022649891209
341 11601.7184822224 -159.203984246415 51.2189515597117 22.9171676548557 0.748022272284943
342 11649.3198705156 -134.282175379166 43.9838318969214 26.9264591136458 0.748021894678654
343 11689.2654766315 -106.462361554217 35.9073843528365 28.7131791507267 0.748021517072382
344 11721.047297063 -78.040853710878 27.6562573444065 28.1298478547567 0.748021139466122
345 11744.831185804 -51.3636279478838 19.9115177191789 25.2246147600858 0.748020761859868
346 11761.4431643713 -28.6326833040556 13.3124339439044 20.2372844711748 0.748020384253619
347 11772.3012400935 -11.7242837370551 8.40370942775242 13.5795226404129 0.748020006647372
348 11779.2983605422 -2.03408702172199 5.59052146194847 5.80087614333405 0.748019629041131
349 11784.6461653136 -0.36194398155971 5.10507696418673 -2.45658777629006 0.748019251434897
350 11790.6924322462 -6.84587698693776 6.9874455927767 -10.5112792028589 0.748018873828668
351 11799.72728648 -20.9506872845696 11.0822523087704 -17.6983455359766 0.748018496222444
352 11813.794168305 -41.5121315343898 17.0515023892786 -23.4245499403944 0.748018118616229
353 11834.5211629419 -66.8330211208016 24.4024802858605 -27.2172384664436 0.748017741010008
354 11862.9866146816 -94.8233119810919 32.5284194923294 -28.7633539832383 0.748017363403804
355 11899.6301178957 -123.172621616303 40.758586438108 -27.9352766257687 0.748016985797603
356 11944.2162319255 -149.540933336437 48.4136443681778 -24.801357826652 0.748016608191413
357 11995.8539149018 -171.751746576276 54.8617273485951 -19.6202784297816 0.748016230585211
358 12053.0700723837 -187.971730214139 59.5705959212393 -12.8196965803054 0.748015852979041
359 12113.9311499437 -196.862049899042 62.1515693611433 -4.96094784305641 0.748015475372875
360 12176.2027331683 -197.688878483966 62.3916082678055 3.30728871759124 0.7480150977667
361 12237.5339813252 -190.38396778264 60.2708993204087 11.3025339888017 0.748014720160549
362 12295.6516711219 -175.550281919689 55.964490711372 18.3648421925859 0.74801434255441
363 12348.5478337402 -154.412227285461 49.827843266081 23.9112743153352 0.748013964948256
364 12394.6454971587 -128.714587229495 42.3674898925922 27.4840152224789 0.748013587342109
365 12432.9288530134 -100.578503654406 34.1992251975059 28.7881627619659 0.748013209735979
366 12463.027103728 -72.3263931186353 25.9972763926864 27.7160696579383 0.748012832129848
367 12485.2450689817 -46.2902492728443 18.4386510422823 24.3562289593855 0.748012454523727
368 12500.5380251858 -24.6191547843786 12.1472553140319 18.9859696188306 0.74801207691761
369 12510.4328547798 -9.10189115466651 7.64239534186645 12.0485651249088 0.748011699311498
370 12516.9020138621 -1.01928861961067 5.2959125147411 4.11664469477645 0.748011321705393
371 12522.2007211572 -1.03850350851175 5.3014908425923 -4.1550728497873 0.748010944099293
372 12528.6808071135 -9.15794964879929 7.65866983924852 -12.0838210687276 0.748010566493201
373 12538.5965884514 -24.7074293032137 12.1728825351678 -19.0151430035728 0.748010188887114
374 12553.918791721 -46.4034528306881 18.4715154820834 -24.3769115471913 0.748009811281032
375 12576.1718850415 -72.4551808590339 26.034665119879 -27.7265541189381 0.748009433674958
376 12606.3082450327 -100.712244260013 34.2380518047758 -28.7875836128949 0.748009056068882
377 12644.6295454854 -128.842240528182 42.4045492768555 -27.4724202715779 0.748008678462829
378 12690.7618565296 -154.523255607035 49.8600762069892 -23.8896207158227 0.748008300856775
379 12743.6865096695 -175.635519971515 55.9892364073233 -18.3349174304843 0.748007923250744
380 12801.8241810156 -190.436379236675 60.2861150354341 -11.2668083275039 0.748007545644671
381 12863.16525229 -197.704136819596 62.3960379576699 -3.26871127974224 0.748007168038636
382 12925.4356893101 -196.838895553651 62.1448473587193 4.99919252309857 0.748006790432587
383 12986.284745962 -187.912074558927 59.5532771220174 12.8544514370435 0.748006412826571
384 13043.4790001475 -171.660514134221 54.8352414045406 19.6486744796236 0.748006035220543
385 13095.0867055375 -149.425655267166 48.3801776711932 24.821051000042 0.748005657614524
386 13139.6372423153 -123.042814025346 40.7209016352625 27.9446412681168 0.748005280008496
387 13176.2425054829 -94.6896903735537 32.48962743172 28.7616170513133 0.748004902402498
388 13204.6702110647 -66.7066158456312 24.3657832187761 27.204543342431 0.748004524796501
389 13225.3630693454 -41.4033772385516 17.0199296271078 23.4019445958251 0.748004147190516
390 13239.4022425425 -20.8685615418998 11.0584101559484 17.6676960225817 0.748003769584536
391 13248.4181032004 -6.79715920712969 6.97330219859152 10.4751156116071 0.748003391978558
392 13254.4556595124 -0.350655775706222 5.10179985374248 2.4178953805558 0.748003014372588
393 13259.805755673 -2.06116022175843 5.59838115796658 -5.83890331951999 0.748002636766624
394 13266.8159803684 -11.7874834738143 8.42205711914776 -13.6137454863017 0.748002259160667
395 13277.6968914505 -28.7267924937771 13.3397550445769 -20.2648779201952 0.748001881554711
396 13294.3395514517 -51.480877957975 19.9455568957889 -25.2433009966647 0.748001503948766
397 13318.1594349747 -78.1715656538429 27.6942046921991 -28.1380843460415 0.748001126342827
398 13349.9795921979 -106.595745271489 35.9461073508609 -28.7102859813525 0.748000748736897
399 13389.9627124461 -134.407220159419 44.0201339949417 -26.9126751121717 0.748000371130953
400 13437.5976954527 -159.310367750324 51.249836050682 -22.8936306786791 0.747999993525037
401 13491.7418387533 -179.249625483448 57.0384574326536 -16.9848938122932 0.747999615919128
402 13550.7151589631 -192.579161623338 60.9081921511608 -9.67418516297436 0.747999238313209
403 13612.4390614472 -198.198725958888 62.5396235066063 -1.56494732171231 0.747998860707316
404 13674.6079122691 -195.644466956634 61.7980894699117 6.67346470931353 0.747998483101422
405 13734.8793504791 -185.127219114058 58.7447979905657 14.3610336065347 0.747998105495531
406 13791.0676319308 -167.515100188256 53.6317747496673 20.8632099062242 0.747997727889624
407 13841.3240455861 -144.261854765334 46.881060382214 25.6432891639468 0.747997350283779
408 13884.289510336 -117.286858856648 39.0498742776169 28.3067127620735 0.747996972677906
409 13919.2067566474 -88.8166902170056 30.7846204180417 28.6336356757854 0.747996595072044
410 13945.9828333078 -61.201341532806 22.7675317177737 26.5970729800624 0.747996217466188
411 13965.1967798203 -36.7202466631844 15.660356961667 22.3651272438113 0.74799583986033
412 13978.0518311504 -17.3941309708725 10.0497385512771 16.2871129572 0.747995462254483
413 13986.2760999575 -4.81821604554281 6.39878970408487 8.8647233138787 0.747995084648643
414 13991.9799342257 -0.0305464819022676 5.00886803413903 0.710619307897797 0.747994707042808
415 13997.4817243207 -3.42630732005302 5.99470080980582 -7.50214070407145 0.747994329436979
416 14005.1165377575 -14.7252045812952 9.27491510637277 -15.0956567757749 0.747993951831156
417 14017.0433774009 -32.9946013834895 14.5787545160625 -21.4431427793581 0.747993574225339
418 14035.066972447 -56.7264999273355 21.4684280026274 -26.0206627612729 0.747993196619531
419 14060.4888119646 -83.9620150839413 29.3752461748321 -28.450377809347 0.747992819013727
420 14093.9997170265 -112.453065249059 37.6465622081589 -28.531733736096 0.747992441407922
421 14135.6228187725 -139.847934131444 45.5996428038044 -26.258015275953 0.747992063802128
422 14184.7116491235 -163.88538678166 52.5780225530175 -21.8169003754531 0.747991686196351
423 14240.0035017416 -182.581317081378 58.0056900889562 -15.5749688242563 0.747991308590586
424 14299.7236587021 -194.392520383762 61.4346333775228 -8.04744392020282 0.747990930984812
425 14361.7318797675 -198.344073138017 62.5818196505238 0.144335239371186 0.74799055337905
426 14423.6990627048 -194.109805293893 61.3525575732914 8.32420050577457 0.747990175773285
427 14483.2994926992 -182.039223111098 57.8483132803808 15.8169671412357 0.747989798167544
428 14538.4028121608 -163.128660104379 52.358335126181 22.0041651072883 0.747989420561795
429 14587.2498652957 -138.939037391983 45.3357784628912 26.3750889915995 0.747989042956046
430 14628.5979028324 -111.467021696791 37.3603011614034 28.5689527959077 0.74798866535032
431 14661.8231613728 -82.980215913383 29.0902173263382 28.4046700328588 0.747988287744595
432 14686.972350236 -55.8299859881378 21.2081585469067 25.8958010148213 0.74798791013887
433 14704.7587959535 -32.2573738090191 14.3647279280081 21.2494335516038 0.747987532533156
434 14716.5035626597 -14.2081164979549 9.12479782639932 14.8490894471028 0.747987154927442
435 14724.0264084343 -3.17204083522835 5.92088399924676 7.2230677318972 0.747986777321738
436 14729.4955783117 -0.0600895660455567 5.01744476908326 -0.999162346180801 0.747986399716038
437 14735.2488323843 -5.12913011783633 6.48905203335126 -9.13891915127297 0.747986022110344
438 14743.6004817487 -17.9607521875021 10.2142359329732 -16.5243285906426 0.747985644504653
439 14756.6503599896 -37.4958042932444 15.8855112547909 -22.5457821347725 0.747985266898972
440 14776.110498129 -62.1218185643001 23.0347579654825 -26.7062552949407 0.747984889293294
441 14803.1638096866 -89.8061075261538 31.0718609095427 -28.6623331564371 0.747984511687638
442 14838.3664503085 -118.263546768231 39.3334192622988 -28.2525566264795 0.747984134081966
443 14881.6019114215 -145.145194329394 47.1375051484382 -25.5107496330716 0.747983756476326
444 14932.0906371274 -168.232177726557 53.8399515246656 -20.6632272176537 0.747983378870649
445 14988.4543705362 -185.618844748741 58.8875231962349 -14.1101149722092 0.74798300126501
446 15048.829918243 -195.870060332404 61.8635821104147 -6.39232175735841 0.747982623659372
447 15111.0229425699 -198.139665875579 62.5224776095203 1.85310815114034 0.747982246053725
448 15172.6890872086 -192.240323089448 60.8098229937646 9.94557815162103 0.747981868448108
449 15231.5274857402 -178.658977317318 56.866984720407 17.217117313211 0.747981490842479
450 15285.4706803975 -158.516663944251 51.0194136907187 23.0675162199509 0.747981113236877
451 15332.8552747408 -133.475975568907 43.74978178722 27.0138696240074 0.74798073563127
452 15372.559234188 -105.603827809138 35.6581410329284 28.7304365444634 0.747980358025657
453 15404.0945012998 -77.2008513655278 27.4123939267065 28.0755276683656 0.747979980420068
454 15427.6472811436 -50.6114927116534 19.693163246367 25.1032007068244 0.747979602814476
455 15444.0626714914 -28.0304981335899 13.137611891834 20.0587983450452 0.74797922520889
456 15454.7749065115 -11.3217543675135 8.28685000667533 13.3586970943345 0.747978847603313
457 15461.6889717988 -1.86443914221746 5.54127051410229 5.55593862228831 0.747978469997742
458 15467.023362511 -0.439180711257114 5.12749977405179 -2.70541957020316 0.747978092392177
459 15473.1269637123 -7.16362302596858 7.07969132931258 -10.7434661257027 0.747977714786618
460 15482.2851680405 -21.4827151461572 11.2367067973281 -17.8947223497749 0.747977337181064
461 15496.5312341862 -42.2145264217576 17.2554166030385 -23.5689072555688 0.747976959575514
462 15517.4784570868 -67.64780575496 24.6390226796707 -27.2976607017563 0.74797658196997
463 15546.1870028889 -95.6832321779251 32.7780653169033 -28.7732029049778 0.747976204364429
464 15583.0764004258 -124.006697600489 41.0007293574117 -27.8737392826165 0.747975826758905
465 15627.8909123602 -150.280318574072 48.628297353428 -24.6735136524445 0.747975449153372
466 15679.7206443391 -172.335410524794 55.0311724531972 -19.4366799753587 0.747975071547847
467 15737.0766497595 -188.351495922382 59.6808467604782 -12.5954984818039 0.747974693942331
468 15798.0138308269 -197.006570642496 62.1935255802209 -4.71465592359957 0.747974316336816
469 15860.2914913718 -197.58622519463 62.361806705805 3.55534496080199 0.747973938731311
470 15921.5582890271 -190.042613701198 60.1717998674047 11.5318794275884 0.747973561125838
471 15979.5463203928 -174.99840319456 55.804273263396 18.5565461315817 0.747973183520349
472 16032.2583189546 -153.695377248919 49.6197325377511 24.049513074737 0.747972805914878
473 16078.1325140131 -127.891936321427 42.1286638189199 27.5573782606226 0.74797242830941
474 16116.1715427932 -99.7179553590123 33.9493970278917 28.790594527392 0.747972050703951
475 16146.0247750331 -71.4989790558096 25.7570675143058 27.6473694283356 0.747971673098494
476 16168.0172547956 -45.5642660861853 18.2278888437344 24.222067409573 0.747971295493041
477 16183.1228705787 -24.0545267804841 11.98333658747 18.7974207502271 0.747970917887591
478 16192.8839683269 -8.74522401431112 7.53885031212957 11.8211921921077 0.747970540282149
479 16199.2840426692 -0.900022458760004 5.26128802379534 3.86921557893716 0.747970162676713
480 16204.5840147413 -1.16648282427501 5.33864487378007 -4.40213478471301 0.747969785071283
481 16211.1356105926 -9.52261073250061 7.76453561291671 -12.3101227670704 0.74796940746586
482 16221.1872443528 -25.2786721933349 12.3387216477523 -19.2020050072785 0.747969029860441
483 16236.698429002 -47.1341258326704 18.6836391939645 -24.5089098408694 0.747968652255026
484 16259.1780337043 -73.2849725539809 26.2755642552553 -27.7927932632233 0.747968274649617
485 16289.5597383128 -101.572661746995 34.4878419990363 -28.7825960787914 0.747967897044208
486 16328.1249653137 -129.662262984649 42.6426122774314 -27.3966177426863 0.747967519438816
487 16374.4796505833 -155.235196509556 50.0667617509646 -23.749260106941 0.747967141833423
488 16427.5867703503 -176.180614095765 56.1474841989439 -18.1415844274927 0.747966764228044
489 16485.8519395142 -190.769633272952 60.3828629417928 -11.0364610783381 0.747966386622683
490 16547.2550158373 -197.798043223017 62.4233001868872 -3.02036317238966 0.74796600901732
491 16609.5168470999 -196.685703079362 62.1003736253389 5.24504226906384 0.747965631411948
492 16670.2873975281 -187.52442806722 59.4407383906075 13.0775098228288 0.747965253806596
493 16727.3397251078 -171.070410854587 54.6639268798083 19.8305297576242 0.747964876201257
494 16778.7537984565 -148.681803673668 48.1642280457472 24.9466924214568 0.747964498595911
495 16823.0749805887 -122.206613327793 40.4781418845104 28.0036981043395 0.747964120990565
496 16859.4340979627 -93.8301624864597 32.2400954996779 28.7492146174523 0.747963743385241
497 16887.6191840385 -65.8947081618233 24.1300760404257 27.1217053648307 0.747963365779916
498 16908.0929754681 -40.7061064694979 16.8175030103907 23.255508711262 0.747962988174592
499 16921.9547167464 -20.3434820055391 10.905972855017 17.4697493840335 0.747962610569277
500 16930.8494260522 -6.48761216333698 6.88343673517222 10.2419971869884 0.74796223296397
501 16936.8321116869 -0.282191940069239 5.08192392715765 2.16884729696722 0.74796185535867
502 16942.1981469948 -2.23943075151947 5.65013537139632 -6.08332406490282 0.747961477753376
503 16949.2938050074 -12.1977735087845 8.54116956059502 -13.8333638476884 0.747961100148088
504 16960.3225917146 -29.3352357547933 13.5163939003245 -20.4415660974747 0.747960722542806
505 16977.1633636564 -52.2372521471452 20.1651419908213 -25.3624747453441 0.747960344937525
506 17001.2152428231 -79.0134379178409 27.9386109711837 -28.1899067939963 0.747959967332248
507 17033.282129943 -107.453625551881 36.1951609616178 -28.6904795866135 0.747959589726986
508 17073.5063486921 -135.210297060712 44.2532774842537 -26.8228747409058 0.747959212121741
509 17121.3568979838 -159.992353474099 51.4478252233828 -22.7412486595106 0.747958834516483
510 17175.6732820211 -179.754227374376 57.1849498113722 -16.7825081056972 0.747958456911231
511 17234.7613002766 -192.864728693193 60.9910959216358 -9.43850114764336 0.747958079305993
512 17296.5328906781 -198.241686853888 62.5520956035476 -1.31541889442619 0.74795770170075
513 17358.6784830206 -195.441275590456 61.7391004191338 6.91624090274857 0.747957324095524
514 17418.8576361636 -184.694647369565 58.6192168840409 14.577018265432 0.747956946490286
515 17474.8922233817 -166.888853527699 53.4499673394713 21.0345751645972 0.747956568885073
516 17524.9462199105 -143.493625019741 46.6580334676152 25.7558901431986 0.74795619127986
517 17567.677252613 -116.440057463918 38.8040370095578 28.3512551214815 0.747955813674659
518 17602.3474025126 -87.9612140969907 30.5362647657719 28.606442788507 0.747955436069464
519 17628.8841142987 -60.4078036359969 22.5371575233902 26.5003894102096 0.747955058464267
520 17647.8861851968 -36.0541474166947 15.4669798363821 22.2069334749126 0.74795468085909
521 17660.5743388684 -16.9104517238556 9.90932028351753 16.0804666647927 0.747954303253912
522 17668.6904640859 -4.55688078338779 6.32292073711422 8.62668155510184 0.747953925648742
523 17674.3538352507 -0.0131264096550385 5.00381076450365 0.460830593022429 0.747953548043576
524 17679.8861826445 -3.65424032624504 6.06087267492538 -7.7430582445419 0.747953170438416
525 17687.6200515118 -15.1796765516717 9.40685412839854 -15.3078172586437 0.747952792833263
526 17699.7062684552 -33.6380991612458 14.7655701460839 -21.6090339948832 0.747952415228117
527 17717.936407304 -57.5059077349545 21.6947000515093 -26.1265916708677 0.747952037622975
528 17743.5949085294 -84.8129988208841 29.6222976308747 -28.4876008001573 0.747951660017834
529 17777.3530586067 -113.305382775357 37.8940008802998 -28.4971783386698 0.747951282412699
530 17819.2135805079 -140.631233214256 45.8270445396129 -26.1545337727851 0.747950904807591
531 17868.5104089529 -164.535012129051 52.7666170948257 -21.6530343669852 0.747950527202461
532 17923.963668967 -183.043647137504 58.1399104137167 -15.3642441856002 0.747950149597348
533 17983.7853196919 -194.62939337423 61.5034006343479 -7.80725434447403 0.747949771992244
534 18045.8267433641 -198.335937029537 62.5794576342369 0.394163956222474 0.747949394387145
535 18107.7560971326 -193.857331663403 61.2792612512619 8.56304693142489 0.747949016782047
536 18167.25078869 -181.563251711946 57.7101326993775 16.0251163470642 0.74794863917697
537 18222.189188339 -162.468478705213 52.1666760276155 22.1644359835416 0.747948261571876
538 18270.8257531444 -138.149138874408 45.1064608268178 26.474252415341 0.747947883966807
539 18311.9351080221 -110.612606088377 37.1122533892067 28.5988235929367 0.747947506361744
540 18344.9131909858 -82.131808628482 28.8439138472554 28.3627826005785 0.747947128756693
541 18369.8271137905 -55.0576164992277 20.9839298119092 25.7856128386078 0.747946751151635
542 18387.4096223647 -31.6247952543092 14.1810822880058 21.0800398159803 0.747946373546589
543 18398.9986142793 -13.7675433520351 8.99689381076703 14.6344722983706 0.747945995941546
544 18406.4267056198 -2.95983900741907 5.8592790962864 6.98094215980593 0.74794561833651
545 18411.8699626668 -0.0937746755467117 5.02722398693188 -1.24881074415689 0.74794524073148
546 18417.6682844156 -5.40592171487111 6.56940817189915 -9.37548382677612 0.747944863126455
547 18426.1322619731 -18.457803258314 10.3585362120981 -16.7282829559481 0.747944485521435
548 18439.3524570973 -38.1720871050551 16.0818447992539 -22.7002913318637 0.747944107916426
549 18459.0268424654 -62.9215111882557 23.2669189558259 -26.7985657830473 0.747943730311416
550 18486.3206471414 -90.6632015069073 31.3206862474642 -28.6848254183155 0.747943352706419
551 18521.7701759203 -119.107295612583 39.5783703365463 -28.2033741006637 0.74794297510143
552 18565.2385415173 -145.905953083294 47.3583631386549 -25.3939519585975 0.747942597496424
553 18615.9269635669 -168.847151628463 54.0184863089375 -20.4884551420965 0.747942219891449
554 18672.440701788 -186.03727245236 59.0089981069058 -13.8917945822967 0.747941842286464
555 18732.9041810371 -196.057403863812 61.917970332193 -6.14847371678736 0.747941464681508
556 18795.1158055672 -198.080461476109 62.5052898156082 2.10235606845051 0.747941087076537
557 18856.7296837679 -191.939457629294 60.7224779050428 10.1796524539348 0.747940709471565
558 18915.4492634127 -178.141284921787 56.7166920008805 17.4166969739215 0.747940331866626
559 18969.2168943171 -157.824876128094 50.8185788453102 23.2161274791683 0.747939954261676
560 19016.3836714751 -132.667194079321 43.5149821830108 27.0992457702319 0.747939576656716
561 19055.8455394328 -104.744811317067 35.4087575653978 28.7455304368651 0.747939199051785
562 19087.1344235348 -76.3625050525239 27.1690112763639 28.0190934237788 0.747938821446859
563 19110.4568658643 -49.8630155943859 19.4758707722477 24.9798965376917 0.747938443841945
564 19126.676976777 -27.4336712191876 12.9643454099877 19.8788020598407 0.747938066237033
565 19137.2451092505 -10.9258411084302 8.17191132703086 13.136865997946 0.747937688632124
566 19144.0781434319 -1.70211911869664 5.4941469365122 5.31058316010555 0.747937311027223
567 19149.40126297 -0.523852184503736 5.15208098499945 -2.954047198275 0.747936933422328
568 19155.5642832765 -7.48829701542064 7.17394833840823 -10.9748436280514 0.747936555817439
569 19164.8476923994 -22.0205923162154 11.3928594149002 -18.089751299848 0.747936178212555
570 19179.274414339 -42.9212091603991 17.46057563483 -23.7114895195433 0.747935800607677
571 19200.4428322904 -68.4649628541956 24.8762538304174 -27.3760272151763 0.747935423002796
572 19229.3948544556 -96.5434136249908 33.027786985759 -28.7808851181104 0.747935045397929
573 19266.529912573 -124.838902055907 41.2423289479922 -27.8101030892162 0.747934667793069
574 19311.5719919206 -151.015853984227 48.8418326845525 -24.5438117302337 0.74793429018822
575 19363.5924142124 -172.913564120694 55.1990178320013 -19.2516182179311 0.747933912583383
576 19421.0864928325 -188.724545589971 59.7891478472712 -12.3703523096578 0.747933534978538
577 19482.0977331105 -197.143724014594 62.2333429572248 -4.46800941601108 0.747933157373713
578 19544.3793258616 -197.476161322886 62.3298537570098 3.80313303812783 0.747932779768871
579 19605.5796041467 -189.69441751267 60.0707140632584 11.7603560815077 0.747932402164042
580 19663.4361552276 -174.440815600786 55.6423984578819 18.7468523782219 0.747932024559219
581 19715.9625652734 -152.974422805193 49.4104302475537 24.1859406030189 0.747931646954411
582 19761.6123824852 -127.067124254743 41.8892103332776 27.6286660320371 0.747931269349628
583 19799.4067647478 -98.8573675405012 33.6995573842111 28.7908582877337 0.747930891744838
584 19829.0152754814 -70.6736503676576 25.5174640468479 27.5765874073797 0.74793051414005
585 19850.7831586201 -44.8423210403745 18.0182989690899 24.086082117944 0.747930136535265
586 19865.7028413793 -23.4955563662238 11.8210603314937 18.6074567251495 0.747929758930485
587 19875.3320170385 -8.39536692199559 7.43728232638412 11.5929294984114 0.747929381325713
588 19881.6650693764 -0.788156687436775 5.22881196052056 3.62149554066712 0.747929003720948
589 19886.9684516764 -1.30184202601127 5.37794138019489 -4.64886479021378 0.747928626116187
590 19893.593608499 -9.89402204599858 7.87236106457573 -12.5354970823546 0.747928248511434
591 19903.7828820824 -25.8554784777215 12.5061758848029 -19.3874207226145 0.747927870906682
592 19919.4844243004 -47.868716178153 18.8969001607349 -24.6390623208167 0.747927493301936
593 19942.1913917686 -74.1167121952216 26.517028904339 -27.8569394260986 0.747927115697202
594 19972.8186972981 -102.432896995166 34.7375792870404 -28.7754411550627 0.747926738092471
595 20011.6274909144 -130.479988059642 42.8800083188003 -27.3187523172391 0.747926360487757
596 20058.20360395 -155.942914519082 50.2722213351266 -23.6071113707589 0.747925982883039
597 20111.4917354809 -176.71990838275 56.3040482236733 -17.9468856625578 0.747925605278321
598 20169.8825592835 -191.095989259519 60.4776082561499 -10.8052831656853 0.747925227673606
599 20231.3455613004 -197.884522745056 62.4484062975096 -2.7717880648567 0.747924850068899
600 20293.5966429096 -196.525167923761 62.0537682177199 5.49049661479999 0.747924472464201
