0 0 0 5 0 0.748151036383683
0.15 0.752047410703621 -0.0939878268045803 5.02728586746648 -1.25317102406107 0.748151026496004
0.3 1.51227670091331 -0.375773117154765 5.10909173901286 -2.50396674392138 0.748151016608326
0.45 2.28885424007556 -0.844821765393103 5.24526255693989 -3.75001635814871 0.748151006720647
0.6 3.08991541059735 -1.50024472042226 5.43554021835023 -4.98895806124449 0.748150996832968
0.75 3.92354918776119 -2.34079967084335 5.67956406436564 -6.21844352029156 0.74815098694529
0.9 4.79778280760185 -3.36489339967603 5.97687156373238 -7.4361423260655 0.748150977057611
1.05 5.72056655180579 -4.5705848041972 6.32689918951888 -8.63974641017286 0.748150967169932
1.2 6.69975867847254 -5.95558857517429 6.7289834872443 -9.82697441984369 0.748150957282253
1.35 7.74311052730078 -7.51727952851956 7.18236233241305 -10.9955760420865 0.748150947394575
1.5 8.85825182743122 -9.25269758115484 7.68617637507201 -12.143336269009 0.748150937506896
1.65 10.0526762357944 -11.1585533616555 8.23947066865209 -13.268079596221 0.748150927619218
1.8 11.3337271333743 -13.2312344450387 8.84119648000706 -14.3676741463604 0.748150917731538
1.95 12.7085837063105 -15.4668121998789 9.49021327721862 -15.4400357099269 0.748150907843859
2.1 14.1842473382208 -17.8610492347716 10.1852908914 -16.4831316957653 0.748150897956181
2.25 15.7675283395363 -20.4094074300318 10.9251118484009 -17.4949849837084 0.748150888068502
2.4 17.4650330390046 -23.1070565394026 11.7082738659929 -18.4736776720794 0.748150878180823
2.55 19.2831512618251 -25.9488833454716 12.5332925118045 -19.4173547129485 0.748150868293143
2.7 21.2280442181545 -28.9295013514392 13.398604016965 -20.3242274282552 0.748150858405468
2.85 23.3056328249356 -32.0432609908719 14.3025682401265 -21.1925769001302 0.748150848517788
3 25.5215864831869 -35.2842603360849 15.2434717762441 -22.0207572289921 0.748150838630107
3.15 27.8813123320246 -38.6463562848606 16.2195312042233 -22.8071986532418 0.748150828742429
3.3 30.3899449997837 -42.1231762042966 17.2288964672781 -23.5504105246431 0.748150818854753
3.45 33.0523368716665 -45.7081300097145 18.2696543795924 -24.2489841337492 0.748150808967074
3.6 35.873048892364 -49.3944226557344 19.3398322526386 -24.9015953800184 0.748150799079396
3.75 38.8563419210838 -53.1750670158385 20.4374016342798 -25.507007281561 0.748150789191715
3.9 42.0061686553706 -57.0428971260126 21.5602821535678 -26.0640723197565 0.748150779304035
4.05 45.3261661390267 -60.9905817673617 22.7063454639503 -26.5717346143009 0.74815076941636
4.2 48.8196488683337 -65.0106383619559 23.8734192774125 -27.0290319245578 0.748150759528681
4.35 52.4896025096415 -69.0954471555673 25.059291481907 -27.4350974734234 0.748150749640998
4.5 56.3386782402338 -73.2372656604154 26.2617143342673 -27.789161590245 0.74815073975332
4.65 60.3691877231948 -77.4282433305463 27.4784087206578 -28.0905531696819 0.748150729865636
4.8 64.5830987258034 -81.6604364420285 28.7070684764851 -28.338700943741 0.748150719977954
4.95 68.9820313897592 -85.925823149762 29.9453647575822 -28.5331345645786 0.748150710090273
5.1 73.56725516031 -90.216318692361 31.1909504543799 -28.6734854960131 0.748150700202596
5.25 78.3396863801019 -94.5237907162895 32.4414646406996 -28.7594877120619 0.748150690314913
5.4 83.2998865523114 -98.8400746902058 33.6945370487345 -28.7909782011756 0.748150680427238
5.55 88.4480612763536 -103.156989380297 34.9477925617367 -28.7678972752162 0.748150670539558
5.7 93.7840598581815 -107.466352357273 36.198855715896 -28.6902886825916 0.748150660651875
5.85 99.3073755959174 -111.759995505623 37.4453552028759 -28.5582995253335 0.748150650764188
6 105.017146740273 -116.02978050575 38.6849283644734 -28.3721799802752 0.748150640876511
6.15 110.912158127939 -120.267614259616 39.9152256708829 -28.1322828248574 0.748150630988831
6.3 116.990843484848 -124.465464230684 41.1339151740765 -27.839062768462 0.748150621101162
6.45 123.251288394944 -128.615373669063 42.3386869278586 -27.4930755905399 0.748150611213479
6.6 129.691233928834 -132.709476693009 43.5272573662175 -27.0949770871674 0.748150601325782
6.75000000000001 136.30808092544 -136.740013198188 44.697373631676 -26.6455218280277 0.748150591438106
6.90000000000001 143.098894918538 -140.699343566446 45.8468178454347 -26.1455617261735 0.748150581550428
7.05000000000001 150.060411698851 -144.579963146202 46.9734113112165 -25.5960444232813 0.748150571662746
7.20000000000001 157.189043501138 -148.374516477031 48.0750186448425 -24.9980114934587 0.748150561775062
7.35000000000001 164.480885804573 -152.075811231452 49.1495518217131 -24.3525964690087 0.748150551887414
7.50000000000001 171.931724733508 -155.676831847514 50.1949741345221 -23.6610226918936 0.748150541999725
7.65000000000001 179.537045044598 -159.170752826338 51.2093040537017 -22.9246009949699 0.748150532112043
7.80000000000001 187.292038685149 -162.550951669401 52.1906189832825 -22.144727217391 0.748150522224363
7.95000000000001 195.191613906467 -165.811021431051 53.1370589050481 -21.3228795588846 0.748150512336684
8.10000000000001 203.230404914937 -168.944782862447 54.046829904078 -20.4606157779226 0.748150502449009
8.25000000000001 211.402782042532 -171.946296123929 54.9182075689959 -19.5595702390913 0.748150492561339
8.40000000000001 219.70286241748 -174.809872043588 55.7495402604782 -18.6214508152604 0.748150482673644
8.55000000000001 228.124521114863 -177.530082900724 56.539252241829 -17.6480356504218 0.74815047278596
8.70000000000001 236.661402766014 -180.101772713733 57.2858466656851 -16.6411697893338 0.748150462898281
8.85000000000001 245.306933604696 -182.520067012931 57.9879084111926 -15.6027616803597 0.748150453010576
9.00000000000001 254.054333927254 -184.780382079798 58.6441067662758 -14.5347795581288 0.748150443122913
9.15000000000001 262.896630943093 -186.878433635108 59.2531979499146 -13.4392477128761 0.748150433235239
9.30000000000001 271.826671991151 -188.810244959508 59.8140274696503 -12.3182426535328 0.748150423347563
9.45000000000001 280.837138097297 -190.572154431122 60.3255323098502 -11.1738891718399 0.748150413459899
9.60000000000001 289.920557846968 -192.160822465923 60.7867429465844 -10.0083563149437 0.748150403572206
9.75000000000001 299.069321546749 -193.573237847687 61.1967851852945 -8.82385327410935 0.748150393684533
9.90000000000001 308.275695648045 -194.806723435565 61.5548818177725 -7.6226251973435 0.748150383796866
10.05 317.531837405519 -195.858941238422 61.8603540953082 -6.40694893386272 0.748150373909208
10.2 326.829809742503 -196.727896846348 62.1126230152123 -5.17912871847512 0.748150364021518
10.35 336.161596295205 -197.411943210933 62.3112104182787 -3.9414918040539 0.748150354133859
10.5 345.519116607204 -197.909783767135 62.4557398951036 -2.6963840503819 0.748150344246181
10.65 354.894241445425 -198.220474890839 62.5459374995448 -1.44616547772785 0.748150334358503
10.8 364.27880820857 -198.343427687432 62.5816322679689 -0.193205793582403 0.748150324470833
10.95 373.664636398794 -198.278409108015 62.5627565433016 1.06012009896736 0.74815031458316
11.1 383.043543127301 -198.025542391129 62.4893461032669 2.3114366027113 0.748150304695498
11.25 392.407358624478 -197.585306829169 62.361540092573 3.55837192910527 0.74815029480783
11.4 401.747941725158 -196.958536859912 62.1795807591727 4.79856259384109 0.748150284920146
11.55 411.057195299661 -196.146420484899 61.9438129950978 6.02965789667639 0.748150275032476
11.7 420.32708160138 -195.15049701765 61.654683682739 7.24932437703305 0.74815026514479
11.85 429.549637501799 -193.972654166002 61.3127408478096 8.45525023691907 0.74815025525711
12 438.716989584087 -192.615124454078 60.9186326205986 9.64514972279029 0.748150245369429
12.15 447.821369066636 -191.080480990685 60.4731060074818 10.8167674580467 0.748150235481746
12.3 456.855126528287 -189.371632592154 59.9770054750206 11.9678827179512 0.748150225594076
12.45 465.810746407302 -187.491818268869 59.4312713493301 13.0963136388679 0.748150215706397
12.6 474.680861246621 -185.444601085935 58.8369380337532 14.1999213538419 0.748150205818735
12.75 483.458265658393 -183.233861409622 58.1951320482164 15.2766140466816 0.748150195931063
12.9 492.135929981319 -180.863789552381 57.5070698939847 16.3243509168594 0.748150186043365
13.05 500.707013604916 -178.338877830385 56.7740557478636 17.3411460477156 0.748150176155682
13.2 509.164877935443 -175.663912048636 55.9974789902166 18.3250721706333 0.748150166267998
13.35 517.503098978922 -172.843962429783 55.1788115714863 19.27426431805 0.748150156380311
13.5 525.715479517401 -169.884374003849 54.319605222208 20.1869233583813 0.748150146492647
13.65 533.79606085537 -166.790756477076 53.4214885118065 21.0613194061577 0.748150136604987
13.8 541.739134114084 -163.568973599092 52.486163761749 21.8957951009084 0.748150126717299
13.95 549.539251052362 -160.225132048559 51.515403818906 22.6887687485804 0.748150116829618
14.1 557.19123439338 -156.765569858363 50.5110486952366 23.4387373195353 0.748150106941956
14.25 564.690187637852 -153.196844402286 49.4750020801655 24.1442792974443 0.748150097054298
14.4 572.03150434503 -149.525719965935 48.4092277322649 24.8040573736788 0.748150087166608
14.55 579.210876863907 -145.759154925478 47.3157457570781 25.4168209820914 0.748150077278937
14.7 586.22430449809 -141.904288558502 46.196628778142 25.9814086693827 0.748150067391252
14.85 593.068101088856 -137.968427511974 45.0539980084645 26.4967502965592 0.748150057503586
15 599.738902002026 -133.959031952976 43.8900192299043 26.9618690673122 0.748150047615904
15.15 606.233670505408 -129.88370142844 42.7068986880729 27.3758833794712 0.748150037728223
15.3 612.549703524724 -125.750160460709 41.5068789105405 27.7380084960229 0.748150027840548
15.45 618.684636767112 -121.566243906207 40.2922344562716 28.047558032529 0.748150017952859
15.6 624.636449202486 -117.339882104983 39.0652676043476 28.3039452581228 0.748150008065179
15.75 630.403466894265 -113.079085849271 37.8283039901472 28.506684207619 0.748149998177498
15.9 635.984366172214 -108.791931199556 36.5836881972568 28.6553906026293 0.748149988289832
16.05 641.378176141372 -104.486544176931 35.3337793134657 28.7497825799366 0.74814997840215
16.2 646.58428052232 -100.171085360754 34.0809464592697 28.7896812257481 0.748149968514467
16.35 651.602418819297 -95.8537344208058 32.827564297358 28.7750109148149 0.74814995862678
16.5 656.432686813954 -91.5426746132614 31.5760085315958 28.7057994537746 0.748149948739104
16.65 661.075536383805 -87.2460772698614 30.3286514040328 28.5821780284456 0.748149938851431
16.8 665.531774645725 -82.9720863096888 29.0878571984738 28.4043809551727 0.748149928963744
16.95 669.802562426109 -78.7288028029034 27.8559777591334 28.1727452366962 0.748149919076065
17.1 673.889412060603 -74.5242696156928 26.6353480328691 27.8877099233848 0.748149909188388
17.25 677.794184527571 -70.3664561655467 25.4282816434426 27.5498152810446 0.748149899300714
17.4 681.519085920734 -66.2632433157468 24.2370665061974 27.1597017668803 0.748149889413025
17.55 685.066663267657 -62.222408437707 23.0639604914644 26.7181088155507 0.748149879525344
17.7 688.439799702034 -58.2516106694742 21.9111871449174 26.2258734376186 0.748149869637665
17.85 691.641708998889 -54.358376398334 20.780931472987 25.6839286330519 0.748149859749987
18 694.675929483079 -50.5500849950357 19.6753358013242 25.0933016227831 0.74814984986231
18.15 697.546317322631 -46.8339548266784 18.5964957141625 24.4551119016796 0.748149839974633
18.3 700.257039219625 -43.2170295747683 17.546456082275 23.770569116614 0.748149830086955
18.45 702.812564512486 -39.7061648843816 16.5272071870556 23.0409707736577 0.748149820199278
18.6 705.217656704644 -36.3080153697382 15.5406809480711 22.2676997787431 0.748149810311597
18.75 707.477364435625 -33.0290220008153 14.5887472612339 21.4522218164557 0.748149800423919
18.9 709.597011911683 -29.8753998949114 13.6732104545368 20.5960825719251 0.748149790536241
19.05 711.58218881412 -26.8531265362975 12.7958058680676 19.7009048010796 0.748149780648566
19.2 713.438739704406 -23.9679304462871 11.9581965647849 18.7683852548189 0.748149770760887
19.35 715.172752946196 -21.2252803251994 11.1619701782921 17.8002914629336 0.748149760873207
19.5 716.79054916524 -18.6303746867954 10.4086359035808 16.7984583838678 0.74814975098553
19.65 718.298669269043 -16.1881320048357 9.69962163645139 15.764784926676 0.748149741097852
19.8 719.703862049009 -13.9031813904351 9.0362712670294 14.701230351765 0.748149731210173
19.95 721.013071388542 -11.7798538178861 8.41984213251009 13.6098105572437 0.748149721322495
20.1 722.233423101376 -9.82217391558007 7.85150263395799 12.4925942579205 0.748149711434816
20.25 723.372211425059 -8.03385233758807 7.33233002167922 11.3516990641897 0.748149701547138
20.4 724.436885195201 -6.41827873035884 6.86330835336405 10.1892874682393 0.748149691659461
20.55 725.435033726694 -4.97851530786598 6.44532662886999 9.00756274518882 0.748149681771782
20.7 726.374372428664 -3.71729104738186 6.07917710518078 7.80876477692535 0.748149671884104
20.85 727.262728180419 -2.63699651687993 5.76555379473518 6.59516580655406 0.748149661996426
21 728.108024496107 -1.73967934386977 5.50505114997183 5.36906613151003 0.748149652108748
21.15 728.918266506215 -1.02704033425319 5.29816293658359 4.13278974349502 0.74814964222107
21.3 729.701525784371 -0.500430248558199 5.14528129761707 2.88867992350322 0.748149632333392
21.45 730.465925048203 -0.1608472416609 5.04669601019113 1.63909480028556 0.748149622445714
21.6 731.219622763255 -0.00893497084842204 5.00259393624341 0.38640288067087 0.748149612558036
21.75 731.970797679155 -0.0449813758087943 5.01305866834576 -0.867021439783745 0.748149602670358
21.9 732.727633327329 -0.268918132860268 5.07807037126006 -2.11880237730434 0.74814959278268
22.05 733.49830250965 -0.680320784454535 5.19750581953465 -3.36656726304278 0.748149582895002
22.2 734.290951807431 -1.27840954370838 5.37113863107017 -4.60795104031528 0.748149573007324
22.35 735.113686140108 -2.06205077243885 5.59863969621203 -5.84060074741258 0.748149563119645
22.5 735.974553402903 -3.02975912990038 5.87957780155627 -7.06217997748486 0.748149553231968
22.65 736.881529212556 -4.17970038815113 6.21342044728643 -8.27037330704804 0.74814954334429
22.8 737.842501790075 -5.50969490871217 6.59953485649209 -9.46289068471743 0.748149533456612
22.95 738.865257009121 -7.01722177392972 7.0371891745562 -10.6374717718503 0.748149523568934
23.1 739.957463638402 -8.69942356520971 7.52555385633759 -11.7918902268698 0.748149513681256
23.25 741.126658806015 -10.5531117790679 8.0637032385196 -12.9239579251497 0.748149503793579
23.4 742.380233713321 -12.5747728707298 8.6506172941443 -14.0315291064616 0.748149493905901
23.55 743.725419625402 -14.7605749138249 9.28518356600695 -15.1125044421226 0.748149484018222
23.7 745.169274164671 -17.1063748635522 9.96619927524579 -16.1648350141358 0.748149474130543
23.85 746.718667933617 -19.6077264095514 10.6923736011308 -17.1865261987801 0.748149464242863
24 748.380271492016 -22.2598884035925 11.4623301277298 -18.1756414472889 0.748149454355187
24.1499999999999 750.160542713334 -25.0578338461126 12.274609452815 -19.1303059564515 0.748149444467508
24.2999999999999 752.065714544243 -27.9962594145647 13.1276719540643 -20.0487102221802 0.748149434579827
24.4499999999999 754.10178319048 -31.0695955155185 14.0199007073149 -20.9291134693062 0.748149424692149
24.5999999999999 756.274496751432 -34.2720168414604 14.9496045513368 -21.7698469511056 0.748149414804472
24.7499999999999 758.589344324991 -37.597453412283 15.9150212933189 -22.5693171122993 0.748149404916794
24.8999999999999 761.051545603327 -41.0396020805348 16.9143210489896 -23.3260086095327 0.748149395029113
25.0499999999999 763.666040979302 -44.5919384786243 17.9456097110433 -24.0384871836099 0.748149385141433
25.1999999999999 766.437482182282 -48.2477293853318 19.0069325392963 -24.7054023780383 0.748149375253753
25.3499999999999 769.370223461086 -52.0000454881894 20.0962778657692 -25.32549009873 0.748149365366075
25.4999999999999 772.468313330793 -55.8417745175397 21.211580907672 -25.8975750100097 0.748149355478392
25.6499999999999 775.735486899046 -59.7656347273773 22.3507276810648 -26.4205727623866 0.748149345590713
25.7999999999999 779.175158786403 -63.7641886974224 23.5115590077755 -26.8934920478677 0.748149335703035
25.9499999999999 782.790416654143 -67.8298574302635 24.6918746079817 -27.3154364789171 0.748149325815364
26.0999999999999 786.58401535181 -71.954934716852 25.8894372706962 -27.6856062875001 0.748149315927696
26.2499999999999 790.558371695574 -76.1316017431164 27.1019770942547 -28.003299840991 0.748149306040013
26.3999999999999 794.715559887314 -80.3519419100132 28.3271957887655 -28.2679149720719 0.748149296152337
26.5499999999999 799.057307583106 -84.6079558389221 29.5627710323677 -28.4789501201011 0.748149286264661
26.6999999999999 803.584992618564 -88.8915765339452 30.8063608730403 -28.6360052817888 0.748149276376986
26.8499999999999 808.29964039724 -93.1946846723691 32.0556081676192 -28.7387827693769 0.748149266489302
26.9999999999999 813.201921947043 -97.5091239943104 33.3081450496075 -28.7870877748867 0.748149256601624
27.1499999999999 818.292152648345 -101.826716762372 34.5615974173117 -28.7808287393647 0.748149246713945
27.2999999999999 823.570291636204 -106.139279262011 35.8135894337961 -28.7200175264263 0.748149236826259
27.4499999999999 829.035941877814 -110.438637313229 37.061748030126 -28.6047693997692 0.748149226938583
27.5999999999999 834.688350925063 -114.716641764204 38.303707403365 -28.4353028046989 0.74814921705091
27.7499999999999 840.526412340742 -118.965183937465 39.5371135007992 -28.2119389540791 0.748149207163225
27.8999999999999 846.548667795729 -123.176210999366 40.7596284818904 -27.9351012194946 0.74814919727554
28.0499999999999 852.753309833152 -127.341741223703 41.9689351494995 -27.6053143287772 0.748149187387849
28.1999999999999 859.138185294313 -131.453879120552 43.1627413419824 -27.2232033714193 0.748149177500186
28.3499999999999 865.700799399852 -135.504830401657 44.3387842778322 -26.789492613757 0.748149167612504
28.4999999999999 872.438320478441 -139.48691675399 45.4948348446334 -26.3050041261707 0.748149157724842
28.6499999999999 879.347585334034 -143.392590393493 46.6287018241986 -25.7706562249048 0.748149147837156
28.7999999999999 886.425105241493 -147.214448371407 47.7382360458792 -25.1874617314588 0.748149137949471
28.9499999999999 893.667072559245 -150.945246606078 48.821334460178 -24.5565260528509 0.7481491280618
29.0999999999999 901.069367946412 -154.577913613641 49.8759441249412 -23.8790450863909 0.748149118174113
29.2499999999999 908.627568170755 -158.105563911549 50.9000660965765 -23.1563029529353 0.748149108286439
29.3999999999999 916.336954492619 -161.521511069564 51.8917592189197 -22.3896695629202 0.748149098398768
29.5499999999999 924.192521608999 -164.819280383437 52.8491438025688 -21.5805980197854 0.748149088511086
29.6999999999999 932.188987140763 -167.992621147297 53.7704051877128 -20.7306218657123 0.748149078623394
29.8499999999999 940.320801645052 -171.035518501446 54.6537971837 -19.8413521748948 0.748149068735706
29.9999999999999 948.582159133894 -173.942204833135 55.4976453788286 -18.9144744998536 0.748149058848026
30.1499999999999 956.967008079065 -176.707170708698 56.3003503140841 -17.9517456765817 0.748149048960325
30.2999999999999 965.469062882373 -179.325175316323 57.0603905148094 -16.9549904945764 0.74814903907264
30.4499999999999 974.081815789593 -181.791256399664 57.7763253745602 -15.9260982380708 0.748149029184975
30.5999999999999 982.798549225492 -184.100739663474 58.4467978856804 -14.8670191050188 0.748149019297279
30.7499999999999 991.612348526551 -186.249247633431 59.0705372114212 -13.7797605106222 0.748149009409602
30.8999999999999 1000.51611504726 -188.232707953348 59.6463610947288 -12.666383282407 0.748148999521914
31.0499999999999 1009.50257961514 -190.047361104058 60.1731780991357 -11.5289977540597 0.748148989634245
31.1999999999999 1018.56431630896 -191.689767529339 60.6499896775064 -10.3697597654273 0.748148979746566
31.3499999999999 1027.69375653413 -193.156814155367 61.0758920647186 -9.19086657626448 0.748148969858888
31.4999999999999 1036.88320336842 -194.445720291343 61.4500779906906 -7.99455270147134 0.748148959971207
31.6499999999999 1046.12484615104 -195.55404290011 61.7718382105092 -6.78308567571656 0.748148950083547
31.7999999999999 1055.41077528717 -196.479681228769 62.0405628487563 -5.55876175547386 0.748148940195848
31.9499999999999 1064.7329972401 -197.220880790522 62.2557425554884 -4.32390156661813 0.748148930308164
32.0999999999999 1074.08344968251 -197.776236690183 62.416969471676 -3.08084570583091 0.748148920420499
32.2499999999999 1083.45401677798 -198.144696287066 62.5239380022732 -1.83195030415255 0.748148910532838
32.3999999999999 1092.83654456413 -198.325561190198 62.5764453954536 -0.579582561090024 0.748148900645171
32.5499999999999 1102.22285640786 -198.318488582071 62.5743921269128 0.673883742254863 0.748148890757494
32.6999999999999 1111.60476850364 -198.123491868431 62.5177820885102 1.92607274253218 0.748148880869804
32.8499999999999 1120.97410538538 -197.740940652867 62.4067225808922 3.1746109974374 0.74814887098214
32.9999999999999 1130.32271542248 -197.171560036255 62.2414241101107 4.41713198441592 0.748148861094457
33.1499999999999 1139.64248627073 -196.416429242371 62.0221999886229 5.65128058625176 0.748148851206782
33.2999999999999 1148.92536024872 -195.476979572297 61.7494657414278 6.87471755503806 0.748148841319113
33.4499999999999 1158.16334961065 -194.354991691483 61.4237383184655 8.08512394606841 0.748148831431437
33.5999999999999 1167.34855168656 -193.052592254611 61.0456351147728 9.2802055132448 0.748148821543763
33.7499999999999 1176.47316386135 -191.572249874658 60.6158728002511 10.4576970576709 0.74814881165607
33.8999999999999 1185.52949836411 -189.916770443807 60.1352659612653 11.6153667211885 0.748148801768396
34.0499999999999 1194.50999683981 -188.089291815056 59.6047255566488 12.7510202167182 0.748148791880732
34.1999999999999 1203.40724467562 -186.093277854627 59.0252571910406 13.8625049873873 0.748148781993054
34.3499999999999 1212.21398505489 -183.932511876431 58.3979592088273 14.9477142865604 0.748148772105355
34.4999999999999 1220.9231327119 -181.611089471048 57.7240206123033 16.0045911710398 0.748148762217673
34.6499999999998 1229.52778736156 -179.133410742797 57.0047188079948 17.0311323998663 0.748148752330016
34.7999999999998 1238.02124677846 -176.504171969632 56.2414171854191 18.0253922313318 0.748148742442329
34.9499999999998 1246.39701950046 -173.728356701652 55.435562532869 18.9854861110055 0.748148732554654
35.0999999999998 1254.64883713286 -170.811226315106 54.5886822951203 19.9095942437826 0.748148722666976
35.2499999999998 1262.77066622971 -167.758310039801 53.7023816782602 20.7959650431877 0.748148712779293
35.3999999999998 1270.75671972984 -164.575394478807 52.778340607124 21.642918451392 0.748148702891609
35.5499999999998 1278.60146792584 -161.268512640333 51.8183105411076 22.4488491236528 0.748148693003943
35.6999999999998 1286.29964894524 -157.843932502547 50.8241111543909 23.2122294711394 0.748148683116265
35.8499999999998 1293.8462787241 -154.308145133044 49.7976268868642 23.931612556378 0.748148673228593
35.9999999999998 1301.23666045391 -150.667852385442 48.7408033722957 24.6056348358267 0.748148663340929
36.1499999999998 1308.46639348411 -146.929954196462 47.6556437505103 25.2330187443829 0.748148653453232
36.2999999999998 1315.53138166328 -143.101535507552 46.5442048705689 25.8125751169249 0.748148643565549
36.4499999999998 1322.42784110303 -139.189852835837 45.4085933921455 26.3432054422957 0.748148633677876
36.5999999999998 1329.15230735022 -135.202320519871 44.2509617924919 26.8239039454595 0.748148623790199
36.7499999999998 1335.70164195351 -131.146496666242 43.0735042865575 27.2537594938826 0.748148613902536
36.8999999999998 1342.07303841217 -127.030068823675 41.8784526679989 27.6319573245249 0.748148604014865
37.0499999999998 1348.26402749554 -122.860839411787 40.6680720789608 27.95778058817 0.748148594127175
37.1999999999998 1354.27248192336 -118.64671093211 39.4446567166472 28.2306117081666 0.748148584239503
37.3499999999998 1360.09662039788 -114.395670989418 38.2105254848211 28.4499335510035 0.748148574351827
37.4999999999998 1365.73501098013 -110.115777151746 36.9680175984737 28.6153304065032 0.748148564464154
37.6499999999998 1371.18657380416 -105.815141677791 35.7194881499958 28.7264887757729 0.748148554576468
37.7999999999998 1376.4505831238 -101.501916140666 34.467303645254 28.7831979654211 0.748148544688799
37.9499999999998 1381.52666868825 -97.1842759771167 33.213837518034 28.7853504869132 0.748148534801124
38.0999999999998 1386.41481644391 -92.8704049915235 31.961465631352 28.7329422603087 0.748148524913444
38.2499999999998 1391.11536856101 -88.5684798440324 30.7125617741618 28.6260726219947 0.748148515025768
38.3999999999998 1395.62902278501 -84.2866545522314 29.4694931619932 28.4649441364003 0.74814850513809
38.5499999999998 1399.95683111411 -80.0330450357442 28.2346159500501 28.2498622120484 0.748148495250409
38.6999999999998 1404.10019780524 -75.8157137330354 27.0102707672721 27.9812345226744 0.748148485362736
38.8499999999998 1408.06087671238 -71.6426543195858 25.798778279826 27.6595702345071 0.748148475475054
38.9999999999998 1411.84096796225 -67.5217765564042 24.6024347924345 27.285479041177 0.748148465587383
39.1499999999998 1415.44291397365 -63.4608912975926 23.4235078958811 26.8596700080824 0.748148455699708
39.2999999999998 1418.86949482804 -59.4676956853837 22.2642321689403 26.382950228402 0.748148445812031
39.4499999999998 1422.12382300004 -55.5497585607115 21.1268049428795 25.8562232933028 0.748148435924355
39.5999999999998 1425.20933745795 -51.7145061169686 20.0133821365617 25.2804875792418 0.748148426036675
39.7499999999998 1428.12979714544 -47.9692078241429 18.9260741700421 24.6568343556089 0.748148416148998
39.8999999999998 1430.88927385667 -44.3209626500125 17.8669419644053 23.9864457162973 0.748148406261316
40.0499999999998 1433.49214451852 -40.7766856045178 16.8379930354239 23.2705923391215 0.748148396373643
40.1999999999998 1435.94308289435 -37.3430946328117 15.8411776884442 22.510631077331 0.748148386485966
40.3499999999998 1438.24705072527 -34.0266978818352 14.8783853217097 21.7080023877833 0.74814837659829
40.4999999999998 1440.40928832539 -30.8337813645504 13.9514408451306 20.8642276006526 0.748148366710611
40.6499999999998 1442.43530464923 -27.7703970452143 13.0621012212866 19.9809060358476 0.748148356822936
40.7999999999998 1444.33086684981 -24.8423513682771 12.212052135219 19.0597119716054 0.748148346935258
40.9499999999998 1446.10198934741 -22.0551942526465 11.4029047993254 18.1023914710069 0.748148337047583
41.0999999999998 1447.75492242959 -19.4142085721798 10.6361928994118 17.110759072428 0.748148327159905
41.2499999999998 1449.29614040426 -16.9244001423423 9.91336968769179 16.0866943502009 0.748148317272229
41.3999999999998 1450.73232932795 -14.5904882320121 9.23580522824192 15.0321383520044 0.74814830738455
41.5499999999998 1452.07037433292 -12.4168966184143 8.60478380013507 13.9490899197344 0.748148297496873
41.6999999999998 1453.31734657678 -10.4077452021414 8.02150146317351 12.8396019008302 0.748148287609196
41.8499999999998 1454.48048983961 -8.56684219815146 7.48706379083582 11.7057772572366 0.748148277721518
41.9999999999998 1455.56720679382 -6.89767691754554 7.00248377473478 10.5497650793769 0.74814826783384
42.1499999999998 1456.5850449729 -5.40341315380746 6.5686799045581 9.37375651269253 0.748148257946162
42.2999999999998 1457.54168246554 -4.08688318604025 6.18647442713135 8.17998060447069 0.748148248058485
42.4499999999998 1458.44491336231 -2.95058241056658 5.85659178790298 6.97070007883065 0.748148238170808
42.5999999999998 1459.3026329825 -1.99666461106853 5.57965725780537 5.74820704787841 0.74814822828313
42.7499999999998 1460.12282290905 -1.22693787623168 5.35619574809482 4.51481866715815 0.748148218395453
42.8999999999998 1460.91353585995 -0.642861172631469 5.18663081541656 3.27287274363558 0.748148208507775
43.0499999999998 1461.68288042488 -0.245541579357729 5.07128385898097 2.02472330453775 0.748148198620098
43.1999999999998 1462.43900569589 -0.0357321896188117 5.01037351137242 0.772736135448523 0.74814818873242
43.3499999999998 1463.19008582135 -0.0138306833028774 5.00401522414555 -0.480715703883188 0.748148178844743
43.4999999999998 1463.94430451235 -0.179878573201833 5.05222104899446 -1.73325637752289 0.748148168957065
43.6499999999998 1464.70983953102 -0.533561126326705 5.15489961490957 -2.98251177659205 0.748148159069388
43.7999999999998 1465.49484719016 -1.07420796046358 5.3118563013654 -4.2261140192361 0.74814814918171
43.9499999999998 1466.30744689344 -1.80079431483935 5.52279360721111 -5.46170593878952 0.748148139294033
44.0999999999998 1467.15570574559 -2.7119429924889 5.78731171456449 -6.68694555163103 0.748148129406355
44.2499999999998 1468.04762326178 -3.80592697064191 6.10490924664066 -7.89951049626023 0.748148119518678
44.3999999999998 1468.99111620503 -5.0806726741817 6.47498421807896 -9.09710243518186 0.748148109631
44.5499999999998 1469.9940035805 -6.53376390597128 6.89683517596689 -10.2774514112541 0.748148099743323
44.6999999999998 1471.0639918151 -8.16244642659709 7.3696625293982 -11.4383201502439 0.748148089855646
44.8499999999998 1472.20866015043 -9.96363317484965 7.89257006504522 -12.5775083014334 0.748148079967968
44.9999999999998 1473.43544627688 -11.9339101190463 8.46456664587257 -13.6928566082415 0.748148070080291
45.1499999999997 1474.75163223589 -14.0695427281048 9.08456808977261 -14.7822510009526 0.748148060192613
45.2999999999997 1476.16433061741 -16.366483050103 9.7513992245617 -15.8436266037978 0.748148050304934
45.4499999999997 1477.68047107837 -18.8203773849066 10.4637961154422 -16.8749716487917 0.748148040417257
45.5999999999997 1479.30678720802 -21.4265745363235 11.2204084607084 -17.874331288907 0.748148030529577
45.7499999999997 1481.04980376484 -24.1801346281412 12.0198021511546 -18.8398113033588 0.7481480206419
45.8999999999997 1482.91582430929 -27.0758384673396 12.8604619883357 -19.7695816879766 0.748148010754221
46.0499999999997 1484.91091925579 -30.1081974367298 13.7407945565268 -20.6618801238569 0.748148000866543
46.1999999999997 1487.04091436672 -33.2714638982687 14.6591312429381 -21.5150153177238 0.748147990978867
46.3499999999997 1489.31137970997 -36.5596420873311 15.6137314004615 -22.3273702076642 0.748147981091193
46.4999999999997 1491.72761910135 -39.9664994772894 16.6027856469533 -23.0974050281632 0.748147971203515
46.6499999999997 1494.29466005146 -43.4855785928597 17.6244192947996 -23.8236602286288 0.748147961315837
46.7999999999997 1497.01724423642 -47.1102092498238 18.6766959042642 -24.5047592398742 0.748147951428159
46.9499999999997 1499.89981851034 -50.8335211979273 19.7576209538831 -25.1394110833149 0.748147941540479
47.0999999999997 1502.94652647657 -54.6484571429891 20.8651456209499 -25.7264128179339 0.748147931652801
47.2499999999997 1506.16120063379 -58.5477861235408 21.9971706649246 -26.2646518203778 0.748147921765126
47.3999999999997 1509.54735511175 -62.5241172166413 23.1515504064073 -26.7531078938612 0.74814791187745
47.5499999999997 1513.10817901048 -66.5699135468873 24.3260967941326 -27.1908552018833 0.74814790198977
47.6999999999997 1516.84653035556 -70.6775065720675 25.5185835522778 -27.5770640230901 0.748147892102087
47.8499999999997 1520.7649306809 -74.8391106183829 26.7267504002233 -27.911002323957 0.748147882214416
47.9999999999997 1524.86556024933 -79.0468376376817 27.9483073367661 -28.1920371463105 0.748147872326737
48.1499999999997 1529.15025392012 -83.2927121587384 29.1809389806676 -28.4196358070584 0.748147862439061
48.2999999999997 1533.62049767104 -87.5686864042381 30.4223089593073 -28.5933669078565 0.748147852551384
48.4499999999997 1538.27742578185 -91.8666555448109 31.6700643371238 -28.7129011527955 0.748147842663706
48.5999999999997 1543.1218186843 -96.1784730612066 32.9218400754505 -28.7780119725595 0.748147832776039
48.7499999999997 1548.15410148292 -100.495966185488 34.1752635152916 -28.7885759538739 0.748147822888362
48.8999999999997 1553.3743431492 -104.810951391978 35.4279588745419 -28.7445730734266 0.748147813000688
49.0499999999997 1558.78225639095 -109.115249908598 36.6775517511264 -28.6460867358211 0.748147803113006
49.1999999999997 1564.37719819673 -113.400703219193 37.9216736235239 -28.4933036154886 0.748147793225335
49.3499999999997 1570.15817105476 -117.659188527467 39.1579663401446 -28.2865133028584 0.74814778333764
49.4999999999997 1576.12382484351 -121.882634153209 40.3840865890521 -28.0261077554584 0.748147773449966
49.6499999999997 1582.27245939089 -126.063034831641 41.5977103395579 -27.7125805549853 0.748147763562292
49.7999999999997 1588.60202769671 -130.192466886864 42.7965372472695 -27.3465259717526 0.748147753674609
49.9499999999997 1595.11013981273 -134.263103250677 43.9782950142425 -26.9286378382901 0.748147743786925
50.0999999999997 1601.79406737255 -138.267228298263 45.1407436959726 -26.4597082342297 0.748147733899259
50.2499999999997 1608.65074876315 -142.197252472659 46.281679947064 -25.9406259849701 0.748147724011563
50.3999999999997 1615.67679492789 -146.045726670261 47.3989411975265 -25.3723749769669 0.74814771412387
50.5499999999997 1622.86849579033 -149.805356360111 48.4904097517849 -24.7560322928395 0.748147704236208
50.6999999999997 1630.22182728635 -153.469015410204 49.5540168026328 -24.0927661698319 0.748147694348533
50.8499999999997 1637.73245899157 -157.029759594608 50.5877463525211 -23.3838337854951 0.748147684460857
50.9999999999997 1645.39576232934 -160.480839755784 51.5896390347494 -22.6305788747897 0.74814767457318
51.1499999999997 1653.20681934395 -163.815714597176 52.5577958273172 -21.8344291831238 0.74814766468551
51.2999999999997 1661.16043202225 -167.028063081812 53.4903816523961 -20.996893760155 0.748147654797836
51.4499999999997 1669.25113214614 -170.111796413411 54.3856288545995 -20.1195600994858 0.748147644910161
51.5999999999997 1677.47319165729 -173.061069577302 55.2418405514578 -19.204091129673 0.748147635022496
51.7499999999997 1685.82063351421 -175.870292419264 56.0573938497478 -18.2522220622557 0.748147625134817
51.8999999999997 1694.28724302139 -178.534140241299 56.8307429215808 -17.265757102775 0.748147615247147
52.0499999999997 1702.86657960885 -181.047563894248 57.5604219344182 -16.2465660310207 0.748147605359461
52.1999999999997 1711.5519890398 -183.405799348124 58.2450478294609 -15.1965806569862 0.748147595471773
52.3499999999997 1720.33661602332 -185.604376722015 58.883322943147 -14.1177911592484 0.748147585584115
52.4999999999997 1729.21341720813 -187.639128756455 59.4740374667876 -13.0122423127152 0.748147575696422
52.6499999999997 1738.17517453276 -189.50619871219 60.0160717396808 -11.882029612888 0.748147565808744
52.7999999999997 1747.21450890696 -191.202047680373 60.5083983713545 -10.7292953039871 0.748147555921071
52.9499999999997 1756.32389419825 -192.723461290338 60.9500841889179 -9.55622431846821 0.748147546033397
53.0999999999997 1765.49567149724 -194.067555802223 61.34029200583 -8.36504013562567 0.748147536145717
53.2499999999997 1774.72206363456 -195.231783572917 61.6782822087316 -7.15800056713306 0.748147526258043
53.3999999999997 1783.995189922 -196.213937884946 61.9634141593337 -5.93739347750891 0.748147516370379
53.5499999999997 1793.30708108982 -197.012157129161 62.1951474087059 -4.7055324476192 0.748147506482711
53.6999999999997 1802.64969439201 -197.624928333302 62.3730427216618 -3.46475238943622 0.748147496595013
53.8499999999997 1812.01492885074 -198.051090029729 62.4967629093003 -2.21740512036574 0.748147486707353
53.9999999999997 1821.39464061129 -198.289834456915 62.5660734681253 -0.96585490553098 0.748147476819688
54.1499999999997 1830.78065837814 -198.340709090502 62.5808430245313 0.287526023537189 0.748147466932009
54.2999999999997 1840.16479890317 -198.203617501032 62.5410435838141 1.54036196530989 0.748147457044323
54.4499999999997 1849.53888249645 -197.878819536721 62.4467505832322 2.79027825124699 0.748147447156629
54.5999999999997 1858.89474853029 -197.366930830935 62.2981427490207 4.03490574682597 0.748147437268949
54.7499999999997 1868.22427090723 -196.668921635297 62.0955017576276 5.27188534208131 0.748147427381266
54.8999999999997 1877.51937346245 -195.786114980638 61.8392117018138 6.49887242314309 0.748147417493571
55.0499999999997 1886.77204527169 -194.720184169278 61.5297583626311 7.7135413162991 0.748147407605904
55.1999999999997 1895.97435583538 -193.473149603392 61.1677282886554 8.9135896961572 0.748147397718227
55.3499999999997 1905.11847011039 -192.04737495547 60.7538076842228 10.0967429495524 0.748147387830526
55.4999999999997 1914.19666336087 -190.445562688129 60.2887811087733 11.2607584869272 0.748147377942861
55.6499999999997 1923.20133579993 -188.67074893177 59.7735299897707 12.4034299930134 0.748147368055184
55.7999999999996 1932.12502699462 -186.726297729798 59.2090309520136 13.5225916087584 0.748147358167524
55.9499999999996 1940.96043000658 -184.615894662289 58.5963539665075 14.6161220365688 0.748147348279845
56.0999999999996 1949.70040524199 -182.343539860222 57.9366603224046 15.6819485610919 0.748147338392164
56.2499999999996 1958.33799398408 -179.913540423486 57.231200425856 16.7180509779114 0.748147328504481
56.3999999999996 1966.86643158303 -177.33050225706 56.4813114299489 17.7224654227128 0.748147318616792
56.5499999999996 1975.27916027783 -174.599321340814 55.6884147002202 18.6932880936596 0.748147308729138
56.6999999999996 1983.56984162616 -171.725174449507 54.8540131205512 19.6286788599254 0.748147298841456
56.8499999999996 1991.73236851844 -168.713509340544 53.9796882445494 20.5268647495411 0.748147288953794
56.9999999999996 1999.7608767535 -165.57003442811 53.0670972978174 21.3861433099471 0.748147279066124
57.1499999999996 2007.64975615374 -162.300707963245 52.1179700367897 22.2048858348813 0.748147269178454
57.2999999999996 2015.3936611989 -158.911726740367 51.1341054700932 22.9815404514845 0.748147259290788
57.4499999999996 2022.98752115811 -155.409514351656 50.1173684486431 23.7146350617742 0.748147249403121
57.5999999999996 2030.42654970117 -151.800709011553 49.0696861309412 24.4027801329098 0.748147239515427
57.7499999999996 2037.70625397067 -148.09215097446 47.9930443302721 25.0446713309613 0.748147229627749
57.8999999999996 2044.82244309796 -144.290869569486 46.8894837507242 25.6390919931887 0.748147219740069
58.0499999999996 2051.77123614661 -140.404069876814 45.7610961191693 26.1849154341467 0.748147209852377
58.1999999999996 2058.54906946854 -136.439119070939 44.6100202205301 26.681107081243 0.748147199964693
58.3499999999996 2065.15270345863 -132.403532456676 43.4384378438544 27.1267264357033 0.748147190077028
58.4999999999996 2071.57922869519 -128.304959224387 42.2485696468758 27.5209288552245 0.748147180189339
58.6499999999996 2077.8260714546 -124.151167951445 41.042670946903 27.8629671549396 0.748147170301659
58.7999999999996 2083.89099858959 -119.950031877402 39.8230274460129 28.1521930236571 0.748147160413982
58.9499999999996 2089.77212176209 -115.709513980779 38.5919508986523 28.3880582526926 0.748147150526321
59.0999999999996 2095.46790102238 -111.437651885759 37.3517747298581 28.5701157749627 0.748147140638637
59.2499999999996 2100.97714772801 -107.142542627401 36.1048496124034 28.6980205123708 0.748147130750958
59.3999999999996 2106.29902679678 -102.832327304236 34.8535390112508 28.7715300298806 0.74814712086328
59.5499999999996 2111.43305828959 -98.5151756473503 33.6002147037592 28.7905049950353 0.74814711097561
59.6999999999996 2116.37911832011 -94.1992705351908 32.3472522841349 28.7549094420535 0.748147101087934
59.8499999999996 2121.13743928965 -89.892792483459 31.0970266606488 28.6648108399996 0.748147091200256
59.9999999999996 2125.70860944659 -85.6039041394761 29.8519075541524 28.5203799649009 0.748147081312576
