0 0 0 0 0 0.0481510363836827
0.12 0.00123032234476471 -0.0706105693018458 0.0204991508071454 -1.17684282169743 0.048151032812629
0.24 0.0073789481509529 -0.282356593424992 0.0819717281313501 -2.35225779703464 0.0481510292415753
0.36 0.0233582131208154 -0.634981163991377 0.18434314818668 -3.52481881216816 0.0481510256705216
0.48 0.0540685255849581 -1.12805644673759 0.327489205217921 -4.69310321592299 0.0481510220994679
0.6 0.104392420908399 -1.76098420059994 0.511236222197618 -5.85569354587447 0.0481510185284145
0.72 0.179188637581633 -2.53299650355168 0.735361261545879 -7.01117924813479 0.0481510149573607
0.84 0.283286222184102 -3.44315668431156 0.9995923956173 -8.15815838875744 0.0481510113863071
0.96 0.421478670372422 -4.49036045879346 1.30360903662681 -9.29523935468322 0.0481510078152536
1.08 0.598518111002032 -5.67333726991825 1.64704232561418 -10.421042542164 0.0481510042442
1.2 0.819109540438578 -6.99065182916207 2.02947557997517 -11.5342020306161 0.0481510006731462
1.32 1.08790511405446 -8.44070585797106 2.45044479901654 -12.6333672398712 0.0481509971020923
1.44 1.4094985018366 -10.0217400269294 2.90943922692125 -13.7172045688163 0.048150993531038
1.56 1.78841931495362 -11.7318360903281 3.40590197244112 -14.784399013432 0.0481509899599858
1.68 2.22912761004474 -13.5689192135444 3.93923068456478 -15.8336557622678 0.0481509863889321
1.8 2.73600847789812 -15.5307604904085 4.50877828334146 -16.863701767418 0.0481509828178778
1.92 3.31336672308414 -17.614979647503 5.11385374497359 -17.8732872890922 0.0481509792468214
2.04 3.96542164099885 -19.8190479321137 5.75372294022593 -18.8611874119062 0.0481509756757657
2.16 4.69630189865444 -22.1402911803287 6.42760952513387 -19.826203531054 0.0481509721047124
2.28 5.51004052542776 -24.575893061562 7.13469588293023 -20.7671648065577 0.0481509685336577
2.4 6.4105700198446 -27.122898495567 7.87412411604776 -21.6829295838304 0.0481509649626034
2.52 7.40171757833667 -29.7782172377916 8.64499708699377 -22.5723867788289 0.0481509613915518
2.64 8.48720045175995 -32.5386276287274 9.44637950683393 -23.4344572261163 0.0481509578204947
2.76 9.67062143530849 -35.4007805027019 10.2772990699647 -24.2680949881969 0.0481509542494401
2.88 10.9554644972955 -38.3612032513723 11.1367476337977 -25.0722886245377 0.0481509506783869
3 12.3450905521057 -41.4163040369909 12.023682441924 -25.8460624187339 0.0481509471073341
3.12 13.8427333824464 -44.562376150329 12.9370273892758 -26.5884775623315 0.0481509435362772
3.24 15.4514957158467 -47.7956025079738 13.8756743277486 -27.29863329387 0.0481509399652233
3.36 17.1743454601631 -51.1120602835393 14.8384844107013 -27.9756679917632 0.0481509363941701
3.48 19.0141121026605 -54.5077256671747 15.8242894747022 -28.6187602196917 0.0481509328231108
3.6 20.9734832770361 -57.9784787475944 16.8318934568447 -29.2271297232401 0.0481509292520618
3.72 23.0550015025531 -61.520108510706 17.8600738459129 -29.800038376568 0.0481509256810092
3.84 25.2610610992392 -65.1283179487721 18.9075831656366 -30.3367910779674 0.04815092210996
3.96 27.5939052828928 -68.7987292739077 19.9731504882363 -30.8367365932193 0.0481509185389108
4.08 30.0556234434218 -72.526889229586 21.0554829764211 -31.2992683457272 0.0481509149678578
4.2 32.6481486098182 -76.3082744937094 22.1532674519692 -31.7238251524667 0.0481509113967977
4.32 35.3732551048411 -80.1382971666908 23.2651719889884 -32.1098919048617 0.048150907825741
4.44 38.2325563922579 -84.0123103378846 24.3898475299219 -32.4570001937574 0.0481509042546975
4.56 41.2275031192512 -87.9256137236163 25.5259295223401 -32.7647288777345 0.0481509006836492
4.68 44.3593813563708 -91.8734593699674 26.6720395745326 -33.032704594074 0.0481508971125952
4.8 47.629311037162 -95.8510574133992 27.8267871278905 -33.2606022117528 0.0481508935415306
4.92 51.0382445993677 -99.8535818922242 28.9887711440509 -33.4481452259201 0.0481508899704793
5.04 54.5869658293487 -103.876176601875 30.156581804756 -33.5951060933771 0.0481508863994334
5.16 58.2760889111276 -107.913960986866 31.3288022223657 -33.7013065086516 0.0481508828283736
5.28 62.1060576812082 -111.962036062301 32.5040101589461 -33.7666176203335 0.0481508792573159
5.4 66.0771450900751 -116.01549035774 33.6807797518505 -33.7909601874082 0.048150875686259
5.52 70.1894528710271 -120.069405876214 34.8576832436972 -33.7743046753988 0.0481508721152089
5.64 74.4429114167455 -124.11886406116 36.0332927146473 -33.7166712921995 0.0481508685441513
5.76 78.8372798637476 -128.158951764031 37.2061818148786 -33.6181299635582 0.0481508649731043
5.88 83.3721463846231 -132.184767205354 38.3749274951552 -33.4788002482359 0.0481508614020602
6 88.0469286876981 -136.191425921979 39.5381117333925 -33.2988511929485 0.0481508578310091
6.12 92.8608747235213 -140.174066693334 40.6943232551222 -33.0785011272642 0.0481508542599509
6.24 97.8130635973143 -144.127857439469 41.8421592457717 -32.818017398708 0.0481508506889153
6.36 102.90240668628 -148.048001083749 42.9802270526781 -32.5177160483926 0.0481508471178492
6.48 108.127648960414 -151.929741373078 44.1071458747737 -32.1779614275702 0.0481508435468021
6.6 113.487370505211 -155.768368648591 45.2215484378912 -31.7991657555705 0.0481508399757526
6.72000000000001 118.979988244431 -159.559225559814 46.3220826536583 -31.3817886196612 0.0481508364046939
6.84000000000001 124.603757860817 -163.29771271536 47.4074132599662 -30.9263364174373 0.0481508328336219
6.96000000000001 130.356775912455 -166.979294263303 48.4762234410237 -30.4333617424163 0.0481508292625844
7.08000000000001 136.23698214219 -170.599503394461 49.5272164250311 -29.9034627135844 0.0481508256915107
7.20000000000001 142.242161977305 -174.15394776191 50.5591170575337 -29.3372822497077 0.0481508221204737
7.32000000000001 148.369949216431 -177.638314810156 51.5706733485489 -28.7355072892882 0.0481508185494281
7.44000000000001 154.617828900426 -181.048377007494 52.5606579915866 -28.0988679571111 0.0481508149783568
7.56000000000001 160.983140363734 -184.379996975211 53.527869852723 -27.4281366783952 0.0481508114072957
7.68000000000001 167.463080462538 -187.629132507409 54.4711354279183 -26.7241272416208 0.0481508078362444
7.80000000000001 174.054706975766 -190.791841475351 55.3893102668125 -25.9876938111718 0.0481508042652047
7.92000000000001 180.754942174853 -193.86428661039 56.2812803612698 -25.2197298909904 0.0481508006941601
8.04000000000001 187.560576557896 -196.842740159673 57.1459634969889 -24.4211672405022 0.0481507971231045
8.16000000000001 194.468272743703 -199.723588408966 57.9823105665375 -23.5929747441256 0.0481507935520411
8.28 201.474569520984 -202.503336067123 58.7893068422193 -22.7361572357389 0.0481507899809707
8.4 208.575886047792 -205.178610506869 59.5659732072279 -21.8517542795295 0.0481507864099253
8.52 215.768526196103 -207.746165856763 60.3113673435955 -20.9408389087065 0.0481507828388719
8.64 223.048683036275 -210.202886939365 61.0245848754931 -20.0045163236046 0.048150779267823
8.76 230.412443455942 -212.545793050833 61.7047604664966 -19.0439225507608 0.0481507756967536
8.88 237.855792907734 -214.772041577373 62.3510688694871 -18.0602230645901 0.0481507721257218
9 245.374620280072 -216.878931444134 62.9627259279107 -17.0546113733322 0.0481507685546682
9.12 252.964722885114 -218.863906392388 63.5389895271846 -16.0283075709857 0.0481507649836119
9.24 260.621811557822 -220.724558080999 64.0791604950939 -14.9825568569853 0.0481507614125383
9.36 268.341515859936 -222.458629008428 64.5825834500868 -13.91862802542 0.0481507578414848
9.48 276.119389382569 -224.06401525173 65.0486475964396 -12.8378119256235 0.0481507542704243
9.6 283.950915140968 -225.538769019206 65.4767874653262 -11.7414198960055 0.0481507506993842
9.72 291.831511054905 -226.881101013638 65.8664836008933 -10.630782173024 0.0481507471283118
9.83999999999999 299.756535508047 -228.089382603213 66.2172631905085 -9.50724627722892 0.0481507435572361
9.95999999999999 307.721292979566 -229.162147797519 66.528700638417 -8.37217537833484 0.0481507399861806
10.08 315.72103974114 -230.098095026209 66.8004180821105 -7.22694664130722 0.0481507364151441
10.2 323.750989612455 -230.896088718178 67.0320858507826 -6.07294955546821 0.0481507328440738
10.32 331.806319768203 -231.555160679336 67.2234228653135 -4.9115842486495 0.0481507292729886
10.44 339.882176589547 -232.074511267302 67.374196979299 -3.74425978843765 0.0481507257019854
10.56 347.97368155295 -232.4535103616 67.4842252607105 -2.57239247257298 0.0481507221309582
10.68 356.075937149211 -232.691698128171 67.5533742138437 -1.39740411057611 0.0481507185599203
10.8 364.184032825541 -232.788785577289 67.5815599412871 -0.22072029868727 0.0481507149888578
10.92 372.293050943473 -232.744654914185 67.5687482457131 0.956231309788858 0.0481507114178004
11.04 380.398072745351 -232.559359681963 67.5149546713699 2.13202273663405 0.0481507078467224
11.16 388.494184322194 -232.233124696642 67.4202444852209 3.30522741126171 0.0481507042756531
11.28 396.576482575666 -231.766345774387 67.2847325977582 4.4744219015541 0.0481507007045784
11.4 404.640081166938 -231.15958925127 67.1085834235825 5.63818764089182 0.048150697133498
11.52 412.680116445205 -230.413591296145 66.8920106819219 6.79511264927998 0.0481506935624528
11.64 420.691753348689 -229.529257017466 66.6352771373292 7.94379324648291 0.0481506899913915
11.76 428.670191270946 -228.507659365128 66.3386942808736 9.08283575508891 0.0481506864203528
11.88 436.610669885373 -227.350037828676 66.0026219522128 10.2108581914388 0.0481506828492715
12 444.508474920841 -226.057796933449 65.6274679030055 11.3264919423663 0.0481506792782389
12.12 452.358943881451 -224.63250453649 65.2136873021913 12.4283834257169 0.0481506757071606
12.24 460.157471703477 -223.075889924287 64.7617821837418 13.5151957326287 0.0481506721361031
12.36 467.899516342617 -221.389841714659 64.2723008375493 14.585610249585 0.0481506685650391
12.48 475.580604284791 -219.576405565318 63.7458371441952 15.6383282582684 0.0481506649939914
12.6 483.196335973793 -217.637781691904 63.1830298544033 16.6720725112772 0.048150661422935
12.72 490.742391149203 -215.576322198499 62.5845618140525 17.6855887817907 0.0481506578518897
12.84 498.214534088102 -213.394528223849 61.9511591356902 18.6776473853045 0.0481506542808395
12.96 505.608618744208 -211.095046906771 61.2835903175505 19.6470446715886 0.0481506507097854
13.08 512.920593778216 -208.680668174416 60.5826653111463 20.5926044850589 0.0481506471387308
13.2 520.146507473228 -206.154321357295 59.849234538567 21.5131795917893 0.0481506435676733
13.32 527.282512529315 -203.519071635161 59.084187860674 22.4076530714343 0.0481506399966307
13.44 534.324870731385 -200.778116318074 58.2884534974454 23.2749396723717 0.0481506364255918
13.56 541.269957484713 -197.934780967148 57.4629969017798 24.1139871284228 0.0481506328545353
13.68 548.1142662126 -194.992515359701 56.6088195881271 24.9237774355518 0.0481506292834835
13.8 554.854412610859 -191.954889303685 55.7269579173651 25.7033280869948 0.0481506257124105
13.92 561.487138753937 -188.825588306495 54.8184818393982 26.4516932653212 0.0481506221413501
14.04 568.009317047708 -185.608409103393 53.8844935950027 27.1679649899801 0.0481506185703042
14.16 574.417954024143 -182.307255050987 52.9261263784942 27.8512742189399 0.0481506149992645
14.28 580.710193973236 -178.926131391343 51.9445429628393 28.5007919030845 0.0481506114282112
14.4 586.883322407795 -175.469140392486 50.9409342888802 29.1157299920859 0.0481506078571492
14.52 592.934769356895 -171.940476371175 49.9165180203838 29.6953423905349 0.0481506042861035
14.64 598.862112483978 -168.344420604003 48.8725370666677 30.2389258631673 0.0481506007150464
14.76 604.663080025847 -164.685336132982 47.8102580745964 30.745820888089 0.0481505971439971
14.88 610.335553548958 -160.967662471933 46.7309698917776 31.2154124569647 0.0481505935729537
15 615.877570519686 -157.195910220085 45.6359820028214 31.6471308211979 0.0481505900018961
15.12 621.287326685437 -153.374655589432 44.5266229405626 32.0404521831992 0.0481505864308485
15.24 626.563178263724 -149.508534852482 43.4042386741707 32.3948993319016 0.0481505828597936
15.36 631.703643936543 -145.602238717134 42.2701909761051 32.7100422217545 0.0481505792887468
15.48 636.707406647634 -141.660506635513 41.1258557698967 32.9854984944909 0.0481505757176978
15.6 641.573315200445 -137.688121053658 39.9726214607597 33.2209339430378 0.0481505721466402
15.72 646.300385654867 -133.689901609052 38.81188725106 33.4160629170042 0.048150568575582
15.84 650.887802521026 -129.670699283029 37.6450614426832 33.5706486692568 0.0481505650045475
15.96 655.334919748714 -125.635390515145 36.4735597283626 33.6845036431621 0.0481505614335035
16.08 659.641261511225 -121.588871286665 35.2988034740399 33.7574897001454 0.0481505578624381
16.2 663.806522782672 -117.536051180343 34.1222179943425 33.7895182872931 0.0481505542913927
16.32 667.830569708072 -113.481847423696 32.9452308232701 33.7805505447921 0.0481505507203561
16.44 671.713439765744 -109.431178923003 31.7692699821884 33.7305973530783 0.0481505471493069
16.56 675.455341721845 -105.388960295268 30.5957622472318 33.639719319635 0.0481505435782539
16.68 679.056655377072 -101.360095905386 29.426131418217 33.5080267054592 0.0481505400071965
16.8 682.517931105856 -97.3494739157501 28.2617965911665 33.335679291283 0.0481505364361479
16.92 685.839889188602 -93.3619603555151 27.1041704365413 33.1228861837148 0.0481505328651004
17.04 689.023418937783 -89.4023932167143 25.9546574852674 32.8699055615322 0.0481505292940391
17.16 692.069577618948 -85.4755765843953 24.8146524246396 32.5770443624385 0.0481505257229825
17.28 694.979589167961 -81.5862748078935 23.6855384061675 32.2446579106589 0.0481505221519186
17.4 697.754842706015 -77.7392067203162 22.5686853674179 31.8731494858312 0.0481505185808637
17.52 700.39689085423 -73.9390399132515 21.4654483698897 31.4629698337125 0.0481505150098144
17.64 702.907447849883 -70.1903850736477 20.3771659549373 31.0146166192955 0.0481505114387675
17.76 705.28838746655 -66.4977903897336 19.3051585197382 30.5286338229994 0.0481505078677156
17.88 707.54174074068 -62.8657360327686 18.2507267152742 30.005611080666 0.0481505042966699
18 709.66969350737 -59.2986287213158 17.2151498682705 29.4461829681634 0.0481505007256153
18.12 711.674583748325 -55.800796374635 16.1996844290074 28.851028231464 0.0481504971545623
18.24 713.558898755214 -52.3764828616813 15.2055624468872 28.2208689631322 0.0481504935835043
18.36 715.325272111882 -49.0298428520808 14.2339900756072 27.5564697262201 0.04815049001245
18.48 716.976480499054 -45.7649367753305 13.2861461097503 26.8586366266338 0.0481504864413971
18.6 718.515440325436 -42.5857258943384 12.3631805545715 26.1282163350974 0.0481504828703462
18.72 719.945204189271 -39.4960674992813 11.4662132307125 25.3660950598996 0.0481504792992917
18.84 721.268957174673 -36.4997102276106 10.5963324155402 24.5731974716699 0.0481504757282366
18.96 722.490012987208 -33.6002895158853 9.75459352275573 23.7504855814894 0.0481504721571834
19.08 723.611809933422 -30.8013231889497 8.94201782187584 22.8989575736967 0.0481504685861316
19.2 724.637906749195 -28.1062071918081 8.15959119914203 22.0196465948057 0.0481504650150789
19.32 725.571978281981 -25.5182114693742 7.40826296135891 21.1136195000033 0.0481504614440271
19.44 726.417811032166 -23.0404759990947 6.68894468411417 20.1819755587505 0.0481504578729727
19.56 727.179298558961 -20.67600698126 6.0025091057772 19.2258451210538 0.04815045430192
19.68 727.860436756411 -18.4276731916262 5.34978906861839 18.246388246029 0.0481504507308646
19.8 728.465319005224 -16.2982025007703 4.73157650833373 17.2447932944175 0.0481504471598109
19.92 728.998131206342 -14.2901785644053 4.14862149320079 16.2222754867663 0.0481504435887571
20.04 729.463146702242 -12.4060376886684 3.60163131403185 15.180075429018 0.0481504400177043
20.16 729.864721092154 -10.6480658741861 3.09126962602825 14.1194576073022 0.0481504364466503
20.28 730.207286947477 -9.01839604250276 2.61815564357721 13.0417088537526 0.0481504328755975
20.4 730.495348433803 -7.51900544823877 2.1828633889681 11.9481367852126 0.0481504293045439
20.52 730.733475846079 -6.15171328011572 1.78592099593955 10.8400682167225 0.048150425733491
20.64 730.926300063537 -4.91817845376152 1.42781006890246 9.7188475517146 0.0481504221624371
20.76 731.078506931111 -3.8198975989723 1.10896509861646 8.58583515086777 0.0481504185913832
20.88 731.194831574175 -2.85820324387327 0.829772935028559 7.44240568160184 0.0481504150203295
21 731.280052653481 -2.03426219818183 0.5905723179138 6.28994645021367 0.0481504114492758
21.12 731.338986567282 -1.34907413753438 0.391653465887203 5.12985571867859 0.0481504078782223
21.24 731.376481607662 -0.803470390594454 0.233257724285771 3.96354100815962 0.0481504043071686
21.36 731.397412078179 -0.398112930413821 0.115577272347721 2.79241739128251 0.048150400736115
21.48 731.406672379942 -0.133493571270243 0.0387548900442178 1.61790577524878 0.0481503971650614
21.6 731.409171073304 -0.00993337195640343 0.00288378484652706 0.441431177869769 0.0481503935940078
21.72 731.409824922378 -0.0275822462439838 0.00800747863875377 -0.735579001386718 0.0481503900229542
21.84 731.413552929598 -0.186418780995485 0.054119754913381 -1.91169671323936 0.0481503864519006
21.96 731.425270367571 -0.486250262144497 0.141164666313673 -3.08549499122468 0.048150382880847
22.08 731.449882815437 -0.92671290851288 0.269036602513795 -4.25554968301463 0.0481503793097934
22.2 731.492280207013 -1.50727231318119 0.437580418354281 -5.42044117831985 0.0481503757387398
22.32 731.557330897902 -2.22722409187679 0.646591622077404 -6.57875613128212 0.0481503721676861
22.44 731.649875758786 -3.08569473759308 0.895816623434046 -7.72908917526626 0.0481503685966324
22.56 731.774722302073 -4.08164268040279 1.18495304136105 -8.87004462797097 0.0481503650255787
22.68 731.936638849012 -5.21385955117958 1.51365007085577 -10.0002381847898 0.0481503614545256
22.8 732.140348744355 -6.48097164769475 1.88150890860266 -11.1182985983679 0.0481503578834714
22.92 732.390524625592 -7.8814416013101 2.28808323683551 -12.222869342316 0.0481503543124188
23.04 732.691782753712 -9.41357024224487 2.73287976484831 -13.3126102570646 0.0481503507413649
23.16 733.048677412359 -11.0754986611537 3.21535882749768 -14.3861991758597 0.0481503471703108
23.28 733.465695382183 -12.8652104645143 3.7349350399707 -15.4423335289285 0.0481503435992566
23.4 733.947250497098 -14.7805342210881 4.29097800802375 -16.4797319238683 0.048150340028203
23.52 734.497678289043 -16.8191460964863 4.88281309283073 -17.4971357003415 0.0481503364571493
23.64 735.121230727739 -18.9785726726444 5.50972222951241 -18.4933104571893 0.0481503328860975
23.76 735.82207106184 -21.2561939487839 6.17094479835417 -19.4670475501128 0.0481503293150432
23.88 736.604268767725 -23.6492465202212 6.86567854765476 -20.4171655581039 0.0481503257439908
24 737.47179461206 -26.1548269311663 7.5930805670866 -21.3425117168455 0.0481503221729401
24.12 738.428515834123 -28.7698951974434 8.35226831038657 -22.2419633173443 0.0481503186018845
24.24 739.478191453741 -31.4912784948592 9.14232066613659 -23.1144290680966 0.0481503150308282
24.36 740.624467710529 -34.3156750087443 9.96227907533458 -23.9588504191369 0.0481503114597762
24.48 741.870873639955 -37.2396579399967 10.8111486944002 -24.7742028463607 0.048150307888723
24.6 743.220816791615 -40.2596796627676 11.687899602204 -25.5594970945652 0.048150304317667
24.72 744.677579094905 -43.3720760287433 12.5914680496556 -26.3137803776974 0.0481503007466169
24.84 746.2443128771 -46.5730708128038 13.5207577503354 -27.0361375348563 0.0481502971755639
24.96 747.924037038687 -49.8587802946612 14.4746412106023 -27.7256921406438 0.0481502936045045
25.08 749.71963339057 -53.2252179709206 15.4519610975657 -28.381607568519 0.0481502900334537
25.2 751.633843157615 -56.6682993918473 16.4515316432604 -29.0030880058649 0.0481502864624002
25.32 753.669263652764 -60.1838471169695 17.4721400833217 -29.5893794195364 0.0481502828913494
25.44 755.828345125747 -63.7675957835059 18.5125481284147 -30.1397704707176 0.0481502793202943
25.56 758.113387790234 -67.4151972814687 19.5714934666326 -30.6535933779786 0.0481502757492382
25.68 760.526539033022 -71.1222260291612 20.6476912950417 -31.1302247274855 0.0481502721781858
25.8 763.069790808633 -74.8841843426723 21.7398358785133 -31.5690862293786 0.0481502686071288
25.92 765.744977222514 -78.6965078928503 22.8466021339539 -31.9696454194038 0.0481502650360754
26.04 768.553772305738 -82.5545712431371 23.9666472380086 -32.3314163049431 0.0481502614650214
26.16 771.497687983928 -86.4536934615429 25.0986122562896 -32.6539599546625 0.0481502578939775
26.28 774.578072242863 -90.3891437999526 26.2411237921509 -32.9368850310612 0.0481502543229141
26.4 777.796107492979 -94.3561474338736 27.3927956530109 -33.1798482652756 0.048150250751863
26.52 781.152809134775 -98.3498912556606 28.5522305321993 -33.3825548735621 0.0481502471807947
26.64 784.649024326839 -102.365529714189 29.7180217042894 -33.5447589149544 0.0481502436097378
26.76 788.285430958004 -106.398190693891 30.8887547318568 -33.6662635896597 0.0481502400386839
26.88 792.062536824875 -110.442981426024 32.0630091815964 -33.746921477833 0.0481502364676222
27 795.980679015724 -114.494994424993 33.2393603477128 -33.7866347184399 0.0481502328965727
27.12 800.040023501512 -118.549313442532 34.4163809804956 -33.7853551279892 0.048150229325529
27.24 804.240564934514 -122.601019432518 35.5926430179804 -33.7430842589942 0.0481502257544821
27.36 808.582126654807 -126.645196519178 36.7667193185954 -33.659873398088 0.0481502221834354
27.4800000000001 813.064360904612 -130.676937961445 37.9371853926919 -33.5358235037989 0.0481502186123799
27.6000000000001 817.686749250223 -134.69135210624 39.1026211308563 -33.3710850840588 0.0481502150413343
27.7200000000001 822.448603211012 -138.683568323444 40.2616125269084 -33.1658580135938 0.048150211470274
27.8400000000001 827.349065094756 -142.648742915356 41.4127533934945 -32.9203912914193 0.0481502078992328
27.9600000000001 832.38710903826 -146.582064993488 42.554647068194 -32.6349827387332 0.0481502043281604
28.0800000000001 837.561542252024 -150.478762315542 43.6859081080693 -32.3099786375736 0.0481502007571045
28.2000000000001 842.871006467435 -154.334107075504 44.8051639706038 -31.9457733106799 0.048150197186044
28.3200000000001 848.313979584737 -158.143421639818 45.9110566789876 -31.5428086430671 0.0481501936150099
28.4400000000001 853.888777519769 -161.902084222697 47.0022444697309 -31.1015735458924 0.048150190043942
28.5600000000001 859.593556247244 -165.605534493663 48.0774034206062 -30.6226033632672 0.0481501864729109
28.6800000000001 865.426314038075 -169.249279110529 49.1352290569437 -30.1064792227316 0.0481501829018657
28.8000000000001 871.384893888042 -172.828897171113 50.1744379343315 -29.5538273301805 0.0481501793308002
28.9200000000001 877.466986134861 -176.340045577044 51.1937691957997 -28.9653182100976 0.048150175759763
29.0400000000001 883.670131260456 -179.778464303186 52.1919861016003 -28.3416658920178 0.0481501721887069
29.1600000000001 889.991722875058 -183.139981566264 53.1678775297248 -27.6836270442051 0.0481501686176622
29.2800000000001 896.429010879504 -186.420518886427 54.1202594453416 -26.9920000555985 0.0481501650466105
29.4000000000001 902.979104801887 -189.616096035606 55.0479763373675 -26.2676240671381 0.048150161475567
29.5200000000001 909.638977304528 -192.72283586667 55.949902620433 -25.511377953648 0.0481501579045038
29.6400000000001 916.405467856994 -195.736969017511 56.8249440005383 -24.7241792575095 0.0481501543334626
29.7600000000001 923.275286570733 -198.654838484355 57.6720388027442 -23.9069830754212 0.0481501507623987
29.8800000000001 930.245018190639 -201.472904058751 58.4901592592871 -23.0607808995937 0.0481501471913695
30.0000000000001 937.311126238735 -204.187746622858 59.2783127565543 -22.1865994147864 0.0481501436203165
30.1200000000001 944.469957304932 -206.796072297805 60.0355430394078 -21.2854992526461 0.048150140049241
30.2400000000001 951.717745479654 -209.294716440111 60.7609313713948 -20.3585737048581 0.0481501364781866
30.3600000000001 959.050616922964 -211.680647481298 61.453597649437 -19.4069473966712 0.0481501329071226
30.4800000000001 966.464594564637 -213.950970606051 62.1127014716468 -18.4317749224063 0.0481501293360907
30.6000000000001 973.955602929481 -216.102931264453 62.737443156975 -17.4342394446041 0.0481501257650369
30.7200000000001 981.519473082052 -218.13391851404 63.3270647154519 -16.4155512585112 0.0481501221939724
30.8400000000001 989.151947684762 -220.041468187625 63.8808507678453 -15.3769463236463 0.0481501186229272
30.9600000000001 996.848686163244 -221.823265883025 64.3981294136201 -14.3196847642288 0.0481501150518667
31.0800000000001 1004.60526997271 -223.477149771105 64.8782730461451 -13.2450493402884 0.0481501114808035
31.2000000000001 1012.4172079589 -225.00111321868 65.3206991141589 -12.154343891311 0.0481501079097432
31.3200000000001 1020.27994180715 -226.393307223146 65.7248708285712 -11.0488917543095 0.0481501043386763
31.4400000000001 1028.18885157292 -227.65204265584 66.0902978137409 -9.93003415823778 0.0481501007676516
31.5600000000001 1036.13926128707 -228.775792311438 66.4165367024417 -8.7991285966978 0.048150097196584
31.6800000000001 1044.12644462923 -229.763192760889 66.7031916737933 -7.65754718091202 0.0481500936255416
31.8000000000001 1052.14563066208 -230.613046005647 66.9499149335049 -6.50667497496096 0.0481500900545218
31.9200000000001 1060.19200961993 -231.324320931183 67.1564071358488 -5.3479083153052 0.0481500864834576
32.0400000000001 1068.2607387443 -231.89615455802 67.3224177468527 -4.18265311663068 0.048150082912422
32.1600000000001 1076.34694815958 -232.327853088775 67.4477453482682 -3.0123231660729 0.0481500793414086
32.2800000000001 1084.44574678159 -232.618892749935 67.5322378819493 -1.83833840788968 0.0481500757703488
32.4000000000001 1092.55222825182 -232.76892042734 67.5757928343421 -0.662123220663414 0.0481500721993082
32.5200000000001 1100.66147689031 -232.777754094613 67.5783573608626 0.51489531087661 0.0481500686282408
32.6400000000001 1108.76857365971 -232.645383034009 67.5399283500128 1.69128912731534 0.0481500650571698
32.7600000000001 1116.86860213351 -232.371967849423 67.4605524271556 2.86563092719559 0.0481500614861281
32.8800000000001 1124.95665446106 -231.957840271524 67.3403258979449 4.03649589874212 0.0481500579151108
33.0000000000001 1133.02783732221 -231.403502755277 67.1793946314794 5.2024634485649 0.0481500543440771
33.1200000000001 1141.07727786425 -230.709627870321 66.9779538833217 6.36211892524445 0.0481500507730273
33.2400000000001 1149.10012961414 -229.877057484947 66.7362480585976 7.51405533570769 0.0481500472019662
33.3600000000001 1157.09157835864 -228.906801744675 66.454570415463 8.65687505231213 0.0481500436308873
33.4800000000001 1165.04684798528 -227.800037846656 66.1332627092978 9.78919150856713 0.0481500400598269
33.6000000000001 1172.96120627724 -226.558108611399 65.7727147780595 10.9096308814348 0.0481500364887649
33.72 1180.82997065477 -225.182520853543 65.3733640692979 12.0168337581693 0.0481500329176888
33.84 1188.6485138566 -223.674943553665 64.935695109407 13.1094567856727 0.0481500293466254
33.96 1196.41226955405 -222.037205833325 64.4602389157559 14.1861743003658 0.0481500257755538
34.08 1204.11673789134 -220.271294735824 63.9475723524127 15.2456799365958 0.0481500222045134
34.2 1211.75749094515 -218.379352815352 63.3983174302448 16.2866882116316 0.0481500186334459
34.32 1219.33017809703 -216.363675537457 62.8131405522412 17.3079360853203 0.0481500150623735
34.44 1226.83053131185 -214.22670849399 62.1927517049759 18.3081844925162 0.0481500114913168
34.56 1234.25437031622 -211.971044435907 61.5379035971915 19.2862198464198 0.0481500079202679
34.68 1241.59760767032 -209.59942012752 60.8493907465486 20.2408555110057 0.0481500043492101
34.8 1248.85625372714 -207.114713026019 60.1280485156494 21.1709332407499 0.0481500007781481
34.92 1256.02642147304 -204.519937790298 59.3747520985038 22.0753245859129 0.0481499972070922
35.04 1263.10433124384 -201.818242623313 58.5904154586699 22.952932261671 0.048149993636059
35.16 1270.08631531062 -199.012905452411 57.7759902203551 23.8026914794359 0.0481499900650134
35.28 1276.96882232971 -196.107329952272 56.9324645138242 24.6235712387475 0.0481499864939577
35.4 1283.74842165148 -193.105041415278 56.0608617765155 25.4145755781712 0.0481499829228999
35.52 1290.42180748273 -190.009682474326 55.1622395113192 26.1747447836839 0.0481499793518586
35.64 1296.98580289754 -186.825008683276 54.2376880035242 26.9031565530808 0.0481499757807953
35.76 1303.43736369175 -183.554883960396 53.2883289979914 27.5989271149909 0.0481499722097356
35.88 1309.77358207653 -180.203275900317 52.3153143381565 28.2612123011445 0.0481499686386958
36 1315.99169020629 -176.77425096022 51.3198245685153 28.8892085705898 0.0481499650676464
36.12 1322.0890635369 -173.271969526051 50.3030675022866 29.4821539846176 0.0481499614965841
36.24 1328.06322400998 -169.700680864796 49.2662767559895 30.0393291312104 0.048149957925527
36.36 1333.91184305955 -166.064717968899 48.2107102527149 30.5600579978944 0.0481499543544696
36.48 1339.63274443717 -162.368492299111 47.1376486959057 31.0437087919356 0.0481499507834124
36.6 1345.22390685241 -158.616488432127 46.0483940154978 31.489694706885 0.0481499472123609
36.72 1350.68346642523 -154.813258619513 44.9442677883076 31.8974746345417 0.0481499436413024
36.84 1356.0097189474 -150.963417264529 43.8266096345821 32.2665538214722 0.0481499400702581
36.96 1361.20112195017 -147.071635323537 42.6967755926574 32.5964844692871 0.0481499364992118
37.08 1366.25629657577 -143.142634638802 41.5561364736967 32.8868662779485 0.0481499329281717
37.2 1371.17402925032 -139.181182209545 40.4060761985057 33.1373469314482 0.0481499293571194
37.32 1375.95327315626 -135.192084408216 39.2479901184412 33.3476225252676 0.048149925786054
37.44 1380.59314950243 -131.18018114899 38.0832833224518 33.5174379351006 0.0481499222149996
37.56 1385.0929485903 -127.150340015574 36.9133689323041 33.6465871263919 0.0481499186439359
37.68 1389.45213067503 -123.107450355431 35.7396663880626 33.7349134043164 0.0481499150728805
37.8 1393.67032662034 -119.056417347613 34.5635997259035 33.7823096038939 0.0481499115018234
37.92 1397.74733834638 -115.002156051378 33.3865958503529 33.7887182200115 0.0481499079307746
38.04 1401.68313907006 -110.949585442815 32.210082803044 33.7541314771933 0.0481499043597192
38.16 1405.47787333751 -106.903622446729 31.035488030095 33.6785913390344 0.0481499007886719
38.28 1409.13185684877 -102.869175971002 29.8642366502097 33.5621894572871 0.0481498972176169
38.3999999999999 1412.6455760747 -98.8511409506926 28.6977497256018 33.4050670606611 0.0481498936465724
38.5199999999999 1416.01968766678 -94.8543924090758 27.5374425378407 33.2074147834729 0.0481498900755094
38.6399999999999 1419.25501766037 -90.8837795428542 26.3847228707109 32.9694724343516 0.0481498865044586
38.7599999999999 1422.35256047257 -86.9441198386953 25.2409893021688 32.6915287052831 0.0481498829334151
38.8799999999999 1425.3134776956 -83.0401932282465 24.1076295074684 32.3739208213439 0.048149879362357
38.9999999999999 1428.13909668755 -79.1767362887128 22.9860185755149 32.017034131551 0.0481498757912995
39.1199999999999 1430.83090896188 -75.3584364960378 21.8775173404896 31.6213016413236 0.0481498722202526
39.2399999999999 1433.39056837777 -71.5899265376568 20.7834707307696 31.1872034871238 0.048149868649197
39.3599999999999 1435.81988913354 -67.8757786917247 19.7052061371458 30.7152663539141 0.0481498650781425
39.4799999999999 1438.12084356552 -64.2204992796382 18.6440318023192 30.2060628361383 0.0481498615070939
39.5999999999999 1440.29555975501 -60.6285231985813 17.6012352336287 29.6602107430007 0.0481498579360379
39.7199999999999 1442.34631894633 -57.1042085407292 16.5780816409377 29.0783723488877 0.048149854364988
39.8399999999999 1444.27555277904 -53.6518313056392 15.5758124015731 28.4612535898395 0.0481498507939374
39.9599999999999 1446.08584033761 -50.2755802122421 14.5956435541803 27.8096032070484 0.0481498472228859
40.0799999999999 1447.77990502232 -46.9795516167312 13.6387643233216 27.1242118384219 0.0481498436518326
40.1999999999999 1449.36061124494 -43.7677445425127 12.7063356766071 26.4059110593135 0.0481498400807749
40.3199999999999 1450.83096095343 -40.6440558282493 11.7994889161096 25.6555723735842 0.0481498365097226
40.4399999999999 1452.19408998969 -37.6122753998825 10.9193243057725 24.8741061562196 0.0481498329386694
40.5599999999999 1453.45326428489 -34.6760816723706 10.0669097364753 24.0624605487854 0.0481498293676175
40.6799999999999 1454.61187589699 -31.8390370867218 9.24327943037763 23.2216203090608 0.0481498257965636
40.7999999999999 1455.67343889516 -29.1045837877364 8.44943268611222 22.3526056162465 0.0481498222255091
40.9199999999999 1456.64158509627 -26.4760394477028 7.68633266635061 21.456470833196 0.0481498186544592
41.0399999999999 1457.52005965838 -23.9565932411139 6.95490522921186 20.5343032271726 0.0481498150834062
41.1599999999999 1458.3127165369 -21.5493019752884 6.25603780493249 19.5872216506836 0.0481498115123514
41.2799999999999 1459.02351380853 -19.257086381591 5.59057831916024 18.6163751839935 0.0481498079412985
41.3999999999999 1459.65650886906 -17.082727571752 4.95933416417831 17.6229417409611 0.0481498043702438
41.5199999999999 1460.21585351058 -15.0288636635842 4.36307121930806 16.6081266398938 0.0481498007991901
41.6399999999999 1460.70578888414 -13.0979865801941 3.80251292167881 15.5731611411531 0.0481497972281373
41.7599999999999 1461.13064035404 -11.2924390265673 3.27833938849215 14.5193009532834 0.0481497936570849
41.8799999999999 1461.49481224994 -9.61441164719856 2.79118659184562 13.4478247094802 0.0481497900860317
41.9999999999999 1461.80278252314 -8.06594036821557 2.34164558711708 12.3600324162421 0.048149786514979
42.1199999999999 1462.05909731354 -6.64890392721881 1.93026179584585 11.2572438760926 0.0481497829439256
42.2399999999999 1462.26836543391 -5.36502159383693 1.5575343439807 10.1407970862826 0.0481497793728718
42.3599999999999 1462.43525277801 -4.21585108376197 1.22391545629762 9.01204661541788 0.0481497758018183
42.4799999999999 1462.56447665963 -3.20278666879562 0.929809907722117 7.87236195998084 0.048149772230765
42.5999999999999 1462.66080008905 -2.32705748519964 0.675574532221707 6.72312588274042 0.0481497686597116
42.7199999999999 1462.72902599421 -1.58972604240273 0.461517789864458 5.56573273506611 0.0481497650886581
42.8399999999999 1462.77399139335 -0.991686933873429 0.287899392568906 4.40158676518182 0.0481497615176044
42.9599999999999 1462.80056152636 -0.533665751722859 0.154929988999373 3.23210041441199 0.048149757946551
43.0799999999998 1462.81362395183 -0.216218206354462 0.0627709089890269 2.05869260348713 0.0481497543754974
43.1999999999998 1462.81808261704 -0.0397294522286735 0.0115339678007455 0.882787010987987 0.0481497508044439
43.3199999999998 1462.8188519081 -0.00441362056066261 0.001281330463301 -0.294189653982895 0.0481497472333903
43.4399999999998 1462.82085068739 -0.110313559518066 0.0320254363474404 -1.47080938280653 0.0481497436623368
43.5599999999998 1462.82899632556 -0.357300782233952 0.103728984073384 -2.6456445999295 0.0481497400912833
43.6799999999998 1462.84819873536 -0.745075622698082 0.216304976768053 -3.81726989492058 0.0481497365202296
43.7999999999998 1462.88335441453 -1.27316759933733 0.369616827617107 -4.9842637519004 0.0481497329491761
43.9199999999998 1462.93934050494 -1.94093598584412 0.563478525583746 -6.14521027424592 0.0481497293781228
44.0399999999998 1463.02100887521 -2.74757058856034 0.797654861093189 -7.29870090247715 0.048149725807069
44.1599999999998 1463.13318023404 -3.69209272947352 1.07186171140902 -8.44333612324184 0.0481497222360151
44.2799999999998 1463.2806382813 -4.77335643363257 1.38576638535519 -9.57772716732461 0.0481497186649614
44.3999999999998 1463.46812390403 -5.99004981954253 1.73898802696533 -10.7004976946203 0.0481497150939072
44.5199999999998 1463.70032942439 -7.34069669085123 2.13109807756979 -11.8102854640276 0.0481497115228545
44.6399999999998 1463.98189290654 -8.82365832739685 2.56162079575959 -12.9057439862358 0.0481497079518004
44.7599999999998 1464.31739252936 -10.4371354734432 3.03003383459656 -13.9855441574013 0.048149704380746
44.8799999999998 1464.71134103178 -12.1791705206904 3.53576887536927 -15.0483758717293 0.048149700809693
44.9999999999998 1465.16818023757 -14.0476498834126 4.07821231712582 -16.0929496110064 0.0481496972386395
45.1199999999998 1465.69227566611 -16.0403065628408 4.65670602114692 -17.1179980091541 0.0481496936675855
45.2399999999998 1466.2879112358 -18.154722897679 5.27054810945603 -18.1222773899057 0.0481496900965285
45.3599999999998 1466.95928406642 -20.388333497418 5.91899381639768 -19.1045692757404 0.0481496865254775
45.4799999999998 1467.71049938685 -22.7384283548857 6.60125639225074 -20.0636818662445 0.0481496829544238
45.5999999999998 1468.54556555422 -25.2021561342599 7.31650805778042 -20.9984514841051 0.0481496793833707
45.7199999999998 1469.46838919067 -27.7765276305518 8.06388100857074 -21.9077439869833 0.0481496758123185
45.8399999999998 1470.48277044347 -30.4584193963654 8.84246846791896 -22.7904561435522 0.0481496722412666
45.9599999999998 1471.59239837438 -33.2445775315305 9.65132578701454 -23.6455169720314 0.0481496686702149
46.0799999999998 1472.80084648374 -36.1316216310121 10.4894715910678 -24.4718890395938 0.0481496650991641
46.1999999999998 1474.11156837482 -39.1160488863067 11.3558889699975 -25.2685697210674 0.0481496615281071
46.3199999999998 1475.5278935636 -42.194238335349 12.2495267122332 -26.0345924154059 0.048149657957053
46.4399999999998 1477.05302343912 -45.362455255772 13.169300580135 -26.7690277184519 0.0481496543860009
46.5599999999998 1478.69002737927 -48.6168556961914 14.1140946254827 -27.470984550569 0.0481496508149481
46.6799999999998 1480.44183902678 -51.9534911400156 15.0827625434403 -28.1396112377759 0.0481496472438923
46.7999999999998 1482.31125272986 -55.3683132961234 16.0741290633503 -28.7740965450703 0.048149643672837
46.9199999999998 1484.30092015187 -58.8571790105967 17.0869913746728 -29.3736706606878 0.0481496401017782
47.0399999999998 1486.41334705406 -62.4158552935484 18.1201205863379 -29.9376061301041 0.0481496365307275
47.1599999999998 1488.65089025543 -66.0400244549476 19.1722632177412 -30.4652187386441 0.0481496329596727
47.2799999999998 1491.01575477316 -69.7252893432097 20.2421427195736 -30.9558683416305 0.0481496293886202
47.3999999999998 1493.50999114737 -73.4671786801966 21.3284610226402 -31.4089596410613 0.0481496258175623
47.5199999999998 1496.13549295318 -77.2611524861529 22.4299001127881 -31.8239429078762 0.0481496222465146
47.6399999999998 1498.89399450326 -81.1026075879972 23.5451236300347 -32.2003146489355 0.0481496186754611
47.7599999999997 1501.78706874364 -84.9868832042851 24.6727784899527 -32.5376182179001 0.0481496151044014
47.8799999999997 1504.81612534529 -88.9092666000671 25.8114965253485 -32.8354443692746 0.0481496115333467
47.9999999999997 1507.98240899374 -92.8649988047813 26.9598961462392 -33.0934317549382 0.0481496079622991
48.1199999999997 1511.28699787895 -96.8492803862428 28.1165840161156 -33.3112673625638 0.0481496043912388
48.2399999999997 1514.73080238715 -100.857277273725 29.280156742457 -33.4886868953906 0.0481496008201909
48.3599999999997 1518.3145639963 -104.884126623067 30.449202579447 -33.6254750928921 0.0481495972491397
48.4799999999997 1522.03885437643 -108.924942716691 31.622303140824 -33.7214659919481 0.0481495936780822
48.5999999999997 1525.90407469609 -112.974822891374 32.7980351207886 -33.7765431282056 0.0481495901070335
48.7199999999997 1529.91045513556 -117.028853486574 33.9749720208798 -33.7906396773831 0.0481495865359872
48.8399999999997 1534.05805460763 -121.082115806107 35.1516858807248 -33.7637385363478 0.0481495829649204
48.9599999999997 1538.34676068607 -125.129692085926 36.3267490105624 -33.6958723438662 0.0481495793938748
49.0799999999997 1542.7762897421 -129.166671460774 37.4987357234381 -33.5871234410043 0.0481495758228188
49.1999999999997 1547.34618728845 -133.188155922466 38.6662240649695 -33.4376237712241 0.0481495722517826
49.3199999999997 1552.05582853081 -137.189266262566 39.8277975385826 -33.2475547202987 0.0481495686807358
49.4399999999997 1556.90441912588 -141.165147992267 40.9820468241267 -33.0171468962397 0.0481495651096672
49.5599999999997 1561.89099614516 -145.110977232266 42.1275714877816 -32.7466798495034 0.048149561538615
49.6799999999997 1567.0144292432 -149.021966565507 43.2629816811838 -32.4364817338168 0.0481495579675584
49.7999999999997 1572.2734220291 -152.893370845687 44.3868998277092 -32.0869289080331 0.0481495543965108
49.9199999999997 1577.66651363934 -156.720492954469 45.4979622938667 -31.6984454795014 0.0481495508254568
50.0399999999997 1583.19208051027 -160.498689500431 46.5948210437747 -31.2715027895029 0.0481495472543922
50.1599999999997 1588.84833834793 -164.223376452823 47.6761452747136 -30.8066188413799 0.0481495436833408
50.2799999999997 1594.63334429293 -167.890034703303 48.7406230317693 -30.3043576720494 0.0481495401122858
50.3999999999997 1600.54499927767 -171.494215548909 49.7869627996086 -29.7653286676659 0.0481495365412322
50.5199999999997 1606.5810505731 -175.031546089602 50.8138950694564 -29.1901858242615 0.0481495329701851
50.6399999999997 1612.73909452198 -178.497734533844 51.8201738793719 -28.5796269542626 0.0481495293991344
50.7599999999997 1619.01657945513 -181.888575405767 52.804578325956 -27.9343928398437 0.0481495258280676
50.8799999999997 1625.41080878738 -185.19995464761 53.7659140456558 -27.2552663341476 0.0481495222570003
50.9999999999997 1631.91894428929 -188.427854611253 54.7030146638683 -26.5430714114609 0.0481495186859547
51.1199999999997 1638.53800953071 -191.568358932765 55.6147432100858 -25.7986721674981 0.0481495151149153
51.2399999999997 1645.26489349207 -194.617657284073 56.4999934973656 -25.0229717710069 0.0481495115438599
51.3599999999997 1652.09635433891 -197.572049995979 57.3576914644502 -24.2169113679664 0.0481495079727974
51.4799999999997 1659.02902335516 -200.427952546911 58.1867964789107 -23.3814689397091 0.0481495044017693
51.5999999999997 1666.05940903038 -203.181899911976 58.9863025997305 -22.5176581163497 0.0481495008307096
51.7199999999997 1673.1839012959 -205.830550767018 59.7552397977991 -21.6265269469627 0.0481494972596557
51.8399999999997 1680.39877590491 -208.370691542604 60.4926751328341 -20.709156628 0.0481494936885953
51.9599999999997 1687.70019895102 -210.799240322996 61.197713885304 -19.7666601914907 0.0481494901175401
52.0799999999997 1695.08423151989 -213.113250585397 61.8695006419786 -18.8001811546156 0.0481494865464829
52.1999999999997 1702.54683446825 -215.309914774923 62.5072203337893 -17.8108921322947 0.048149482975421
52.3199999999997 1710.08387332453 -217.386567710969 63.1100992247402 -16.7999934144705 0.0481494794043417
52.4399999999996 1717.69112330516 -219.340689820834 63.6774058506711 -15.7687115098135 0.0481494758333077
52.5599999999996 1725.36427444045 -221.16991019668 64.2084519067323 -14.7182976576175 0.048149472262269
52.6799999999996 1733.09893680378 -222.872009472123 64.7025930824943 -13.6500263096888 0.0481494686912363
52.7999999999996 1740.89064583786 -224.444922514954 65.1592298436808 -12.565193584073 0.0481494651201539
52.9199999999996 1748.73486777153 -225.886740932738 65.5778081595747 -11.4651156924933 0.0481494615491037
53.0399999999996 1756.62700512046 -227.195715388236 65.9578201752155 -10.3511273434101 0.0481494579780614
53.1599999999996 1764.56240226528 -228.370257721848 66.2988048275721 -9.22458012263905 0.0481494544069982
53.2799999999996 1772.53635110011 -229.40894287851 66.6003484049443 -8.08684085349143 0.0481494508359453
53.3999999999996 1780.5440967449 -230.310510636689 66.8620850489127 -6.93928993842735 0.0481494472649041
53.5199999999996 1788.58084331439 -231.073867137389 67.0836971982295 -5.78331968423365 0.0481494436938533
53.6399999999996 1796.64175973694 -231.698086211319 67.2649159741113 -4.62033261275835 0.0481494401228189
53.7599999999996 1804.72198561598 -232.182410502598 67.4055215064651 -3.4517397592514 0.0481494365517775
53.8799999999996 1812.81663712707 -232.526252387644 67.5053432006542 -2.27895896037614 0.0481494329807071
53.9999999999996 1820.92081294333 -232.729194688129 67.5642599444776 -1.10341313396878 0.0481494294096871
54.1199999999996 1829.02960018221 -232.790991177135 67.5822002551141 0.0734714473670721 0.0481494258386091
54.2399999999996 1837.13808036617 -232.711566877901 67.5591423658511 1.25026688673612 0.0481494222675908
54.3599999999996 1845.24133539023 -232.491018154784 67.4951142524938 2.42554539539788 0.0481494186965462
54.4799999999996 1853.33445348901 -232.129612596351 67.3901935994228 3.59788102508195 0.048149415125519
54.5999999999996 1861.41253519612 -231.627788690708 67.2445077053405 4.76585139807018 0.0481494115544579
54.7199999999996 1869.47069928861 -230.986155293496 67.0582333288216 5.92803943294689 0.0481494079834049
54.8399999999996 1877.50408870926 -230.205490889172 66.8315964738544 7.08303506392302 0.04814940441234
54.9599999999996 1885.50787645963 -229.286742646485 66.5648721156336 8.22943695164841 0.0481494008412842
55.0799999999996 1893.47727145652 -228.231025269292 66.2583838669368 9.36585418343639 0.0481493972702321
55.1999999999996 1901.407524345 -227.039619644102 65.9125035854898 10.4909079608378 0.0481493936991263
55.3199999999996 1909.29393326064 -225.713971285996 65.527650922797 11.6032332725172 0.0481493901280505
55.4399999999996 1917.13184953431 -224.255688584803 65.1042928149845 12.701480550401 0.0481493865570134
55.5599999999996 1924.91668333227 -222.666540853669 64.6429429162733 13.7843173070887 0.0481493829859903
55.6799999999996 1932.64390922496 -220.948456182369 64.1441609757699 14.8504297525408 0.0481493794149549
55.7999999999996 1940.3090716777 -219.103519097987 63.608552158331 15.8985243880806 0.0481493758438816
55.9199999999996 1947.90779045642 -217.133968035789 63.0367663103261 16.9273295757774 0.0481493722728259
56.0399999999996 1955.43576594223 -215.042192623363 62.4294971711878 17.9355970813067 0.0481493687017698
56.1599999999996 1962.88878434803 -212.830730781317 61.7874815317082 18.9221035884139 0.0481493651307127
56.2799999999996 1970.26272283106 -210.502265644059 61.1114983401014 19.8856521831467 0.0481493615596515
56.3999999999996 1977.55355449506 -208.059622304388 60.4023677569169 20.8250738060532 0.0481493579885896
56.5199999999996 1984.7573532761 -205.505764385847 59.6609501599509 21.7392286705844 0.0481493544175292
56.6399999999996 1991.87029870593 -202.84379044701 58.8881451003621 22.627007645981 0.0481493508464771
56.7599999999996 1998.88868054738 -200.076930222038 58.0848902112598 23.4873336029652 0.0481493472754512
56.8799999999996 2005.80890329588 -197.208540702092 57.2521600700872 24.3191627206062 0.0481493437043799
56.9999999999996 2012.62749054188 -194.242102062347 56.3909650161807 25.1214857527728 0.048149340133344
57.1199999999995 2019.34108918868 -191.181213439544 55.5023499249399 25.8933292526369 0.0481493365622957
57.2399999999995 2025.94647352074 -188.029588565209 54.5873929400958 26.6337567537426 0.0481493329912494
57.3599999999995 2032.44054911734 -184.791051259839 53.6472041656145 27.341869906207 0.0481493294201944
57.4799999999995 2038.82035660705 -181.469530793517 52.682924318824 28.0168095666751 0.0481493258491298
57.5999999999995 2045.08307525826 -178.06905711858 51.6957233463992 28.6577568407062 0.0481493222780876
57.7199999999995 2051.22602640155 -174.593755980145 50.686799004882 29.2639340763259 0.0481493187070428
57.8399999999995 2057.24667667964 -171.047843910397 49.657375407461 29.8346058075407 0.0481493151359678
57.9599999999995 2063.14264112113 -167.435623112732 48.6087015387729 30.3690796466675 0.048149311564932
58.0799999999995 2068.91168603414 -163.76147624196 47.5420497395276 30.8667071243977 0.0481493079938664
58.1999999999995 2074.55173171637 -160.029861086892 46.4587141627956 31.3268844765757 0.0481493044228043
58.3199999999995 2080.06085497843 -156.245305161766 45.3600092038315 31.749053376737 0.0481493008517478
58.4399999999995 2085.43729147717 -152.412400213088 44.2472679053364 32.1327016135175 0.0481492972807004
58.5599999999995 2090.67943785639 -148.535796648525 43.1218403400979 32.4773637121121 0.0481492937096498
58.6799999999995 2095.7858536921 -144.62019789464 41.9850919729653 32.7826214990287 0.0481492901385985
58.7999999999995 2100.7552632402 -140.670354690286 40.838402004152 33.0481046094516 0.0481492865675489
58.9199999999995 2105.58655698435 -136.691059322611 39.6831616958712 33.2734909365999 0.0481492829965093
59.0399999999995 2110.27879298208 -132.687139812641 38.5207726843382 33.4585070225353 0.0481492794254321
59.1599999999995 2114.83119800764 -128.663454057513 37.3526452791856 33.602928389944 0.0481492758543858
59.2799999999995 2119.24316849019 -124.624883936464 36.180196752355 33.7065798144921 0.048149272283336
59.3999999999995 2123.51427124605 -120.576329387712 35.0048496185419 33.7693355374228 0.0481492687122818
59.5199999999995 2127.64424400431 -116.522702463434 33.8280299092791 33.7911194181375 0.0481492651412189
59.6399999999995 2131.63299572502 -112.468921370047 32.6511654427534 33.771905026576 0.0481492615701638
59.7599999999995 2135.48060670967 -108.419904501019 31.4756840914551 33.7117156752839 0.0481492579991085
59.8799999999995 2139.18732850372 -104.380564469453 30.3030120497606 33.6106243911277 0.0481492544280507
59.9999999999995 2142.75358359145 -100.355802147686 29.1345721035518 33.4687538266924 0.048149250857001
