0 0 0 0 0 0.0481510363836827
0.10821406595 0.000902210817305484 -0.0574235614159413 0.0166704428367806 -1.06129572168595 0.0481503710351528
0.2164281319 0.00541129441792764 -0.229632750906216 0.0666618143895642 -2.1214550169297 0.0481404135637536
0.32464219785 0.0171298061203441 -0.516443183859383 0.149914278976565 -3.17934296300966 0.0480972959881345
0.4328562638 0.0396516732596773 -0.917547823649617 0.266328210858212 -4.23382764188062 0.0479813260609676
0.54107032975 0.0765578974805368 -1.43251738771521 0.415764344608793 -5.28378163591886 0.047737118525453
0.6492843957 0.131412276532883 -2.06080091507062 0.598043985197536 -6.32808351577387 0.047293778224005
0.75749846165 0.207757152008635 -2.80172649425722 0.812949277341473 -7.36561931772666 0.0465651344120826
0.8657125276 0.309109189402735 -3.65450215045788 1.06022353356968 -8.39528400798018 0.0454500254500582
0.97392659355 0.438955196815192 -4.61821689022377 1.33957162031732 -9.41598293134055 0.0438326328695219
1.0821406595 0.600747988530423 -5.6918419019889 1.65066040124895 -10.4266332417861 0.0415828636382322
1.19035472545 0.797902299617274 -6.8742319102792 1.99311923689372 -11.4261653124665 0.0385567792807934
1.2985687914 1.03379075758765 -8.16412668126026 2.36654053956126 -12.4135241227251 0.0345970703507494
1.40678285735 1.31173991703412 -9.56015267700989 2.7704803823961 -13.3876706197938 0.0295335745948172
1.5149969233 1.63502636303741 -11.060824855651 3.2044591613209 -14.3475830528734 0.02318383700207
1.62321098925 2.00687288899386 -12.6645486142367 3.66796230851495 -15.2922582773777 0.0153537097906221
1.7314250552 2.43044475436106 -14.3696218710417 4.16044105597445 -16.2207130271953 0.00583799025229368
1.83963912115 2.90884602765738 -16.1742372836888 4.68131324760548 -17.1319851528969 -0.00557890574756501
1.9478531871 3.4451160198786 -18.0764845993158 5.22996419820927 -18.0251348239033 -0.0191222369320718
2.05606725305 4.04222581331249 -20.0743531327816 5.80574759763298 -18.8992456927096 -0.0350261988581664
2.164281319 4.70307489054123 -22.1657343687064 6.4079864582776 -19.7534260193575 -0.0535331577613613
2.27249538495 5.43048786822136 -24.348424682952 7.03597410407825 -20.5868097544375 -0.0748928586002412
2.3807094509 6.22721134002342 -26.6201281789667 7.68897519900095 -21.3985575790043 -0.0993616099747303
2.48892351685 7.09591083289819 -28.9784596342503 8.36622681303434 -22.1878578998846 -0.127201448655105
2.5971375828 8.03916788061419 -31.4209475520354 9.06693952359482 -22.9539277989668 -0.158679286510678
2.70535164875 9.05947721828334 -33.9450373131339 9.79029855020909 -23.6960139351606 -0.194066042668093
2.8135657147 10.1592441013575 -36.5480944227635 10.5354649202898 -24.4133933978288 -0.233635763759052
2.92177978065 11.3407817523401 -39.2274078470415 11.3015766637771 -25.1053745105993 -0.277664735135979
3.0299938466 12.6063089382144 -41.9801934337254 12.087750034382 -25.771297584579 -0.326430585942097
3.13820791255 13.9579476813421 -44.8035974116773 12.8930807551376 -26.4105356201016 -0.380211390919035
3.2464219785 15.3977211063384 -47.6946999634411 13.7166452859379 -27.0224949562557 -0.439284771821263
3.35463604445 16.9275514251753 -50.6505188652486 14.5575021107261 -27.6066158675525 -0.50392700128224
3.4628501104 18.5492580625127 -53.6680131887035 15.414693041981 -28.1623731072041 -0.57441211194217
3.57106417635 20.2645559230022 -56.7440870583461 16.2872445401434 -28.6892763966002 -0.651011013602723
3.6792782423 22.075053802051 -59.8755934592575 17.1741690456218 -29.1868708606786 -0.73399062111935
3.78749230825 23.9822529412815 -63.0593380888401 18.074466321022 -29.6547374090007 -0.823612995678248
3.8957063742 25.9875457296653 -66.2920832468932 18.9871248012554 -30.09249306245 -0.920134502032086
4.00392044015 28.0922145510574 -69.5705517581015 19.9111229491949 -30.499791225583 -1.02380498418794
4.1121345061 30.2974307786071 -72.891430921063 20.8454306145694 -30.8763219047664 -1.13486696195112
4.22034857205 32.604253916272 -76.2513764780009 21.7890103938116 -31.2218118723413 -1.25355485063277
4.328562638 35.0136308874165 -79.6470165993398 22.7408189886075 -31.5360247771563 -1.38009420612486
4.43677670395 37.5263954702334 -83.0749558773644 23.6998085609279 -31.8187612019111 -1.51470099743687
4.5449907699 40.1432678794916 -86.5317793232355 24.6649280823662 -32.0698586678499 -1.65758090867251
4.65320483585 42.8648544938774 -90.0140563616987 25.6351246756475 -32.289191587438 -1.80892867230354
4.7614189018 45.6916477279692 -93.5183448178974 26.6093449462255 -32.4766711657448 -1.96892743547264
4.86963296775 48.624026047664 -97.041194890782 27.5865363019346 -32.6322452513431 -2.13774816092709
4.9778470337 51.6622541276549 -100.579153107702 28.5656482587214 -32.7558981376221 -2.31554906405191
5.08606109965 54.8064831493511 -104.128766254866 29.5456337305404 -32.8476503154854 -2.5024750873351
5.1942751656 58.0567512374247 -107.686585278467 30.5254503015586 -32.9075581784869 -2.69865741345935
5.30248923155 61.4129840329748 -111.249169151389 31.5040614788837 -32.9357136815264 -2.90421301807399
5.4107032975 64.874995401107 -114.813088700527 32.4804379240963 -32.9322439542958 -3.11924426316074
5.51891736345 68.4424882705463 -118.374930389897 33.4535586619375 -32.897310870729 -3.34383853176413
5.6271314294 72.1150556027254 -121.931300054851 34.4224122645782 -32.8311105757721 -3.57806790471667
5.73534549535 75.8921814876262 -125.478826582836 35.3859980099702 -32.7338729708401 -3.82198887984723
5.8435595613 79.7732423634902 -129.014165536325 36.3433270128557 -32.6058611593814 -4.07564213402148
5.95177362725001 83.7575083573694 -132.534002713661 37.2934233270917 -32.4473708540161 -4.33905232822489
6.05998769320001 87.8441447433429 -136.035057643756 38.2353250180224 -32.2587297467574 -4.61222795576231
6.16820175915001 92.0322135150948 -139.514087010721 39.1680852037166 -32.0402968438599 -4.89516123351494
6.27641582510001 96.3206750694242 -142.967888004687 40.0907730639632 -31.7924617668768 -5.18782803606469
6.38462989105001 100.708389997143 -146.393301595254 41.0024748160057 -31.5156440215328 -5.4901878723686
6.49284395700001 105.19412097771 -149.787215724165 41.902294656071 -31.2102922360461 -5.80218390454272
6.60105802295001 109.776534773857 -153.146568413995 42.7893556658354 -30.8768833705542 -6.1237430081958
6.70927208890001 114.454204322368 -156.468350789814 43.6628006830487 -30.5159218993114 -6.4547758736381
6.81748615485001 119.225610917088 -159.749610010969 44.5217931356189 -30.1279389673424 -6.7951771471809
6.92570022080001 124.089146480193 -162.987452110316 45.3655178385415 -29.7134915232417 -7.14482561163734
7.03391428675001 129.043115917651 -166.179044738408 46.1931817531341 -29.2731614298136 -7.50358440503579
7.14212835270001 134.08573955478 -169.321619810335 47.0040147081192 -28.8075545542491 -7.87130127646254
7.25034241865001 139.215155647754 -172.412476053094 47.7972700821719 -28.3172998395322 -8.24780887786286
7.35855648460001 144.429422966867 -175.448981451546 48.5722254476263 -27.8030483587619 -8.63292509054617
7.46677055055001 149.726523447342 -178.4285755912 49.3281831751103 -27.2654723540665 -9.02645338506537
7.57498461650001 155.104364903449 -181.348771896264 50.0644709989486 -26.7052642617726 -9.42818321306901
7.68319868245001 160.560783801676 -184.20715976153 50.780442543246 -26.1231357254771 -9.83789042966152
7.79141274840001 166.093548088704 -187.001406576916 51.4754778086335 -25.5198165986496 -10.2553377447477
7.89962681435001 171.700360069928 -189.729259643575 52.1489836197227 -24.8960539383693 -10.6802752017864
8.00784088030001 177.37885933428 -192.388547980734 52.8003940333849 -24.2526109917803 -11.1124406823316
8.11605494625001 183.126625721122 -194.977184022534 53.429170708027 -23.5902661768165 -11.5515604347005
8.22426901220001 188.941182325004 -197.493165204346 54.0348032341044 -22.9098120587224 -11.9973496250737
8.33248307815001 194.819998534106 -199.934575438185 54.6168094261612 -22.2120543238603 -12.449512909305
8.44069714410001 200.760493098216 -202.299586477008 55.1747355767511 -21.4978107522644 -12.907745023697
8.54891121005001 206.760037222157 -204.586459167835 55.7081566726399 -20.7679101903638 -13.3717313929829
8.65712527600001 212.815957680577 -206.793544593794 56.2166765737447 -20.0231915252603 -13.8411487537435
8.76533934195001 218.925539950128 -208.919285105316 56.6999281553118 -19.2645026619073 -14.3156657914848
8.87355340790001 225.086031355065 -210.962215240883 57.1575734138797 -18.492699504497 -14.7949437896012
8.98176747385001 231.294644222384 -212.920962537839 57.5893035376202 -17.7086449433193 -15.2786372884559
9.08998153980001 237.548559042682 -214.794248233928 57.9948389416862 -16.9132078483149 -15.7663947528195
9.19819560575001 243.844927632979 -216.580887860349 58.3739292692366 -16.1072620705012 -16.2578592459237
9.30640967170001 250.180876297838 -218.279791727233 58.7263533588427 -15.2916854524033 -16.752669108408
9.41462373765001 256.553508985176 -219.889965302585 59.0519191790112 -14.4673588485801 -17.2504586404587
9.52283780360001 262.959910433254 -221.410509485836 59.3504637305936 -13.6351651572863 -17.7508587854716
9.63105186955 269.397149305406 -222.840620777262 59.621852917874 -12.7959883642683 -18.2534978135981
9.7392659355 275.862281309173 -224.179591344634 59.8659813891568 -11.9507125996427 -18.758002003573
9.84748000145 282.352352296582 -225.426808988573 60.0827723476962 -11.1002212087615 -19.2639963212604
9.9556940674 288.864401342403 -226.581757008156 60.272177333831 -10.2453958379198 -19.7711050933964
10.06390813335 295.395463797323 -227.644013968427 60.434175979205 -9.38711553571617 -20.2789526750523
10.1721221993 301.942574313057 -228.613253371565 60.5687757339693 -8.52625587082871 -20.7871641093913
10.28033626525 308.502769836533 -229.48924323349 60.6760115678781 -7.66368806692465 -21.2953657783394
10.3885503312 315.073092570361 -230.271845567837 60.7559456461975 -6.80027815537372 -21.8031860428472
10.49676439715 321.650592896925 -230.961015779223 60.8086669813589 -5.93688614639161 -22.3102558714698
10.6049784631 328.232332263509 -231.556801967858 60.8342910612947 -5.07436521919444 -22.8162094560524
10.71319252905 334.815386026005 -232.059344147574 60.8329594553985 -4.2135609317005 -23.3206848133631
10.821406595 341.396846248809 -232.468873379418 60.8048393990567 -3.35531045027264 -23.8233243715753
10.92962066095 347.973824458657 -232.785710822998 60.7501233576987 -2.50044179995121 -24.323775540563
11.0378347269 354.543454350223 -233.010266707829 60.6690285713129 -1.6497731355859 -24.8216912650303
11.14604879285 361.102894441428 -233.143039226953 60.5617965803742 -0.80411203423342 -25.3167305595611
11.2542628588 367.649330676484 -233.184613355154 60.4286927341246 0.0357451908521743 -25.8085590247343
11.36247692475 374.179978974833 -233.135659594123 60.2700056821435 0.86901415434873 -26.2968493435138
11.4706909907 380.692087724205 -232.996932646952 60.0860468501383 1.69492304086556 -26.7812817571848
11.57890505665 387.182940216147 -232.769270024363 59.8771499008767 2.51271322460092 -27.2615445201683
11.6871191226 393.649857022466 -232.453590585098 59.6436701811752 3.32163986648113 -27.7373343331104
11.79533318855 400.09019831112 -232.050893012921 59.3859841558454 4.12097248863999 -28.2083567537018
11.9035472545 406.501366100197 -231.562254232678 59.1044888294897 4.90999552613083 -28.674326584747
12.01176132045 412.880806448716 -230.988827767898 58.7996011570258 5.68800885579616 -29.1349682390588
12.1199753864 419.22601158307 -230.331842042395 58.4717574438038 6.45432830225124 -29.5900160808187
12.22818945235 425.534521958044 -229.592598628356 58.1214127361686 7.20828612096806 -30.0392147430957
12.3364035183 431.803928251406 -228.772470443394 57.7490402033004 7.94923145847524 -30.4823194212802
12.44461758425 438.031873291178 -227.87289989903 57.3551305111561 8.67653078971704 -30.9190961422412
12.5528316502 444.216053914777 -226.895397003087 56.9401911893108 9.38956833264129 -31.3493220090713
12.66104571615 450.354222759295 -225.841537418439 56.5047459914878 10.0877464401112 -31.7727854213393
12.7692597821 456.444189982277 -224.712960480577 56.0493342505422 10.7704859692603 -32.1892862708211
12.87747384805 462.483824912449 -223.511367176409 55.5745102286486 11.4372266284325 -32.5986361127283
12.985687914 468.471057629895 -222.238518086735 55.0808424634226 12.0874273018709 -33.0006583125098
13.09390197995 474.403880475304 -220.896231294761 54.5689131106866 12.7205663523399 -33.3951881683401
13.2021160459 480.280349487945 -219.486380263068 54.0393172845717 13.3361419018833 -33.7820730094616
13.31033011185 486.098585772123 -218.010891681352 53.4926623956277 13.9336720909416 -34.1611722705901
13.4185441778 491.856776791943 -216.471743287294 52.9295674875917 14.5126953160647 -34.5323575426315
13.52675824375 497.553177594259 -214.870961662847 52.3506625734471 15.072770446478 -34.8955126000061
13.6349723097 503.18611195977 -213.210620008215 51.7565879713847 15.6134770197676 -35.2505334049074
13.74318637565 508.753973482289 -211.492835895771 51.1479936412551 16.1344154169705 -35.5973280888666
13.8514004416 514.255226576258 -209.719769006133 50.5255385220841 16.6352070173645 -35.9358169120247
13.95961450755 519.688407412668 -207.893618848558 49.8898898712001 17.1154943332649 -36.2659322005502
14.0678285735 525.052124783567 -206.016622467826 49.241722605503 17.5749411251467 -36.5876182626702
14.17604263945 530.345060895442 -204.091052139708 48.5817186453845 18.0132324974195 -36.9008312838151
14.2842567054 535.565972091765 -202.119213057096 47.9105662617883 18.4300749751922 -37.2055392014029
14.39247077135 540.713689505075 -200.103441008842 47.2289594268794 18.8251965623716 -37.5017215598168
14.5006848373 545.787119639022 -198.046100053295 46.5375971687728 19.1983467814449 -37.7893693461544
14.60889890325 550.785244880817 -195.949580188509 45.8371829307499 19.5492966953062 -38.0684848073481
14.7171129692 555.707123944612 -193.816295021037 45.1284239353745 19.8778389114864 -38.3390812492808
14.82532703515 560.55189224635 -191.648679435203 44.4120305538987 20.1837875691564 -38.6011828185361
14.9335411011 565.318762210686 -189.44918726469 43.6887156813321 20.466978309272 -38.8548242674449
15.04175516705 570.007023510606 -187.220288968254 42.9591941175276 20.7272682282367 -39.1000507031009
15.149969233 574.616043240412 -184.964469311317 42.2241819546197 20.9645358154564 -39.3369173210388
15.25818329895 579.145266022782 -182.684225055181 41.4843959711343 21.1786808751656 -39.5654891242752
15.3663973649 583.594214050643 -180.382062655513 40.7405530330681 21.3696244329026 -39.7858406284298
15.47461143085 587.962487064626 -178.060495971783 39.9933695022228 21.5373086270144 -39.9980555536507
15.5828254968 592.249762266891 -175.722043989214 39.2435606520584 21.6816965855688 -40.2022265040781
15.69103956275 596.455794172174 -173.369228554828 38.491840091317 21.8027722890545 -40.3984546355883
15.7992536287 600.580414396888 -171.004572129105 37.7389191956475 21.9005404192447 -40.5868493125651
15.90746769465 604.623531387156 -168.630595554709 36.9855065474516 21.9750261946012 -40.7675277544512
16.0156817606 608.585130086698 -166.24981584375 36.2323073841497 22.0262751925933 -40.9406146728368
16.12389582655 612.465271545466 -163.864743984954 35.4800230550551 22.0543531593017 -41.1062418998425
16.2321098925 616.264092469983 -161.477882772104 34.7293504870256 22.0593458066786 -41.2645480085591
16.34032395845 619.981804716346 -159.091724655068 33.9809816590502 22.0413585978274 -41.4156779263042
16.4485380244 623.618694726856 -156.708749614696 33.2356030859113 22.0005165206667 -41.5597825414559
16.55675209035 627.175122911279 -154.331423062817 32.4938953110495 21.9369638503371 -41.6970183046249
16.6649661563 630.651522973722 -151.962193768529 31.7565324087443 21.8508639007065 -41.8275468249205
16.77318022225 634.048401186157 -149.603491811966 31.0241814957068 21.7423987653253 -41.9515344620664
16.8813942882 637.366335609601 -147.257726566632 30.2975022521712 21.6117690481809 -42.0691519151187
16.98960835415 640.605975263985 -144.927284711418 29.5771464525515 21.4591935845935 -42.1805738085325
17.0978224201 643.768039247769 -142.614528273333 28.8637575057199 21.2849091525973 -42.2859782763212
17.20603648605 646.853315808311 -140.321792701955 28.1579700049461 21.0891701751398 -42.3855465450495
17.314250552 649.862661364073 -138.051384976604 27.4604092875215 20.8722484134367 -42.479462516392
17.42246461795 652.796999479691 -135.805581747146 26.7716910040771 20.6344326518111 -42.5679123499907
17.5306786839 655.657319794961 -133.586627509346 26.0924206975866 20.3760283743461 -42.6510840473346
17.63889274985 658.444676908794 -131.396732815646 25.4231933920279 20.097357433678 -42.7291670373865
17.7471068158 661.160189219175 -129.238072522179 24.7645931906591 19.7987577122548 -42.8023517646734
17.85532088175 663.805037720169 -127.112784072842 24.117192883841 19.4805827763878 -42.8708292805583
17.9635349477 666.380464757 -125.022965821166 23.4815535663203 19.1432015234238 -42.9347908384096
18.07174901365 668.887772740216 -122.970675390733 22.8582242638573 18.7869978223684 -42.9944274933845
18.1799630796 671.32831516106 -120.957933832222 22.2477433996378 18.412368050368 -43.0499327529321
18.28817714555 673.703518590857 -118.986707217723 21.6506330630586 18.0197271289018 -43.1014930614689
18.3963912115 676.014857544368 -117.058921521068 21.0674039185817 17.6095016297801 -43.1492965359291
18.50460527745 678.263861068336 -115.176455825803 20.4985531582121 17.182131600202 -43.1935295546918
18.6128193434 680.452111265757 -113.341140887902 19.9445641720619 16.7380701759353 -43.2343763914095
18.72103340935 682.581241784923 -111.554757740561 19.4059062268551 16.2777831901918 -43.2720188579444
18.8292474753 684.652936274087 -109.819036341533 18.8830341519726 15.8017487786639 -43.3066359572406
18.93746154125 686.668926802538 -108.135654263374 18.3763880325619 15.3104569812361 -43.3384035470116
19.0456756072 688.630992248815 -106.506235426951 17.8863929091649 14.8044093409492 -43.3674940151747
19.15388967315 690.540956656734 -104.932348878448 17.4134584832268 14.2841185008743 -43.3940759680462
19.2621037391 692.400687559834 -103.415507610074 16.9579788277502 13.7501077996518 -43.4183139324017
19.37031780505 694.212094274735 -101.957167424565 16.5203321022537 13.2029108665781 -43.4403680726279
19.478531871 695.977126163836 -100.558725843466 16.1008802710732 12.6430712172747 -43.4603939243443
19.58674593695 697.697770867653 -99.2215210590729 15.6999688239252 12.0711418511687 -43.4785421460573
19.6949600029 699.376052506976 -97.9468309297569 15.3179264975279 11.4876848522403 -43.4949582906419
19.80317406885 701.014029854884 -96.7358720182174 14.955064996967 10.8932709947733 -43.5097825987301
19.9113881348 702.613794478521 -95.5897986720195 14.6116787154095 10.2884793561636 -43.5231498164294
20.01960220075 704.177468850381 -94.5097021455156 14.2880444507384 9.67389693920826 -43.5351890402092
20.1278162667 705.707204428675 -93.4966097619753 13.9844211177361 9.05011830668698 -43.5460235922851
20.23603033265 707.205179706262 -92.5514841144182 13.7010494546324 8.41774523144311 -43.5557709303997
20.3442443986 708.673598227464 -91.6752223032815 13.4381517232118 7.77738636550109 -43.5645425965455
20.45245846455 710.114686572081 -90.8686552086605 13.1959314023202 7.12965693194651 -43.5724442098702
20.5606725305 711.530692305916 -90.1325467944619 12.9745728755835 6.47517844319484 -43.5795755097208
20.66888659645 712.923881897319 -89.4675934414491 12.7742411155199 5.81457844869742 -43.5860304554329
20.7771006624 714.29653859956 -88.8744233058996 12.5950813679972 5.14849031383142 -43.5918973899589
20.88531472835 715.650960299399 -88.3535957005297 12.4372188430713 4.47755302942083 -43.5972592745711
20.9935287943 716.989457332992 -87.9056004945935 12.3007584204423 3.80241104780139 -43.6021940014796
21.10174286025 718.314350271249 -87.5308575307681 12.185784379656 3.12371413648535 -43.6067747900086
21.2099569262 719.627967677948 -87.2297160577281 12.0923601662105 2.44211723451705 -43.6110706697484
21.31817099215 720.932643845039 -87.0024541792745 12.020528204238 1.75828029021073 -43.6151470506835
21.4263850581 722.230716510637 -86.8492783234903 11.9703097639037 1.07286805333092 -43.6190663757063
21.53459912405 723.524524565811 -86.7703227384901 11.9417048869973 0.386549791507862 -43.6228888454486
21.64281319 724.816405756309 -86.7656490245629 11.9346923679571 -0.300001098640585 -43.6266731995954
