0 0 0 5 0 0.748151036383683
0.075 0.375255926337953 -0.0235081015042158 5.0068247023454 -0.62680840809195 0.748149732394512
0.15 0.751535436697262 -0.0940156894727031 5.02729395635518 -1.25331965665913 0.748148428405415
0.225 1.12986150853329 -0.211489338742023 5.06139805827713 -1.87923676227063 0.748147124416391
0.3 1.51125614911788 -0.375873360954481 5.10912084106923 -2.50426302315221 0.74814582042744
0.375 1.89673991108003 -0.587089830957186 5.17043968206355 -3.12810215983105 0.748144516438562
0.45 2.28733140863617 -0.845038623741945 5.24532551369043 -3.75045845558028 0.748143212449758
0.525 2.68404683473928 -1.1495974619085 5.33374283725762 -4.37103689659674 0.748141908461027
0.6 3.08789947937583 -1.50062197362861 5.43564973977805 -4.98954331184558 0.748140604472369
0.675 3.49989924923876 -1.89794576108347 5.55099791383803 -5.60568451250527 0.748139300483785
0.75 3.92105218900439 -2.34138047934206 5.67973268049667 -6.2191684309471 0.748137996495273
0.825 4.35236000443989 -2.83071592564304 5.82179301520556 -6.82970425918313 0.748136692506835
0.9 4.79481958756767 -3.36572013903781 5.97711157673642 -7.43700258671707 0.74813538851847
0.975 5.2494225441116 -3.94613951034757 6.14561473910302 -8.04077553773264 0.748134084530179
1.05 5.71715472344908 -4.5716989023822 6.3272226264623 -8.64073690755454 0.748132780541961
1.125 6.19899575129184 -5.24210178036404 6.52184915097801 -9.23660229831714 0.748131476553816
1.2 6.69591856531695 -5.95703035249465 6.72940205362908 -9.82808925377679 0.748130172565744
1.275 7.20888895396813 -6.71614572059801 6.94978294794324 -10.4149173932036 0.748128868577745
1.35 7.73886509864608 -7.51908804076872 7.18288736663525 -10.9968085442897 0.748127564589821
1.425 8.28679711950471 -8.36547669394898 7.42860481112759 -11.5734868750098 0.74812626060197
1.5 8.8536266250687 -9.25491046635362 7.68681880393014 -12.1446790243738 0.74812495661419
1.575 9.44028626588583 -10.1869677396575 7.95740694385404 -12.7101142320066 0.748123652626485
1.65 10.0476992924256 -11.1612066908554 8.24024096403349 -13.2695244664959 0.748122348638853
1.725 10.6767791174339 -12.1771655016992 8.53518679272815 -13.8226445524465 0.748121044651295
1.8 11.3284288829508 -13.2343625776133 8.84210461687704 -14.3692122961801 0.748119740663809
1.875 12.0035410321974 -14.3322967759853 9.16084894837418 -14.9089686100227 0.748118436676397
1.95 12.7029968865336 -15.4704476437216 9.49126869303415 -15.4416576351185 0.748117132689059
2.025 13.4276662276887 -16.6482756639582 9.83320722221522 -15.9670268627138 0.748115828701793
2.1 14.1784068854615 -17.865222511807 10.1865024470659 -16.4848272538535 0.748114524714598
2.175 14.9560643310862 -19.1207113190184 10.5509868953599 -16.9948133574315 0.748113220727479
2.25 15.7614712764568 -20.4141469474333 10.9264877908827 -17.4967434265413 0.748111916740434
2.325 16.5954472793997 -21.7449162710964 11.3128271353323 -17.9903795330705 0.74811061275346
2.4 17.4587983551811 -23.1123884668952 11.7098217926962 -18.4754876804846 0.74810930876656
2.475 18.3523165944351 -24.5159153135886 12.1172835760626 -18.9518379147483 0.748108004779735
2.55 19.2767797876919 -25.9548314990824 12.5350193368266 -19.4192044333291 0.74810670079298
2.625 20.232951056684 -27.4284549358065 12.962831056248 -19.8773656922337 0.7481053968063
2.7 21.2215784926071 -28.9360870840436 13.4005159393184 -20.326104511026 0.748104092819693
2.775 22.243394801505 -30.4770132830576 13.8478665108913 -20.7652081757761 0.748102788833155
2.85 23.2991169569481 -32.0505030898627 14.3046707140315 -21.1944685398923 0.748101484846696
2.925 24.3894458601685 -33.6558106254744 14.770712010536 -21.613682122788 0.748100180860308
3 25.5150660078155 -35.2921749284777 15.2457694835794 -22.0226502063366 0.748098876873996
3.075 26.6766451674857 -36.9588203157439 15.7296179424349 -22.4211789290697 0.74809757288776
3.15 27.8748340611842 -38.6549567501267 16.2220280292205 -22.8090793780715 0.748096268901593
3.225 29.1102660568654 -40.3797802149624 16.7227663276221 -23.1861676785293 0.748094964915501
3.3 30.3835568682005 -42.132473095196 17.2315954735383 -23.5522650808943 0.748093660929483
3.375 31.695304262713 -43.9122045649544 17.7482742675988 -23.9071980456139 0.748092356943536
3.45 33.0460877784219 -45.7181309813811 18.2725577894988 -24.2507983253935 0.74809105295766
3.525 34.4364684491257 -47.5493962845465 18.8041975140988 -24.5829030449503 0.74808974897186
3.6 35.8669885384583 -49.4051324032446 19.342941429232 -24.9033547782203 0.748088444986134
3.675 37.3381712828418 -51.2844596664831 19.8885341551654 -25.212001622982 0.748087141000479
3.75 38.85052064346 -53.1864872204722 20.4407170656571 -25.5086972728623 0.748085837014896
3.825 40.4045210673672 -55.1103134509139 20.999228410552 -25.7933010866892 0.748084533029389
3.9 42.0006372578489 -57.055026410393 21.563803439859 -26.065678155159 0.748083229043955
3.975 43.6393139541405 -59.0197042506652 22.1341745292497 -26.3256993647871 0.748081925058593
4.05 45.3209757206098 -61.0034156596393 22.7100713069203 -26.5732414591108 0.748080621073308
4.125 47.0460267455035 -63.0052203028444 23.2912207817544 -26.8081870971158 0.748079317088091
4.2 48.8148506493513 -65.0241692691756 23.8773474727294 -27.0304249088588 0.748078013102954
4.275 50.6278103031213 -67.0593055207036 24.4681735395017 -27.2398495482598 0.748076709117884
4.35 52.4852476562097 -69.1096643463374 25.0634189141106 -27.436361743038 0.74807540513289
4.42500000000001 54.387483574349 -71.1742738191242 25.6628014337388 -27.6198683417702 0.748074101147963
4.50000000000001 56.3348176875101 -73.2521552569699 26.2660369744647 -27.790282358046 0.748072797163119
4.57500000000001 58.3275282478703 -75.3423236865611 26.8728395859458 -27.9475230117016 0.748071493178339
4.65000000000001 60.365871997916 -77.4437883102703 27.4829216269664 -28.0915157671116 0.748070189193643
4.72500000000001 62.4500840487404 -79.5555529758209 28.0959939017879 -28.2221923685206 0.748068885209008
4.80000000000001 64.5803777685958 -81.6766166484909 28.7117657972353 -28.3394908723975 0.748067581224455
4.87500000000001 66.7569446817526 -83.8059738856313 29.3299454204562 -28.4433556767986 0.748066277239974
4.95000000000001 68.9799543777125 -85.9426153132734 29.9502397372857 -28.5337375477239 0.748064973255569
5.02500000000001 71.2495544308201 -88.0855281046001 30.5723547111529 -28.610593642455 0.748063669271231
5.10000000000001 73.5658703303094 -90.2336964600531 31.1959954424622 -28.6738875298631 0.748062365286964
5.17500000000001 75.92900542082 -92.3861020888505 31.8208663083839 -28.7235892076784 0.748061061302773
5.25000000000001 78.3390408534101 -94.5417246916842 32.4466711029874 -28.7596751167116 0.748059757318654
5.32500000000001 80.7960355470898 -96.6995424443698 33.0731131776512 -28.7821281520208 0.748058453334619
5.40000000000001 83.3000261608934 -98.8585324822193 33.6998955816821 -28.7909376710198 0.748057149350639
5.47500000000001 85.8510270765031 -101.017671384907 34.3267212030783 -28.7860994985225 0.748055845366741
5.55000000000001 88.4490303914328 -103.175935661599 34.9532929093686 -28.7676159287215 0.748054541382916
5.62500000000001 91.0940059227756 -105.332302236115 35.5793136884609 -28.7354957241006 0.748053237399171
5.70000000000001 93.7859012215125 -107.485748931895 36.2044867894345 -28.6897541112804 0.748051933415487
5.77500000000001 96.524641597376 -109.635254956539 36.8285158632079 -28.6304127738002 0.748050629431873
5.85000000000001 99.3101301542561 -111.779801385691 37.4511051030166 -28.5574998418392 0.748049325448335
5.92500000000001 102.142247836134 -113.918371646032 38.071959384633 -28.4710498788817 0.748048021464884
6.00000000000001 105.020853483517 -116.049951997173 38.6907844062639 -28.3711038653322 0.748046717481493
6.07500000000001 107.945783900357 -118.173532012187 39.3072868280573 -28.2577091790899 0.748045413498189
6.15000000000001 110.916853931406 -120.28810505658 39.9211744111534 -28.1309195730896 0.748044109514938
6.22500000000001 113.933856549992 -122.392668765468 40.5321561562137 -27.9907951498208 0.748042805531769
6.30000000000001 116.99656295615 -124.486225518721 41.1399424413629 -27.8374023328373 0.748041501548685
6.37500000000001 120.104722685086 -126.56778291386 41.7442451594771 -27.6708138352706 0.74804019756566
6.45000000000001 123.258063725903 -128.636354236489 42.3447778547545 -27.4911086253607 0.748038893582711
6.52500000000001 126.456292650544 -130.690958928019 42.9412558585033 -27.2983718890237 0.748037589599828
6.60000000000001 129.699094752882 -132.73062305048 43.5333964240822 -27.0926949894699 0.748036285617026
6.67500000000001 132.986134197907 -134.754379748195 44.1209188609301 -26.8741754238959 0.748034981634312
6.75000000000001 136.317054180918 -136.761269706096 44.7035446676207 -26.6429167772669 0.748033677651656
6.82500000000001 139.691477096661 -138.750341604465 45.2809976638798 -26.3990286732149 0.748032373669085
6.90000000000001 143.109004718322 -140.720652569882 45.8530041215023 -26.1426267220737 0.748031069686578
6.97500000000001 146.569218386304 -142.671268622177 46.4192928941065 -25.8738324660759 0.74802976570415
7.05000000000001 150.07167920668 -144.601265117158 46.9795955456649 -25.5927733217382 0.748028461721791
7.12500000000001 153.615928259243 -146.509727184918 47.5336464777499 -25.2995825194625 0.748027157739504
7.20000000000001 157.201486815051 -148.395750163511 48.0811830554348 -24.9943990403804 0.748025853757302
7.27500000000001 160.827856563351 -150.25844002778 48.6219457317894 -24.677367550472 0.748024549775162
7.35000000000001 164.494519847801 -152.096913813153 49.1556781709125 -24.3486383319903 0.748023245793095
7.42500000000001 168.200939911852 -153.91030003419 49.6821273694418 -24.0083672122227 0.748021941811117
7.50000000000001 171.946561153182 -155.697739097694 50.2010437764842 -23.6567154896244 0.748020637829207
7.57500000000001 175.730809387075 -157.458383710172 50.7121814119096 -23.293849857358 0.748019333847376
7.65000000000001 179.553092118594 -159.191399279486 51.2152979829521 -22.9199423242764 0.7480180298656
7.72500000000001 183.412798823448 -160.895964310463 51.7101549990627 -22.5351701333857 0.748016725883924
7.80000000000001 187.309301237392 -162.571270794309 52.1965178849608 -22.1397156778263 0.748015421902285
7.87500000000001 191.241953654045 -164.216524591628 52.6741560918286 -21.7337664144138 0.748014117920734
7.95000000000001 195.210093230974 -165.830945808859 53.1428432065977 -21.3175147747788 0.748012813939266
8.02500000000001 199.213040303901 -167.413769167974 53.6023570592743 -20.8911580741492 0.748011509957848
8.10000000000001 203.25009870888 -168.964244369235 54.052479828254 -20.4548984178163 0.748010205976525
8.17500000000001 207.320556112303 -170.481636446856 54.4929981435751 -20.008942605332 0.74800890199526
8.25000000000001 211.423684348561 -171.965226117396 54.923703188061 -19.5535020324792 0.748007598014081
8.32500000000001 215.558739765223 -173.41431012072 55.3443907963054 -19.0887925910647 0.748006294032966
8.40000000000001 219.724963575541 -174.828201553362 55.7548615514521 -18.6150345665799 0.748004990051922
8.47500000000001 223.92158221814 -176.206230194134 56.1549208797232 -18.1324525337794 0.748003686070962
8.55000000000001 228.147807723708 -177.547742821827 56.544379142653 -17.6412752502264 0.748002382090064
8.62500000000001 232.402838088516 -178.85210352486 56.9230517269806 -17.1417355478546 0.748001078109234
8.70000000000001 236.685857654589 -180.118694002711 57.290759132162 -16.6340702225999 0.74799977412849
8.77500000000001 240.996037496351 -181.346913859014 57.6473270554577 -16.118519922152 0.747998470147805
8.85 245.332535813561 -182.536180886159 57.9925864745568 -15.5953290318806 0.747997166167195
8.925 249.69449833035 -183.685931341274 58.3263737276977 -15.0647455589902 0.747995862186673
9 254.081058700169 -184.795620213452 58.6485305912482 -14.5270210149574 0.74799455820623
9.075 258.491338916464 -185.864721482104 58.9589043547074 -13.9824102963075 0.747993254225834
9.15 262.924449728874 -186.892728366301 59.2573478930941 -13.4311715637862 0.747991950245528
9.225 267.379491064764 -187.879153565005 59.5437197366882 -12.8735661199847 0.747990646265306
9.3 271.85555245588 -188.823529488059 59.8178841380906 -12.3098582854742 0.747989342285156
9.375 276.35171346994 -189.725408477839 60.0797111365709 -11.7403152735113 0.747988038305057
9.45 280.867044146943 -190.584363021452 60.3290766196722 -11.1652070633709 0.747986734325052
9.525 285.400605439996 -191.399985953391 60.565862382043 -10.5848062723688 0.747985430345105
9.6 289.951449660449 -192.171890648537 60.7899561814699 -9.99938802663329 0.747984126365242
9.675 294.518620927127 -192.899711205434 61.0012517920831 -9.40922983068794 0.747982822385445
9.75 299.10115561944 -193.583102619731 61.1996490547096 -8.81461143590658 0.74798151840573
9.825 303.69808283417 -194.221740947725 61.3850539243516 -8.21581470790342 0.747980214426073
9.9 308.308424845704 -194.815323459914 61.5573785147658 -7.61312349292092 0.747978910446502
9.97499999999999 312.931197569506 -195.363568784503 61.7165411401233 -7.00682348327883 0.747977606467007
10.05 317.565411028596 -195.866217040779 61.8624663537311 -6.39720208194809 0.747976302487563
10.125 322.210069822829 -196.323029962296 61.995084983795 -5.78454826631391 0.747974998508205
10.2 326.864173600741 -196.733791009827 62.1143341662089 -5.16915245119247 0.747973694528935
10.275 331.526717533746 -197.098305473999 62.2201573743537 -4.55130635116632 0.747972390549724
10.35 336.196692792448 -197.416400567597 62.312504445892 -3.93130284230359 0.747971086570581
10.425 340.873087024858 -197.687925507464 62.3913316065462 -3.30943582332668 0.74796978259153
10.5 345.554884836274 -197.912751585978 62.4566014908483 -2.6860000762962 0.747968478612538
10.575 350.241068270607 -198.090772232059 62.5082831598516 -2.06129112687614 0.747967174633593
10.65 354.930617292921 -198.221903061686 62.5463521157965 -1.4356051042466 0.747965870654744
10.725 359.622510272955 -198.306081917899 62.5707903137227 -0.80923860073044 0.747964566675972
10.8 364.315724469408 -198.343268900258 62.5815861700225 -0.182488531200391 0.747963262697268
10.875 369.009236514741 -198.333446383757 62.5787345679316 0.444348007666732 0.747961958718626
10.95 373.702022900286 -198.276619027178 62.562236859954 1.07097387822198 0.747960654740087
11.025 378.393060461414 -198.172813770883 62.5321008672207 1.69709204269562 0.747959350761592
11.1 383.081326862544 -198.022079824037 62.4883408757818 2.32240570400118 0.747958046783209
11.175 387.765801081759 -197.824488641286 62.430977629834 2.94661844642532 0.747956742804856
11.25 392.445463894796 -197.580133888881 62.3600383218874 3.56943437613701 0.747955438826601
11.325 397.119298358188 -197.289131400278 62.2755565798746 4.19055826144919 0.747954134848445
11.4 401.786290291321 -196.951619121227 62.1775724512103 4.8096956727667 0.74795283087034
11.475 406.445428757186 -196.567757044381 62.0661323838068 5.42655312215382 0.747951526892314
11.55 411.095706541588 -196.137727133457 61.9412892040564 6.0408382024556 0.747950222914351
11.625 415.736120630593 -195.661733236973 61.8031020917901 6.65225972590671 0.74794891893646
11.7 420.365672685985 -195.140000991623 61.6516365522239 7.26052786216238 0.747947614958637
11.775 424.983369518506 -194.572777715314 61.4869643849075 7.86535427568579 0.747946310980895
11.85 429.588223558651 -193.960332289931 61.3091636496889 8.46645226242691 0.747945007003208
11.925 434.179253324805 -193.302955033878 61.1183186297115 9.063536885728 0.747943703025635
12 438.755483888495 -192.600957564457 60.9145197914614 9.6563251113912 0.747942399048114
12.075 443.315947336525 -191.854672650154 60.6978637418833 10.2445359418444 0.747941095070637
12.15 447.8596832298 -191.064454052894 60.468453182586 10.8278905493418 0.74793979109325
12.225 452.385739058594 -190.230676360349 60.2263968611584 11.4061124081354 0.747938487115945
12.3 456.893170694072 -189.35373480837 59.9718095196201 11.9789274255559 0.747937183138732
12.375 461.381042835824 -188.434045093636 59.7048118400302 12.5460640719401 0.747935879161558
12.45 465.848429455229 -187.472043176598 59.4255303872802 13.1072535093428 0.747934575184506
12.525 470.294414234417 -186.468185074823 59.1340975490986 13.6622297189737 0.747933271207501
12.6 474.718091000624 -185.422946646828 58.830651473295 14.2107296272968 0.74793196723056
12.675 479.118564155745 -184.336823366507 58.5153360022743 14.7524932307349 0.747930663253695
12.75 483.494949100871 -183.210330088264 58.1883006048507 15.287263718918 0.747929359276897
12.825 487.846372655613 -182.044000802956 57.8497003053953 15.814787596418 0.747928055300184
12.9 492.171973472012 -180.838388384766 57.4996956103503 16.3348148029125 0.747926751323543
12.975 496.470902442839 -179.594064329123 57.1384524321435 16.8470988317202 0.747925447346958
13.05 500.742323104098 -178.311618481798 56.7661420105417 17.3513968466513 0.747924143370472
13.125 504.985412031529 -176.9916587593 56.3829408314779 17.8474697971182 0.747922839394032
13.2 509.199359230936 -175.634810860706 55.9890305433913 18.3350825314523 0.747921535417702
13.275 513.383368522142 -174.241717971059 55.5845978711217 18.8140039083716 0.747920231441424
13.35 517.536657916402 -172.813040456485 55.1698345273955 19.284006906548 0.747918927465219
13.425 521.658459987084 -171.349455551154 54.7449371219492 19.7448687322214 0.747917623489095
13.5 525.748022233452 -169.851657036256 54.3101070683301 20.1963709248095 0.747916319513033
13.575 529.80460743737 -168.32035491113 53.8655504884208 20.6382994604642 0.747915015537048
13.65 533.827494012761 -166.756275056697 53.4114781147317 21.0704448535244 0.747913711561138
13.725 537.81597634766 -165.160158891381 52.9481051905074 21.4926022558175 0.747912407585294
13.8 541.769365138693 -163.532763019647 52.4756513676954 21.904571553763 0.747911103609535
13.875 545.686987717819 -161.874858873357 51.994340602825 22.3061574632314 0.747909799633833
13.95 549.568188371202 -160.187232346081 51.5044010508454 22.697169622114 0.747908495658217
14.025 553.412328650025 -158.470683420568 51.0060649569738 23.0774226805593 0.747907191682671
14.1 557.218787673141 -156.726025789528 50.4995685466045 23.4467363888339 0.747905887707223
14.175 560.986962421381 -154.954086469921 49.9851519133316 23.8049356827653 0.747904583731815
14.25 564.716268023402 -153.155705410924 49.4630589051376 24.1518507667269 0.747903279756488
14.325 568.406138032932 -151.331735095776 48.933537008803 24.4873171941255 0.747901975781243
14.4 572.056024697276 -149.483040137673 48.3968372325901 24.811175945353 0.747900671806078
14.475 575.665399216972 -147.610496869918 47.8532139872582 25.1232735031659 0.74789936783098
14.55 579.233751996449 -145.714992930518 47.302924965466 25.4234619254563 0.747898063855969
14.625 582.760592885588 -143.797426841413 46.7462310196177 25.7115989153803 0.747896759881003
14.6999999999999 586.245451412072 -141.858707582555 46.183396038212 25.9875478888099 0.747895455906125
14.7749999999999 589.687877004394 -139.899754161025 45.6146868207512 26.2511780390779 0.74789415193131
14.8499999999999 593.087439205444 -137.921495175399 45.0403729512712 26.5023643989829 0.747892847956577
14.9249999999999 596.443727876553 -135.924868375566 44.4607266705508 26.7409879000273 0.74789154398191
14.9999999999999 599.756353391912 -133.910820218207 43.876022747062 26.9669354288583 0.747890240007316
15.0749999999999 603.024946823261 -131.880305418148 43.2865383467224 27.1800998808868 0.747888936032815
15.1499999999999 606.249160114774 -129.834286495804 42.6925529015106 27.3803802110572 0.747887632058355
15.2249999999999 609.428666248041 -127.773733320909 42.0943479770077 27.5676814817454 0.747886328083993
15.2999999999999 612.563159397086 -125.699622652777 41.4922071389274 27.7419149077613 0.747885024109699
15.3749999999999 615.652355073332 -123.61293767729 40.8864158186982 27.9029978984352 0.747883720135469
15.4499999999999 618.695990260462 -121.51466754084 40.2772611781606 28.0508540967678 0.747882416161328
15.5249999999999 621.693823539086 -119.405806881445 39.6650319734448 28.1854134156248 0.747881112187254
15.5999999999999 624.645635201186 -117.287355357265 39.0500184180923 28.3066120709601 0.747879808213249
15.6749999999999 627.551227354258 -115.160317172735 38.4325120454863 28.4143926120506 0.74787850423931
15.7499999999999 630.410424015122 -113.025700602547 37.8128055706573 28.5087039487292 0.747877200265455
15.8249999999999 633.223071193335 -110.884517513697 37.1911927515278 28.5895013756026 0.747875896291673
15.8999999999999 635.989036964192 -108.737782885833 36.5679682496633 28.6567465932423 0.747874592317957
15.9749999999999 638.708211531257 -106.586514330127 35.9434274905941 28.7104077263396 0.747873288344315
16.0499999999999 641.380507278408 -104.431731606901 35.3178665237759 28.7504593388144 0.747871984370731
16.1249999999999 644.00585881137 -102.274456142229 34.6915818822541 28.776882445873 0.747870680397239
16.1999999999999 646.584222988712 -100.115710543758 34.0648704420991 28.7896645230063 0.747869376423819
16.2749999999999 649.115578942296 -97.9565181159582 33.4380292816788 28.7887995119271 0.74786807245047
16.3499999999999 651.599928087166 -95.7979023750535 32.8113555408352 28.774287823441 0.747866768477191
16.4249999999999 654.037294120879 -93.6408865638441 32.1851462800323 28.7461363372513 0.747865464503992
16.4999999999999 656.427723012267 -91.4864931666626 31.5596983395412 28.7043583986981 0.747864160530863
16.5749999999999 658.77128297965 -89.3357434246883 30.9353081987297 28.6489738124309 0.747862856557815
16.6499999999999 661.068064458491 -87.1896568518509 30.3122718355229 28.5800088330213 0.747861552584828
16.7249999999999 663.318180058533 -85.0492507515533 29.6908845861018 28.4974961525166 0.74786024861192
16.7999999999999 665.521764510412 -82.915539734442 29.0714410049057 28.4014748849425 0.747858944639091
16.8749999999999 667.678974601792 -80.7895352374544 28.4542347250056 28.2919905477622 0.747857640666334
16.9499999999999 669.789989103042 -78.6722450443697 27.8395583189141 28.1690950402988 0.747856336693647
17.0249999999999 671.855008682494 -76.5646728080925 27.227703159898 28.0328466191337 0.747855032721039
17.0999999999999 673.874255811317 -74.4678175748941 26.6189592838596 27.883309870491 0.747853728748498
17.1749999999999 675.847974658058 -72.3826733108374 26.0136152518516 27.7205556796214 0.747852424776024
17.2499999999999 677.776430972904 -70.3102284306099 25.4119580132919 27.5446611972001 0.747851120803628
17.3249999999999 679.6599119617 -68.2514653289889 24.8142727699411 27.3557098027554 0.747849816831315
17.3999999999999 681.498726149809 -66.2073599151598 24.2208428407096 27.1537910651439 0.747848512859064
17.4749999999999 683.293203235862 -64.1788811501084 23.631949527357 26.9390007000919 0.747847208886894
17.5499999999999 685.043693935467 -62.166990587308 23.0478719811469 26.7114405248235 0.747845904914791
17.6249999999999 686.750569814962 -60.1726419169165 22.4688870705222 26.4712184097961 0.747844600942768
17.6999999999999 688.414223115281 -58.1967805137021 21.8952692498619 26.2184482275662 0.747843296970812
17.7749999999999 690.035066566019 -56.2403429889104 21.3272904293822 25.9532497988106 0.747841992998928
17.8499999999999 691.613533189785 -54.304256746285 20.7652198462439 25.6757488355278 0.747840689027122
17.9249999999999 693.150076096938 -52.3894395424539 20.2093239369268 25.3860768814467 0.747839385055384
17.9999999999999 694.6451682708 -50.4967990518882 19.6598662109316 25.0843712496709 0.747838081083724
18.0749999999999 696.099302343444 -48.6272324366396 19.1171071258695 24.7707749575884 0.747836777112139
18.1499999999999 697.512990362175 -46.7816259210627 18.5813039639982 24.4454366590767 0.747835473140627
18.2249999999999 698.886763546806 -44.9608543717202 18.0527107102633 24.1085105740372 0.747834169169185
18.2999999999999 700.221172037838 -43.1657808826732 17.5315779319029 23.7601564152896 0.747832865197817
18.3749999999999 701.516784635684 -41.3972563663517 17.0181526596716 23.400539312864 0.747831561226518
18.4499999999999 702.774188531037 -39.6561191501995 16.5126782707418 23.0298297357242 0.747830257255295
18.5249999999999 703.993989026528 -37.9431945792849 16.0153943733362 22.6482034109604 0.747828953284144
18.5999999999999 705.17680924979 -36.2592946250652 15.5265366931477 22.2558412404897 0.747827649313067
18.6749999999999 706.323289858081 -34.6052175004907 15.0463369615982 21.852929215303 0.747826345342062
18.7499999999999 707.434088734596 -32.9817472816312 14.5750228059929 21.4396583273002 0.747825041371138
18.8249999999999 708.509880676604 -31.3896535360027 14.1128176416182 21.0162244787544 0.747823737400284
18.8999999999999 709.551357075584 -29.8296909577725 13.6599405658373 20.5828283894487 0.747822433429505
18.9749999999999 710.559225589478 -28.3025990100144 13.2166062542323 20.1396755015292 0.747821129458794
19.0499999999999 711.534209807244 -26.8091015741839 12.7830248588423 19.6869758821195 0.747819825488158
19.1249999999999 712.477048905856 -25.3499066069794 12.3594019085459 19.2249441237428 0.747818521517595
19.1999999999999 713.388497299911 -23.925705804752 11.9459382116352 18.7537992425994 0.747817217547105
19.2749999999999 714.269324284012 -22.537174275624 11.542829760627 18.2737645747462 0.74781591357669
19.3499999999999 715.120313668107 -21.1849702194699 11.1502676393581 17.7850676702293 0.747814609606348
19.4249999999999 715.942263405936 -19.8697346159124 10.7684379324059 17.287940185219 0.747813305636077
19.4999999999999 716.735985216781 -18.5920909204819 10.3975216368798 16.7826177721979 0.747812001665881
19.5749999999999 717.502304200686 -17.3526447690821 10.0376945766239 16.2693399682552 0.747810697695757
19.6499999999999 718.242058447337 -16.1519836909035 9.68912731887189 15.7483500815393 0.747809393725708
19.7249999999999 718.956098638784 -14.9906768299192 9.35198509339394 15.2198950759228 0.74780808975573
19.7999999999999 719.645287646195 -13.8692746750963 9.02642771417349 14.6842254539346 0.747806785785827
19.8749999999999 720.310500120829 -12.7883087994501 8.71260950365142 14.1415951380152 0.747805481815995
19.9499999999999 720.952622079427 -11.7482916080649 8.41067921957322 13.5922613501493 0.747804177846239
20.0249999999999 721.572550484217 -10.7497160952013 8.12077998447417 13.0364844899366 0.747802873876555
20.0999999999999 722.171192817726 -9.79305561060437 7.84304921783558 12.4745280111541 0.747801569906945
20.1749999999999 722.74946665261 -8.87876363512418 7.57761857094457 11.9066582968721 0.747800265937408
20.2499999999999 723.308299216697 -8.00727356575445 7.32461386448807 11.3331445331812 0.747798961967944
20.3249999999999 723.848626953459 -7.17899851019177 7.08415502891071 10.7542585815904 0.747797657998553
20.3999999999999 724.371395078106 -6.39433109101238 6.85635604756485 10.1702748501572 0.747796354029236
20.4749999999999 724.877557129534 -5.65364325955948 6.64132490267967 9.58147016341069 0.747795050059992
20.5499999999999 725.368074518315 -4.95728611962932 6.439163524175 8.98812363112899 0.747793746090822
20.6249999999999 725.843916070965 -4.30558976103955 6.24996774134408 8.39051651603328 0.747792442121725
20.6999999999999 726.306057570695 -3.69886310315881 6.07382723742823 7.78893210046162 0.747791138152701
20.7749999999999 726.755481294858 -3.13739374847175 5.91082550710483 7.18365555208527 0.74778983418375
20.8499999999999 727.193175549326 -2.62144784624871 5.76103981690898 6.57497378873125 0.747788530214872
20.9249999999999 727.620134200004 -2.15126996638499 5.62454116860735 5.9631753423754 0.747787226246067
20.9999999999999 728.037356201711 -1.72708298346916 5.50139426554178 5.34855022237023 0.747785922277336
21.0749999999999 728.445845124648 -1.34908797113573 5.39165748195845 4.73138977797251 0.747784618308678
21.1499999999999 728.846608678676 -1.01746410675188 5.29538283533731 4.11198656023565 0.747783314340094
21.2249999999999 729.240658235638 -0.732368586483801 5.21261596173466 3.49063418333246 0.747782010371583
21.2999999999999 729.629008349935 -0.493936550782626 5.14339609415083 2.86762718537393 0.747780706403145
21.3749999999999 730.012676277604 -0.302281020325393 5.08775604393297 2.24326088879013 0.74777940243478
21.4499999999999 730.392681494111 -0.157492842441408 5.04572218522199 1.61783126033919 0.747778098466489
21.5249999999999 730.770045211086 -0.0596406480493788 5.01731444245083 0.99163477081096 0.747776794498271
21.5999999999999 731.145789892249 -0.00877081912572678 5.00254628090008 0.364968254491754 0.747775490530125
21.6749999999999 731.520938768725 -0.00490746671951509 5.00142470031549 -0.26187123154326 0.747774186562054
21.7499999999999 731.896515354014 -0.0480524195244039 5.01395023159019 -0.888586548243232 0.747772882594055
21.8249999999999 732.273542958809 -0.138185223013051 5.04011693651344 -1.51488061543366 0.74777157862613
21.8999999999999 732.653044205924 -0.27526314913437 5.07991241058588 -2.14045655264052 0.747770274658279
21.9749999999999 733.036040545543 -0.459221216569043 5.13331778889992 -2.76501781981967 0.7477689706905
22.0499999999999 733.423551771021 -0.689972221533693 5.2003077550826 -3.38826835792498 0.747767666722795
22.1249999999999 733.816595535478 -0.967406779119107 5.28085055329664 -4.00991272924832 0.747766362755163
22.1999999999999 734.216186869401 -1.29139337514292 5.37490800329389 -4.62965625746509 0.747765058787604
22.2749999999999 734.623337699493 -1.66177842849217 5.4824355185142 -5.24720516731881 0.747763754820118
22.3499999999999 735.039056368995 -2.07838636392617 5.60338212722101 -5.86226672387857 0.747762450852706
22.4249999999999 735.464347159699 -2.54101969530525 5.73769049666371 -6.47454937130332 0.747761146885366
22.4999999999999 735.900209815894 -3.04945911920575 5.8852969602553 -7.08376287104723 0.747759842918101
22.5749999999999 736.347639070461 -3.6034636188771 6.04613154775244 -7.68961843944063 0.747758538950908
22.6499999999999 736.807624173339 -4.20277057849156 6.22011801842358 -8.29182888458127 0.747757234983789
22.7249999999999 737.281148422598 -4.84709590763249 6.40717389718957 -8.89010874247103 0.747755931016743
22.7999999999999 737.769188698328 -5.5361341759622 6.60721051371938 -9.48417441233359 0.747754627049769
22.8749999999999 738.272714999571 -6.26955875800546 6.82013304446266 -10.0737442910488 0.74775332308287
22.9499999999999 738.792689984513 -7.0470219879801 7.045840557599 -10.6585389066401 0.747752019116044
23.0249999999999 739.330068514163 -7.86815532460125 7.28422606088273 -11.238281050752 0.747750715149291
23.0999999999999 739.88579719972 -8.73256952578116 7.53517655236053 -11.8126959100538 0.747749411182611
23.1749999999999 740.460813953855 -9.63985483314177 7.79857307393773 -12.381511196509 0.747748107216005
23.2499999999999 741.056047546113 -10.5895811662525 8.07429076776809 -12.9444572764469 0.747746803249471
23.3249999999999 741.672417162655 -11.5812983265012 8.36219893544012 -13.501267298376 0.747745499283012
23.3999999999999 742.310831970538 -12.614536210502 8.66216109993202 -14.0516773194791 0.747744195316627
23.4749999999999 742.972190686743 -13.6888050329378 8.9740350703059 -14.5954264307291 0.747742891350313
23.5499999999999 743.657381152162 -14.8035955587334 9.2976730091104 -15.1322568805665 0.747741587384073
23.6249999999999 744.367279910737 -15.9583793444479 9.63292150246009 -15.6619141970812 0.747740283417908
23.6999999999999 745.102751793956 -17.1526089887721 9.97962163275808 -16.1841473086382 0.747738979451816
23.7749999999999 745.864649510897 -18.3857183920131 10.3376090540277 -16.6987086628928 0.747737675485794
23.8499999999999 746.653813244022 -19.6571230244418 10.7067140698171 -17.2053543441368 0.74773637151985
23.9249999999999 747.471070250913 -20.9662202033773 11.0867617136407 -17.7038441889207 0.747735067553977
23.9999999999999 748.317234472123 -22.3123893788755 11.4775718319178 -18.193941899898 0.747733763588175
24.0749999999999 749.193106145351 -23.6949924278882 11.8789591693711 -18.6754151578361 0.747732459622448
24.1499999999999 750.099471426107 -25.1133739567516 12.2907334568428 -19.1480357317419 0.747731155656793
24.2249999999999 751.037102015055 -26.566861611862 12.7126995014878 -19.611579587049 0.747729851691213
24.2999999999999 752.006754792203 -28.0547663983903 13.1446572793006 -20.0658269918163 0.747728547725706
24.3749999999999 753.009171458126 -29.5763830068857 13.5864020299322 -20.5105626208867 0.747727243760272
24.4499999999999 754.04507818238 -31.1309901476124 14.0377243537531 -20.9455756579564 0.74772593979491
24.5249999999999 755.115185259276 -32.7178508924618 14.4984103111138 -21.370659895508 0.747724635829623
24.5999999999999 756.220186771183 -34.3362130242767 14.9682415237589 -21.7856138325576 0.747723331864407
24.6749999999999 757.360760259518 -35.9853093934247 15.4469952783445 -22.1902407701722 0.747722027899265
24.7499999999999 758.537566403569 -37.664358281448 15.9344446320103 -22.5843489047092 0.747720723934198
24.8249999999999 759.75124870732 -39.3725637716206 16.4303585199575 -22.9677514187374 0.7477194199692
24.8999999999999 761.00243319441 -41.1091161262354 16.9345018649796 -23.3402665695921 0.747718116004276
24.9749999999999 762.291728111384 -42.8731921704423 17.446635688896 -23.7017177755268 0.747716812039432
25.0499999999999 763.61972363937 -44.6639556824571 17.9665172258342 -24.0519336994169 0.747715508074651
25.1249999999999 764.986991614312 -46.4805577899533 18.4939000373076 -24.390748329978 0.747714204109952
25.1999999999999 766.394085255912 -48.3221373724523 19.0285341290344 -24.7180010604597 0.74771290014533
25.2749999999998 767.841538905386 -50.1878214695182 19.5701660694421 -25.033536764777 0.747711596180768
25.3499999999998 769.329867772175 -52.0767256945657 20.1185391098007 -25.3372058710443 0.747710292216288
25.4249999999998 770.859567689718 -53.9879546540843 20.6733933059292 -25.6288644324757 0.747708988251876
25.4999999999998 772.431114880422 -55.9206023720797 21.2344656414165 -25.9083741956201 0.747707684287542
25.5749999999998 774.044965729913 -57.8737527195318 21.8014901522981 -26.1756026658963 0.74770638032328
25.6499999999998 775.701556570705 -59.8464798486656 22.3741980531307 -26.430423170399 0.747705076359087
25.7249999999998 777.40130347536 -61.8378486318285 22.9523178644043 -26.6727149179446 0.747703772394972
25.7999999999998 779.144602059266 -63.8469151047676 23.5355755412303 -26.9023630563294 0.747702468430927
25.8749999999998 780.931827293102 -65.8727269140941 24.1236946032472 -27.1192587267724 0.74770116446696
25.9499999999998 782.763333325095 -67.9143237687263 24.7163962656795 -27.3232991155169 0.747699860503067
26.0249999999998 784.639453313142 -69.9707378950933 25.3133995714897 -27.5143875025665 0.747698556539241
26.0999999999998 786.56049926689 -72.0409944958872 25.9144215245595 -27.6924333075332 0.747697252575486
26.1749999999998 788.52676189983 -74.1241122121438 26.5191772238378 -27.8573521325741 0.747695948611815
26.2499999999998 790.538510491499 -76.2191035884339 27.1273799983921 -28.0090658023982 0.747694644648209
26.3249999999998 792.59599275983 -78.3249755409445 27.7387415432979 -28.147502401323 0.747693340684675
26.3999999999998 794.699434743729 -80.4407298282282 28.3529720563035 -28.2725963073649 0.747692036721217
26.4749999999998 796.84904069593 -82.5653635243969 28.9697803752044 -28.3842882233443 0.747690732757834
26.5499999999998 799.044992986174 -84.6978694945364 29.5888741158618 -28.4825252049948 0.747689428794526
26.6249999999998 801.287452014759 -86.8372368721162 30.2099598108011 -28.5672606860592 0.747688124831289
26.6999999999998 803.576556136511 -88.9824515381681 30.8327430483234 -28.6384545003631 0.747686820868124
26.7749999999998 805.9124215952 -91.1324966020063 31.4569286120649 -28.6960729008544 0.747685516905032
26.8499999999998 808.295142468439 -93.2863528832617 32.0822206209372 -28.7400885756 0.747684212942014
26.9249999999998 810.724790623086 -95.4429993950012 32.7083226693836 -28.7704806607316 0.747682908979075
26.9999999999998 813.201415681185 -97.6014138277036 33.334937967883 -28.7872347503361 0.747681605016202
27.0749999999998 815.72504499644 -99.7605730338623 33.9617694836363 -28.7903429032835 0.747680301053401
27.1499999999998 818.295683641251 -101.919453512985 34.5885200813686 -28.779803646991 0.747678997090675
27.2249999999998 820.913314404313 -104.077031896762 35.2148926641786 -28.7556219781208 0.747677693128019
27.2999999999998 823.577897798772 -106.232285434169 35.8405903143713 -28.7178093602111 0.747676389165442
27.3749999999998 826.289372080948 -108.38419247628 36.465316434205 -28.6663837182415 0.747675085202946
27.4499999999998 829.047653279602 -110.531732960557 37.0887748864864 -28.601369430136 0.747673781240517
27.5249999999998 831.852635235742 -112.673888894385 37.7106701349479 -28.5227973152068 0.747672477278149
27.5999999999998 834.704189652947 -114.809644837635 38.3307073843399 -28.4307046195446 0.747671173315856
27.6749999999998 837.602166158187 -116.937988383999 38.9485927201717 -28.3251349983627 0.747669869353646
27.7499999999998 840.546392373099 -119.05791064091 39.5640332480348 -28.2061384953027 0.747668565391504
27.8249999999998 843.536673995705 -121.168406707777 40.1767372324431 -28.0737715187123 0.747667261429441
27.8999999999998 846.572794892518 -123.268476152335 40.7864142351231 -27.9280968149058 0.747665957467448
27.9749999999998 849.654517200992 -125.357123484882 41.3927752526897 -27.7691834384201 0.747664653505535
28.0499999999998 852.781581442283 -127.433358630164 41.9955328536416 -27.5971067192809 0.747663349543688
28.1249999999998 855.953706644243 -129.496197396698 42.5944013146116 -27.4119482272936 0.747662045581929
28.1999999999998 859.170590474616 -131.544661943307 43.189096755807 -27.2137957333767 0.747660741620227
28.2749999999998 862.43190938435 -133.57778124264 43.7793372755765 -27.0027431679557 0.747659437658604
28.3499999999998 865.737318760968 -135.594591541468 44.3648430840392 -26.7788905764373 0.747658133697049
28.4249999999998 869.086453091928 -137.594136817529 44.9453366357123 -26.5423440717843 0.74765682973557
28.4999999999998 872.478926137886 -139.575469232706 45.5205427610753 -26.2932157842154 0.747655525774173
28.5749999999998 875.914331115784 -141.537649582328 46.0901887970077 -26.0316238080518 0.747654221812823
28.6499999999998 879.392240891677 -143.479747740381 46.6540047160385 -25.7576921457368 0.747652917851564
28.7249999999998 882.912208183212 -145.40084310041 47.2117232543467 -25.4715506490554 0.747651613890379
28.7999999999998 886.473765771647 -147.30002501191 47.7630800384513 -25.1733349575801 0.747650309929283
28.8749999999998 890.076426723329 -149.176393212004 48.3078137105313 -24.8631864343739 0.747649005968242
28.9499999999998 893.719684620517 -151.029058252185 48.8456660523167 -24.5412520989803 0.747647702007277
29.0249999999998 897.403013801437 -152.857141919942 49.3763821074902 -24.2076845577314 0.747646398046379
29.0999999999998 901.12586960946 -154.659777655057 49.8997103025441 -23.8626419314082 0.747645094085567
29.1749999999998 904.887688651287 -156.436110960373 50.4154025660319 -23.5062877802865 0.747643790124819
29.2499999999998 908.687889064015 -158.185299806854 50.9232144461616 -23.1387910266047 0.747642486164136
29.3249999999998 912.525870790953 -159.906515032726 51.4229052266716 -22.7603258744899 0.747641182203554
29.3999999999998 916.40101586607 -161.59894073652 51.914238040937 -22.3710717273797 0.747639878243018
29.4749999999998 920.312688706927 -163.261774663834 52.3969799842507 -21.9712131029801 0.747638574282558
29.5499999999998 924.260236415962 -164.894228587623 52.8709022242261 -21.5609395457986 0.747637270322183
29.6249999999998 928.242989089981 -166.495528681836 53.3357801092697 -21.140445537295 0.747635966361861
29.6999999999998 932.260260137715 -168.064915888233 53.7913932750722 -20.7099304036909 0.747634662401624
29.7749999999998 936.31134660528 -169.601646276196 54.2375257490663 -20.269598221484 0.747633358441448
29.8499999999998 940.395529509397 -171.104991395373 54.6739660528042 -19.8196577207098 0.747632054481374
29.9249999999998 944.512074178214 -172.574238620984 55.1005073022031 -19.3603221859974 0.747630750521367
29.9999999999998 948.660230599561 -174.00869149162 55.5169473056143 -18.8918093554668 0.747629446561438
30.0749999999998 952.839233776473 -175.407670039389 55.9230886596668 -18.4143413175147 0.747628142601562
30.1499999999998 957.048304089825 -176.770511112232 56.3187388428419 -17.9281444055383 0.74762683864177
30.2249999999998 961.286647667892 -178.096568688279 56.7037103067334 -17.4334490906467 0.747625534682055
30.2999999999998 965.553456762665 -179.385214182079 57.0778205649503 -16.9304898724113 0.747624230722412
30.3749999999998 969.847910132748 -180.635836742565 57.4408922796199 -16.4195051677063 0.747622926762837
30.4499999999998 974.169173432651 -181.847843542613 57.7927533454509 -15.9007371976923 0.747621622803337
30.5249999999998 978.516399608289 -183.020660060059 58.1332369713153 -15.3744318729967 0.747620318843908
30.5999999999998 982.888729298515 -184.153730350036 58.462181759312 -14.8408386771451 0.747619014884554
30.6749999999998 987.285291242477 -185.246517308503 58.7794317812731 -14.3002105482991 0.747617710925293
30.7499999999998 991.705202692623 -186.298502926852 59.0848366526784 -13.7528037593566 0.747616406966074
30.8249999999998 996.147569833144 -187.309188537452 59.3782516039407 -13.1988777964711 0.747615103006943
30.8999999999998 1000.61148820367 -188.278095050034 59.6595375490311 -12.638695236048 0.747613799047894
30.9749999999998 1005.09604312802 -189.204763178787 59.9285611514084 -12.0725216202763 0.747612495088921
31.0499999999998 1009.60031014776 -190.088753660077 60.1851948872246 -11.5006253312538 0.747611191129985
31.1249999999998 1014.12335546045 -190.929647460662 60.4293171057738 -10.9232774637668 0.747609887171159
31.1999999999998 1018.66423636226 -191.727045976331 60.6608120871583 -10.3407516967835 0.747608583212371
31.2749999999998 1023.22200169488 -192.480571220845 60.879570097142 -9.7533241637223 0.747607279253679
31.3499999999998 1027.79569229634 -193.189866005118 61.0854874391675 -9.16127332155747 0.747605975295054
31.4249999999998 1032.38434145576 -193.854594106531 61.2784665035106 -8.56487981882227 0.747604671336489
31.4999999999998 1036.9869753715 -194.474440428306 61.4584158135496 -7.96442636257395 0.747603367378014
31.5749999999998 1041.60261361284 -195.049111148876 61.6252500691276 -7.3601975843828 0.747602063419627
31.6499999999998 1046.23026958471 -195.578333861157 61.7788901869864 -6.75247990540881 0.747600759461307
31.7249999999998 1050.86895099536 -196.061857701679 61.9192633382542 -6.14156140063019 0.747599455503063
31.7999999999998 1055.51766032674 -196.4994534695 62.0463029829677 -5.52773166228785 0.747598151544871
31.8749999999998 1060.17539530735 -196.890913734851 62.1599489016139 -4.91128166261066 0.747596847586759
31.9499999999998 1064.84114938733 -197.236052937464 62.260147223675 -4.29250361588659 0.747595543628735
32.0249999999998 1069.51391221561 -197.534707474531 62.3468504531646 -3.6716908399451 0.747594239670779
32.0999999999998 1074.19267011884 -197.786735778253 62.4200174911414 -3.04913761711641 0.747592935712878
32.1749999999998 1078.8764065819 -197.99201838295 62.4796136551911 -2.42513905473358 0.747591631755065
32.2499999999998 1083.56410272975 -198.150457981683 62.5256106958662 -1.79999094524353 0.747590327797315
32.3249999999998 1088.25473781041 -198.261979472388 62.5579868100768 -1.17398962599327 0.747589023839657
32.3999999999998 1092.94728967883 -198.326529993467 62.5767266514256 -0.547431838757932 0.747587719882063
32.4749999999998 1097.64073528139 -198.344078948847 62.581821337482 0.0793854109230275 0.747586415924532
32.5499999999998 1102.33405114089 -198.314618022486 62.5732684539921 0.706164994534534 0.747585111967081
32.6249999999998 1107.02621384168 -198.238161182309 62.5510720560232 1.33260980143296 0.74758380800971
32.6999999999998 1111.71620051479 -198.114744673586 62.5152426660408 1.95842287968467 0.747582504052417
32.7749999999998 1116.40298932283 -197.944427001754 62.4657972689206 2.58330757682935 0.747581200095183
32.8499999999998 1121.08555994432 -197.727288904676 62.4027593038965 3.20696768050137 0.747579896138052
32.9249999999998 1125.76289405737 -197.463433314372 62.3261586534497 3.82910755884249 0.747578592180951
32.9999999999998 1130.43397582242 -197.152985308227 62.2360316291433 4.44943230063943 0.747577288223939
33.0749999999998 1135.09779236371 -196.796092049692 62.1324209544089 5.06764785511978 0.747575984266987
33.1499999999998 1139.75333424951 -196.392922718534 62.0153757442944 5.68346117134006 0.747574680310135
33.2249999999998 1144.39959597049 -195.943668430627 61.8849514821817 6.29658033709982 0.747573376353335
33.2999999999998 1149.03557641649 -195.448542147368 61.741209993486 6.90671471731592 0.747572072396612
33.3749999999998 1153.66027935098 -194.907778574719 61.5842194163478 7.51357509179147 0.747570768439985
33.4499999999998 1158.27271388333 -194.32163405195 61.414054169334 8.11687379231395 0.747569464483402
33.5249999999998 1162.87189493854 -193.690386430127 61.2307949161606 8.71632483901778 0.747568160526894
33.5999999999998 1167.45684372418 -193.014334940402 61.0345285274558 9.31164407594648 0.747566856570477
33.6749999999998 1172.02658819433 -192.293800052168 60.8253480395804 9.90254930575022 0.747565552614129
33.7499999999999 1176.58016351041 -191.529123321145 60.6033526105259 10.488760423455 0.747564248657833
33.8249999999999 1181.11661249851 -190.720667227475 60.3686474729104 11.06999954924 0.747562944701635
33.8999999999999 1185.63498610312 -189.868815003891 60.121343884095 11.6459911601599 0.747561640745518
33.9749999999999 1190.13434383701 -188.973970454058 59.8615590734448 12.2164622207503 0.747560336789463
34.0499999999999 1194.61375422705 -188.036557761154 59.5894161867585 12.7811423124538 0.747559032833479
34.1249999999999 1199.07229525573 -187.057021286797 59.3050442278933 13.3397637618057 0.747557728877573
34.1999999999999 1203.50905479826 -186.035825360402 59.0085779976136 13.8920617673183 0.747556424921753
34.2749999999999 1207.92313105491 -184.973454059076 58.7001580296913 14.437774525004 0.747555120965958
34.3499999999999 1212.3136329785 -183.870410978154 58.3799305242885 14.9766433524771 0.747553817010268
34.4249999999999 1216.67968069678 -182.727218992475 58.0480472786545 15.5084128115764 0.747552513054655
34.4999999999999 1221.0204059295 -181.544420008526 57.7046656151694 16.0328308294497 0.747551209099099
34.5749999999999 1225.33495240003 -180.322574707565 57.3499483067685 16.5496488180429 0.747549905143614
34.6499999999999 1229.62247624122 -179.062262279838 56.9840634997836 17.0586217919372 0.747548601188209
34.7249999999999 1233.88214639544 -177.764080150027 56.6071846342362 17.5595084844791 0.747547297232882
34.7999999999999 1238.1131450085 -176.428643694055 56.2194903616223 18.0520714621468 0.74754599327763
34.8749999999999 1242.31466781737 -175.056585947378 55.8211644602263 18.5360772371 0.747544689322466
34.9499999999999 1246.48592453139 -173.648557304909 55.4123957480046 19.0112963778597 0.747543385367343
35.0249999999999 1250.6261392069 -172.205225212711 54.9933779930807 19.477503618064 0.74754208141232
35.0999999999999 1254.73455061507 -170.727273851611 54.5643098218937 19.9344779632511 0.74754077745737
35.1749999999999 1258.81041260271 -169.215403812874 54.1253946250429 20.3820027956159 0.747539473502493
35.2499999999999 1262.85299444601 -167.670331766109 53.6768404608759 20.8198659766927 0.747538169547686
35.3249999999999 1266.86158119688 -166.09279011954 53.2188599568621 21.2478599479144 0.747536865592932
35.3999999999999 1270.83547402187 -164.48352667283 52.7516702088016 21.6657818290007 0.747535561638257
35.4749999999999 1274.77399053346 -162.843304262598 52.2754926779156 22.0734335141285 0.747534257683676
35.5499999999999 1278.6764651135 -161.172900400816 51.7905530858677 22.4706217658394 0.747532953729158
35.6249999999999 1282.54224922871 -159.473106906244 51.2970813077647 22.857158306639 0.747531649774718
35.6999999999999 1286.37071173817 -157.744729529086 50.7953112631902 23.2328599082456 0.747530345820332
35.7749999999999 1290.16123919243 -155.988587569043 50.2854808053194 23.5975484784449 0.747529041866035
35.8499999999999 1293.91323612433 -154.20551348694 49.7678316081704 23.9510511455103 0.7475277379118
35.9249999999999 1297.62612533128 -152.396352510118 49.2426090520436 24.2932003401487 0.747526433957649
35.9999999999999 1301.29934814883 -150.56196223177 48.7100621072049 24.6238338749325 0.747525130003567
36.0749999999999 1304.93236471553 -148.703212204419 48.1704432158663 24.9427950211804 0.747523826049549
36.1499999999999 1308.5246542288 -146.820983527726 47.6240081725215 25.2499325832513 0.747522522095618
36.2249999999999 1312.07571519187 -144.916168430825 47.0710160026924 25.5451009702141 0.747521218141749
36.2999999999999 1315.5850656514 -142.989669849379 46.5117288401429 25.8281602648622 0.747519914187966
36.375 1319.05224342604 -141.042400997562 45.9464118026212 26.0989762900372 0.747518610234251
36.45 1322.47680632545 -139.075284935177 45.3753328661858 26.3574206722327 0.747517306280628
36.525 1325.85833235993 -137.089254130091 44.7987627381777 26.603370902446 0.747516002327058
36.6 1329.19641994046 -135.085250016226 44.2169747288976 26.8367103942507 0.747514698373554
36.675 1332.49068806906 -133.064222547289 43.6302446220488 27.0573285390617 0.747513394420137
36.75 1335.74077651937 -131.02712974647 43.0388505440089 27.2651207585658 0.747512090466775
36.825 1338.94634600744 -128.97493725231 42.4430728319891 27.4599885542949 0.747510786513519
36.9 1342.10707835256 -126.908617860965 41.8431939011474 27.6418395543164 0.747509482560322
36.975 1345.22267662802 -124.82915106507 41.2394981107157 27.8105875570194 0.747508178607178
37.05 1348.29286530196 -122.737522589434 40.6322716292056 27.9661525719769 0.747506874654118
37.125 1351.31739036789 -120.634723923779 40.0218022987566 28.1084608578623 0.747505570701146
37.2 1354.29601946516 -118.521751852748 39.4083794986911 28.2374449574054 0.747504266748248
37.275 1357.22854198906 -116.399607983397 38.7922940083404 28.3530437293678 0.747502962795404
37.35 1360.11476919066 -114.269298270413 38.1738378692075 28.4552023775254 0.747501658842643
37.425 1362.95453426631 -112.131832539256 37.5533042465313 28.5438724766432 0.747500354889972
37.5 1365.74769243667 -109.988224007477 36.9309872903182 28.6190119954298 0.747499050937356
37.575 1368.49412101536 -107.83948880443 36.3071819959067 28.6805853164605 0.747497746984826
37.65 1371.19371946711 -105.686645489588 35.682184064132 28.7285632530614 0.747496443032368
37.725 1373.84640945541 -103.530714569729 35.056289761155 28.7629230631435 0.747495139079963
37.8 1376.45213487966 -101.372718015179 34.4297957780248 28.7836484599833 0.747493835127644
37.875 1379.01086190174 -99.2136787753776 33.8029990900382 28.7907296199424 0.747492531175395
37.95 1381.52257896205 -97.054620293965 33.1761968159661 28.7841631871243 0.747491227223218
38.025 1383.98729678502 -94.8965660236466 32.5496860772104 28.7639522749641 0.747489923271118
38.1 1386.40504837398 -92.7405389410463 31.9237638569606 28.7301064647529 0.74748861931909
38.175 1388.77588899555 -90.5875610617883 31.2987268594158 28.6826418010956 0.747487315367136
38.25 1391.09989615342 -88.4386529560338 30.6748713691385 28.6215807843044 0.747486011415255
38.325 1393.37716955162 -86.2948332647026 30.0524931106081 28.5469523597333 0.747484707463446
38.4 1395.60783104725 -84.1571182166101 29.4318871080389 28.4587919040567 0.747483403511716
38.475 1397.79202459272 -82.0265211467466 28.813347545531 28.3571412084992 0.747482099560053
38.55 1399.92991616751 -79.9040520159296 28.1971676276191 28.2420484590255 0.747480795608467
38.625 1402.02169369949 -77.7907169320547 27.5836394402851 28.1135682134983 0.747479491656959
38.7 1404.06756697584 -75.687517673173 26.9730538125019 27.9717613758161 0.747478187705518
38.775 1406.06776754359 -73.5954512126215 26.3657001783726 27.8166951670426 0.747476883754143
38.85 1408.02254859988 -71.5155092464306 25.7618664399305 27.6484430935421 0.747475579802847
38.925 1409.93218487191 -69.4486777232334 25.1618388306662 27.4670849121347 0.747474275851631
39 1411.79697248673 -67.3959363768997 24.5659017798448 27.2727065922893 0.747472971900478
39.0750000000001 1413.61722883088 -65.358258262115 23.9743377776792 27.0654002753714 0.747471667949416
39.1500000000001 1415.3932923999 -63.3366092931274 23.3874272414218 26.8452642309647 0.747470363998414
39.2250000000001 1417.12552263791 -61.3319477858774 22.8054483824393 26.6124028102893 0.747469060047484
39.3000000000001 1418.81429976718 -59.3452240037307 22.2286770743328 26.3669263967348 0.747467756096636
39.3750000000001 1420.46002460794 -57.3773797070281 21.6573867221669 26.1089513535365 0.747466452145844
39.4500000000001 1422.06311838837 -55.4293477066654 21.0918481328677 25.8385999686145 0.747465148195132
39.5250000000001 1423.62402254488 -53.5020514219164 20.5323293868534 25.5560003966066 0.747463844244498
39.6000000000001 1425.14319851292 -51.5964044427072 19.9790957109571 25.2612865981182 0.747462540293935
39.6750000000001 1426.62112750821 -49.7133100965504 19.4324093527019 24.9545982762219 0.747461236343446
39.7500000000001 1428.0583102986 -47.8536610203436 18.8925294559889 24.6360808102335 0.747459932393034
39.8250000000001 1429.45526696678 -46.018338737236 18.3597119382557 24.305885186798 0.747458628442692
39.9000000000001 1430.81253666366 -44.2082132387625 17.8342093691651 23.9641679283178 0.747457324492421
39.9750000000001 1432.13067735283 -42.424142572445 17.3162708508803 23.6110910187561 0.747456020542227
40.0500000000001 1433.41026554608 -40.6669724350548 16.8061418999835 23.2468218268521 0.747454716592104
40.1250000000001 1434.65189603008 -38.9375357717302 16.3040643310951 22.8715330267831 0.747453412642055
40.2000000000001 1435.85618158449 -37.2366523811384 15.8102761422467 22.4854025163119 0.747452108692077
40.2750000000001 1437.02375269142 -35.565128526869 15.3250114020641 22.0886133324585 0.747450804742172
40.3500000000001 1438.15525723663 -33.9237565552442 14.8485001388122 21.6813535647348 0.747449500792342
40.4250000000001 1439.25136020234 -32.3133145197256 14.3809682313559 21.2638162659849 0.747448196842584
40.5000000000001 1440.31274335209 -30.7345658120961 13.9226373020876 20.8361993608727 0.747446892892906
40.5750000000001 1441.34010490748 -29.1882588005929 13.4737246118719 20.3987055520596 0.747445588943297
40.6500000000001 1442.33415921728 -27.6751264751605 13.0344429570589 19.9515422241179 0.747444284993758
40.7250000000001 1443.29563641872 -26.195886099995 12.6050005686126 19.4949213452244 0.747442981044292
40.8000000000001 1444.22528209147 -24.7512388735417 12.1856010134044 19.0290593666816 0.7474416770949
40.8750000000001 1445.12385690414 -23.341869596109 11.776443097717 18.5541771203134 0.747440373145584
40.9500000000001 1445.99213625375 -21.9684463452554 11.3777207730047 18.0704997137849 0.747439069196338
41.0250000000001 1446.83090989815 -20.631620159103 10.989623043956 17.5782564238945 0.747437765247166
41.1000000000001 1447.64098158166 -19.3320247277289 10.6123338789001 17.0776805878906 0.747436461298068
41.1750000000001 1448.42316865406 -18.0702760927798 10.2460321226013 16.569009492863 0.747435157349046
41.2500000000001 1449.17830168316 -16.8469723554524 9.89089141148163 16.0524842632619 0.747433853400094
41.3250000000001 1449.90722406107 -15.6626933929779 9.54708009131344 15.5283497465985 0.747432549451216
41.4000000000001 1450.61079160442 -14.5180005837456 9.2147611374186 14.9968543973801 0.74743124550241
41.4750000000001 1451.28987214869 -13.413436541195 8.89409207741427 14.4582501593359 0.747429941553678
41.5500000000001 1451.9453451368 -12.3495248566038 8.58522491654079 13.9127923459884 0.74742863760502
41.6250000000001 1452.57810120225 -11.3267698508915 8.28830606560737 13.3607395196274 0.747427333656436
41.7000000000002 1453.18904174694 -10.3456563355595 8.00347627158966 12.802353368745 0.747426029707924
41.7750000000002 1453.77907851386 -9.40664938287789 7.73087055091214 12.2378985839871 0.747424725759485
41.8500000000002 1454.34913315493 -8.5101941054294 7.47061812544703 11.6676427326831 0.747423421811121
41.9250000000002 1454.90013679407 -7.65671544511536 7.22284236125983 11.0918561320113 0.747422117862829
42.0000000000002 1455.43302958586 -6.84661797172261 6.98766071013085 10.5108117208613 0.74742081391461
42.0750000000002 1455.94876026984 -6.0802856911475 6.76518465388013 9.92478493045299 0.747419509966466
42.1500000000002 1456.44828572085 -5.35808186336777 6.55551965152237 9.33405355377468 0.747418206018394
42.2250000000002 1456.93257049534 -4.68034883024861 6.35876508927681 8.73889761390158 0.747416902070395
42.3000000000002 1457.40258637426 -4.04740785326436 6.17501423345582 8.13959923125695 0.74741559812247
42.3750000000002 1457.85931190231 -3.45955896121304 6.00435418625438 7.53644248987923 0.747414294174618
42.4500000000002 1458.30373192413 -2.91708080799568 5.8468658444617 6.92971330275839 0.747412990226839
42.5250000000002 1458.73683711749 -2.42023054052794 5.70262386111424 6.31969927630516 0.747411686279133
42.6000000000002 1459.15962352358 -1.96924367684669 5.57169661010846 5.70668957401774 0.747410382331501
42.6750000000002 1459.57309207497 -1.56433399446919 5.45414615379013 5.09097477941025 0.747409078383942
42.7500000000002 1459.97824812108 -1.205693429058 5.35002821353537 4.47284675826814 0.747407774436456
42.8250000000002 1460.37610095161 -0.893491983439397 5.25939214333763 3.85259852029577 0.747406470489043
42.9000000000002 1460.76766331815 -0.62787764701864 5.18228090641284 3.23052408022175 0.747405166541704
42.9750000000002 1461.15395095407 -0.408976325630205 5.11873105483406 2.60691831842784 0.747403862594437
43.0500000000002 1461.53598209306 -0.236891781856201 5.06877271220518 1.98207684116759 0.747402558647245
43.1250000000002 1461.91477698643 -0.111705585841323 5.03242955938181 1.3562958404408 0.747401254700125
43.2000000000002 1462.29135741953 -0.0334770766276187 5.00971882324634 0.729871953590433 0.747399950753079
43.2750000000002 1462.66674622734 -0.00224333402741263 5.00065126854222 0.10310212268838 0.747398646806106
43.3500000000002 1463.04196680966 -0.018019161047712 5.00523119277161 -0.523716546223228 0.747397342859206
43.4250000000002 1463.41804264597 -0.0807970768744284 5.02345642415856 -1.1502869239684 0.747396038912379
43.5000000000002 1463.7959968103 -0.19054732041974 5.05531832267886 -1.77631199908464 0.747394734965626
43.5750000000002 1464.1768514862 -0.347217864430912 5.10080178415605 -2.40149501861447 0.747393431018946
43.6500000000002 1464.56162748229 -0.550734440153888 5.15988524742151 -3.02553962877444 0.74739212707234
43.7250000000002 1464.95134374827 -0.801000572539955 5.23254070453548 -3.6481500154349 0.747390823125806
43.8000000000002 1465.34701689201 -1.0978976259788 5.31873371406388 -4.26903104434394 0.747389519179346
43.8750000000002 1465.74966069757 -1.44128486053629 5.41842341740492 -4.88788840102903 0.747388215232959
43.9500000000002 1466.16028564467 -1.83099949867024 5.53156255815748 -5.50442873031011 0.747386911286645
44.0250000000002 1466.5798984297 -2.26685680239274 5.65809750452237 -6.1183597753579 0.747385607340405
44.1000000000002 1467.00950148851 -2.74865016084214 5.79796827472556 -6.72939051623154 0.747384303394238
44.1750000000002 1467.45009252124 -3.27615118822354 5.9511085654516 -7.33723130782992 0.747382999448143
44.2500000000002 1467.90266401936 -3.84910983207112 6.11744578327349 -7.94159401719132 0.747381695502123
44.3250000000003 1468.36820279523 -4.46725449178101 6.29690107906436 -8.54219216007622 0.747380391556175
44.4000000000003 1468.8476895143 -5.13029214735863 6.48938938537443 -9.13874103676851 0.747379087610301
44.4750000000003 1469.34209823026 -5.83790849831942 6.69481945675566 -9.73095786703091 0.7473777836645
44.5500000000003 1469.85239592332 -6.58976811267698 6.91309391301492 -10.3185619241504 0.747376479718773
44.6250000000003 1470.37954204182 -7.38551458594821 7.14410928537526 -10.9012746680101 0.747375175773119
44.7000000000003 1470.92448804742 -8.22477071009997 7.3877560655232 -11.4788198771251 0.747373871827537
44.7750000000003 1471.48817696413 -9.10713865235716 7.64391875751905 -12.0509237795784 0.74737256788203
44.8500000000003 1472.07154293121 -10.0322001437874 7.91247593254548 -12.6173151827966 0.747371263936595
44.9250000000003 1472.67551076043 -10.9995166775733 8.19330028646842 -13.1777256021022 0.747369959991234
45.0000000000003 1473.30099549768 -12.0086297168775 8.48625870018302 -13.7318893879824 0.747368656045945
45.0750000000003 1473.94890198916 -13.0590609122029 8.79121230271605 -14.2795438520145 0.747367352100731
45.1500000000003 1474.62012445252 -14.1503123281448 9.10801653705493 -14.8204293913866 0.74736604815559
45.2250000000003 1475.31554605295 -15.2818666794265 9.43652122867195 -15.3542896119568 0.747364744210522
45.3000000000003 1476.03603848453 -16.453187576108 9.77657065671142 -15.8808714497907 0.747363440265526
45.3750000000003 1476.78246155704 -17.6637197778505 10.128003627806 -16.3999252911202 0.747362136320603
45.4500000000003 1477.55566278837 -18.9128894571168 10.4906535524869 -16.9112050906673 0.747360832375755
45.5250000000003 1478.35647700279 -20.2001044711817 10.8643485241524 -17.4144684882762 0.747359528430979
45.6000000000003 1479.18572593521 -21.5247546428255 11.2489114005564 -17.9094769237979 0.747358224486277
45.6750000000003 1480.04421784168 -22.8862120495753 11.6441598877788 -18.3959957501745 0.747356920541648
45.7500000000003 1480.9327471162 -24.2838313213584 12.0499066266385 -18.873794344668 0.747355616597091
45.8250000000003 1481.85209391423 -25.7169499464264 12.4659592815069 -19.3426462181815 0.747354312652608
45.9000000000003 1482.80302378281 -27.1848885854051 12.8921206314802 -19.8023291226209 0.747353008708199
45.9750000000003 1483.78628729771 -28.6869513933204 13.3281886638683 -20.2526251562465 0.747351704763866
46.0500000000003 1484.80261970763 -30.222426349449 13.7739566699542 -20.6933208669639 0.747350400819606
46.1250000000003 1485.85274058567 -31.7905855948366 14.2292133429801 -21.1242073535062 0.747349096875414
46.2000000000003 1486.93735348822 -33.3906857773237 14.6937428783125 -21.5450803644585 0.747347792931298
46.2750000000003 1488.05714562147 -35.021968403916 15.1673250757403 -21.9557403950781 0.747346488987258
46.3500000000003 1489.21278751568 -36.6836602003311 15.6497354438552 -22.3559927818655 0.74734518504329
46.4250000000003 1490.40493270727 -38.374973477553 16.1407453064679 -22.7456477948395 0.747343881099397
46.5000000000003 1491.63421742908 -40.0951065052188 16.6401219110062 -23.1245207274742 0.747342577155576
46.5750000000003 1492.90126030878 -41.8432438916617 17.147628538847 -23.4924319842549 0.747341273211824
46.6500000000003 1494.20666207557 -43.6185569704292 17.6630246175273 -23.8492071658105 0.747339969268144
46.7250000000003 1495.55100527549 -45.4202041930953 18.1860658347823 -24.194677151584 0.747338665324537
46.8000000000003 1496.93485399522 -47.2473315281772 18.7165042543565 -24.5286781799992 0.747337361381005
46.8750000000003 1498.35875359473 -49.0990728659711 19.2540884335321 -24.8510519260884 0.747336057437549
46.9500000000004 1499.82323044873 -50.9745504291117 19.7985635423206 -25.1616455765422 0.747334753494166
47.0250000000004 1501.32879169719 -52.8728751886641 20.3496714842585 -25.4603119021469 0.747333449550856
47.1000000000004 1502.87592500492 -54.793147285548 20.9071510187529 -25.746909327575 0.747332145607622
47.1750000000004 1504.46509833041 -56.734456457096 21.4707378849165 -26.0213019984952 0.747330841664455
47.2500000000004 1506.09675970401 -58.695882468544 22.040164926835 -26.2833598459711 0.747329537721365
47.3250000000004 1507.77133701554 -60.6764955492477 22.615162220206 -26.5329586481167 0.747328233778345
47.4000000000004 1509.48923781147 -62.6753568334202 23.1954572002912 -26.769980088981 0.7473269298354
47.4750000000004 1511.25084910176 -64.6915188051801 23.780774791119 -26.9943118146323 0.747325625892529
47.5500000000004 1513.05653717634 -66.7240257477011 24.370837535879 -27.2058474864172 0.747324321949732
47.6250000000004 1514.90664743154 -68.7719141962476 24.9653657284433 -27.404486831367 0.747323018007002
47.7000000000004 1516.80150420634 -70.8342133948842 25.5640775459559 -27.5901356897301 0.747321714064352
47.7750000000004 1518.74141062863 -72.9099457566406 26.1666891824238 -27.7627060596058 0.747320410121783
47.8500000000004 1520.72664847152 -74.9981273269154 26.7729149832494 -27.9221161386591 0.747319106179273
47.9250000000004 1522.75747801977 -77.0977682498975 27.3824675806385 -28.0682903628967 0.74731780223685
48.0000000000004 1524.83413794641 -79.2078732377849 27.9950580298205 -28.2011594424868 0.747316498294486
48.0750000000004 1526.95684519961 -81.3274420425792 28.6103959460164 -28.3206603946033 0.747315194352198
48.1500000000004 1529.12579489983 -83.4554699302303 29.2281896420889 -28.4267365732811 0.747313890409983
48.2250000000004 1531.34116024735 -85.5909481569082 29.8481462668105 -28.519337696268 0.747312586467847
48.3000000000004 1533.60309244014 -87.7328644471752 30.4699719436829 -28.5984198688589 0.747311282525775
48.3750000000004 1535.91172060222 -89.8802034738327 31.0933719102424 -28.6639456047031 0.74730997858379
48.4500000000004 1538.26715172241 -92.0319473392139 31.7180506577858 -28.7158838435732 0.747308674641871
48.5250000000004 1540.66947060367 -94.187076057695 32.3437120714489 -28.7542099660886 0.747307370700028
48.6000000000004 1543.11873982288 -96.344568039197 32.9700595705741 -28.7789058053849 0.747306066758264
48.6750000000004 1545.61499970114 -98.503400573447 33.5967962492969 -28.7899596557253 0.747304762816566
48.7500000000004 1548.15826828472 -100.662550314771 34.2236250172877 -28.7873662780493 0.747303458874942
48.8250000000004 1550.74854133648 -102.820993767187 34.8502487405809 -28.7711269024554 0.747302154933385
48.9000000000004 1553.38579233785 -104.977707769572 35.4763703824243 -28.741249227618 0.747300850991906
48.9750000000004 1556.06997250147 -107.131669980666 36.1016931440827 -28.6977474171375 0.747299547050499
49.0500000000004 1558.80101079424 -109.28185936369 36.7259206055288 -28.6406420928258 0.747298243109158
49.1250000000004 1561.57881397106 -111.427256670349 37.3487568659538 -28.569960324931 0.747296939167905
49.2000000000004 1564.40326661898 -113.566844923977 37.9699066840331 -28.4857356193049 0.747295635226714
49.2750000000004 1567.27423121195 -115.699609901617 38.5890756178785 -28.3880079015197 0.747294331285615
49.3500000000004 1570.19154817598 -117.824540614787 39.2059701646112 -28.2768234979421 0.747293027344565
49.4250000000004 1573.15503596481 -119.940629788718 39.820297899491 -28.1522351137729 0.747291723403595
49.5000000000004 1576.16449114596 -122.046874339828 40.4317676145328 -28.014301808063 0.747290419462683
49.5750000000005 1579.21968849715 -124.142275851212 41.0400894565472 -27.8630889657172 0.747289115521882
49.6500000000005 1582.32038111308 -126.225841045919 41.6449750645393 -27.6986682664998 0.747287811581124
49.7250000000005 1585.46630052247 -128.29658225779 42.2461377063988 -27.5211176510562 0.74728650764046
49.8000000000005 1588.65715681532 -130.353517899639 42.8432924148194 -27.3305212839664 0.747285203699873
49.8750000000005 1591.89263878031 -132.395672928554 43.4361561223807 -27.1269695138481 0.747283899759342
49.9500000000005 1595.1724140524 -134.422079308093 44.0244477957299 -26.9105588305292 0.747282595818883
50.0250000000005 1598.49612927028 -136.431776467155 44.607888568799 -26.6813918193081 0.747281291878492
50.1000000000005 1601.86341024395 -138.423811755324 45.1862018749949 -26.4395771123256 0.747279987938197
50.1750000000005 1605.27386213209 -140.397240894444 45.7591135782995 -26.1852293370694 0.747278683997954
50.2500000000005 1608.72706962916 -142.351128426235 46.3263521032175 -25.9184690620378 0.747277380057791
50.3250000000005 1612.22259716237 -144.284548155728 46.8876485635102 -25.6394227395862 0.747276076117694
50.4000000000005 1615.75998909806 -146.1965835903 47.4427368896553 -25.348222645985 0.747274772177692
50.4750000000005 1619.33876995776 -148.086328374123 47.9913539549701 -25.0450068187167 0.747273468237749
50.5500000000005 1622.95844464351 -149.952886717794 48.5332397003417 -24.7299189910422 0.747272164297873
50.6250000000005 1626.61849867261 -151.795373822968 49.068137257501 -24.4031085238666 0.747270860358075
50.7000000000005 1630.31839842148 -153.612916301774 49.5957930707856 -24.0647303349383 0.74726955641836
50.7750000000005 1634.0575913786 -155.404652590826 50.1159570173316 -23.7149448254129 0.747268252478702
50.8500000000005 1637.83550640642 -157.169733359623 50.6283825256389 -23.3539178038187 0.747266948539137
50.9250000000005 1641.65155401212 -158.907321913158 51.1328266924522 -22.9818204074584 0.747265644599627
51.0000000000005 1645.50512662703 -160.616594588532 51.6290503979039 -22.5988290212854 0.747264340660222
51.0750000000005 1649.39559889461 -162.296741145391 52.1168184188629 -22.2051251942916 0.747263036720869
51.1500000000005 1653.32232796694 -163.946965150003 52.595899540437 -21.8008955534487 0.747261732781582
51.2250000000005 1657.2846538094 -165.566484352788 53.0660666655745 -21.3863317152409 0.747260428842378
51.3000000000005 1661.28189951358 -167.154531059127 53.5270969227143 -20.9616301948337 0.747259124903253
51.3750000000005 1665.31337161812 -168.710352493263 53.9787717714329 -20.5269923129199 0.747257820964169
51.4500000000005 1669.37836043748 -170.233211155143 54.4208771060381 -20.0826241002878 0.747256517025181
51.5250000000005 1673.4761403983 -171.722385170012 54.8532033570611 -19.6287362001564 0.747255213086268
51.6000000000005 1677.60597038337 -173.177168630594 55.2755455905975 -19.1655437683252 0.747253909147446
51.6750000000005 1681.76709408292 -174.596871931718 55.6877036054514 -18.6932663711837 0.747252605208683
51.7500000000005 1685.95874035318 -175.980822097206 56.0894820280361 -18.2121278816308 0.747251301269994
51.8250000000005 1690.18012358186 -177.328363098879 56.4806904049863 -17.7223563729526 0.747249997331373
51.9000000000005 1694.43044406059 -178.638856167533 56.8611432934375 -17.2241840107095 0.747248693392809
51.9750000000005 1698.70888836401 -179.911680095736 57.2306603489314 -16.7178469426828 0.747247389454318
52.0500000000005 1703.01462973534 -181.146231532287 57.589066410903 -16.2035851869342 0.747246085515904
52.1250000000005 1707.34682847828 -182.34192526823 57.9361915857118 -15.6816425180304 0.747244781577584
52.2000000000005 1711.70463235507 -183.498194514252 58.2718713271756 -15.152266351487 0.747243477639336
52.2750000000006 1716.08717699047 -184.614491169356 58.5959465145696 -14.6157076264867 0.747242173701163
52.3500000000006 1720.49358628147 -185.690286080677 58.9082635280532 -14.072220686927 0.747240869763041
52.4250000000006 1724.92297281264 -186.725069294313 59.2086743214906 -13.5220631608542 0.747239565824993
52.5000000000006 1729.37443827673 -187.718350297055 59.4970364926275 -12.9654958383403 0.747238261887028
52.5750000000006 1733.84707390056 -188.669658248905 59.7732133505939 -12.4027825478612 0.747236957949125
52.6500000000006 1738.33996087574 -189.578542206262 60.0370739806988 -11.8341900312348 0.747235654011325
52.7250000000006 1742.85217079424 -190.444571335684 60.288493306487 -11.2599878171777 0.747234350073571
52.8000000000006 1747.38276608848 -191.267335118111 60.5273521490286 -10.6804480935414 0.747233046135905
52.8750000000006 1751.93080047577 -192.046443543465 60.7535372834124 -10.0958455782872 0.747231742198306
52.9500000000006 1756.49531940687 -192.78152729552 60.9669414924175 -9.50645738926269 0.747230438260773
53.0250000000006 1761.07536051845 -193.472237926969 61.1674636173368 -8.91256291283999 0.747229134323341
53.1000000000006 1765.66995408932 -194.118248024597 61.355008605929 -8.3144436714788 0.747227830385975
53.1750000000006 1770.27812350006 -194.719251364478 61.5294875574747 -7.712383190277 0.747226526448686
53.2500000000006 1774.898885696 -195.274963057141 61.6908177649185 -7.10666686257193 0.747225222511453
53.3250000000006 1779.53125165319 -195.785119682606 61.8389227540733 -6.497581814656 0.7472239185743
53.4000000000006 1784.17422684726 -196.249479415254 61.9737323198712 -5.8854167696709 0.747222614637219
53.4750000000006 1788.82681172479 -196.66782213846 62.0951825596421 -5.27046191074484 0.7472213107002
53.5500000000006 1793.48800217719 -197.039949548929 62.2032159034049 -4.65300874343777 0.747220006763271
53.6250000000006 1798.15679001664 -197.365685250699 62.2977811411572 -4.03334995755969 0.747218702826393
53.7000000000006 1802.83216345402 -197.644874838755 62.3788334471494 -3.41177928842758 0.747217398889604
53.7750000000006 1807.5131075785 -197.877385972219 62.4463344011334 -2.78859137762685 0.747216094952881
53.8500000000006 1812.19860483865 -198.063108437086 62.5002520065743 -2.16408163334308 0.747214791016249
53.9250000000006 1816.88763552479 -198.201954198461 62.5405607058173 -1.53854609033041 0.747213487079676
54.0000000000006 1821.57917825236 -198.293857442294 62.5672413922022 -0.912281269583001 0.747212183143181
54.0750000000006 1826.27221044606 -198.338774606575 62.5802814191206 -0.28558403777591 0.747210879206778
54.1500000000006 1830.96570882464 -198.336684401979 62.5796746060097 0.341248533457826 0.747209575270434
54.2250000000006 1835.65864988589 -198.287587821963 62.5654212412824 0.967919308347277 0.747208271334166
54.3000000000006 1840.35001039186 -198.191508142287 62.5375280821894 1.59413122783409 0.747206967397961
54.3750000000006 1845.03876785385 -198.048490909984 62.4960083516166 2.21958745038661 0.747205663461829
54.4500000000006 1849.72390101719 -197.858603921766 62.4408817318162 2.84399149271083 0.747204359525775
54.5250000000006 1854.40439034522 -197.621937191886 62.3721743550763 3.46704737029158 0.747203055589795
54.6000000000006 1859.0792185027 -197.338602909468 62.2899187913336 4.08845973769726 0.747201751653887
54.6750000000006 1863.74737083795 -197.008735385325 62.1941540327336 4.70793402858156 0.747200447718062
54.7500000000006 1868.40783586389 -196.632490988288 62.0849254751472 5.32517659531594 0.747199143782288
54.8250000000006 1873.0596057375 -196.210048071087 61.9622848966509 5.93989484818659 0.747197839846603
54.9000000000007 1877.70167673755 -195.741606885799 61.8262904329831 6.55179739408985 0.747196535910987
54.9750000000007 1882.33304974037 -195.22738948893 61.677006549985 7.16059417466047 0.747195231975462
55.0500000000007 1886.95273069353 -194.667639636144 61.5145040130421 7.76599660376711 0.747193928039975
55.1250000000007 1891.55973108699 -194.062622666722 61.338859853539 8.36771770430997 0.747192624104584
55.2000000000007 1896.1530684217 -193.412625377779 61.150157332344 8.96547224425568 0.747191320169249
55.2750000000007 1900.73176667531 -192.717955888316 60.9484859003411 9.55897687184497 0.747190016234007
55.3500000000007 1905.29485676487 -191.978943493156 60.7339411560272 10.1479502499091 0.747188712298823
55.4250000000007 1909.84137700618 -191.195938506857 60.5066248001955 10.7321131892311 0.747187408363696
55.5000000000007 1914.37037356965 -190.369312097644 60.2666445877263 11.3111887808891 0.747186104428671
55.5750000000007 1918.88090093245 -189.499456111468 60.0141142765079 11.8849025275188 0.747184800493721
55.6500000000007 1923.37202232669 -188.586782886261 59.7491535735117 12.4529824734319 0.74718349655886
55.7250000000007 1927.84281018351 -187.631725056469 59.471888078048 13.0151593335311 0.74718219262405
55.8000000000007 1932.29234657275 -186.634735347976 59.1824492222275 13.5711666209583 0.747180888689299
55.8750000000007 1936.71972363809 -185.596286363498 58.880974208659 14.1207407734161 0.747179584754651
55.9500000000007 1941.12404402737 -184.516870358551 58.5676059454114 14.6636212781037 0.747178280820043
56.0250000000007 1945.50442131796 -183.396999008113 58.2424929782704 15.1995507952069 0.747176976885536
56.1000000000007 1949.85998043701 -182.23720316407 57.9057894203242 15.728275279884 0.747175672951089
56.1750000000007 1954.18985807616 -181.03803260358 57.5576548789089 16.2495441026897 0.747174369016707
56.2500000000007 1958.49320310085 -179.800055768461 57.1982543799501 16.7631101683803 0.747173065082425
56.3250000000007 1962.76917695375 -178.523859495735 56.8277582897358 17.268730033043 0.7471717611482
56.4000000000007 1967.01695405225 -177.210048739445 56.4463422341578 17.7661640194955 0.747170457214059
56.4750000000007 1971.23572217983 -175.859246283897 56.05418701546 18.2551763308984 0.747169153279962
56.5500000000007 1975.42468287105 -174.472092448435 55.6514785265326 18.73553516253 0.747167849345961
56.6250000000007 1979.58305179006 -173.049244783915 55.2384076627941 19.2070128116671 0.747166545412021
56.7000000000007 1983.71005910238 -171.591377761007 54.8151702317007 19.6693857855227 0.747165241478171
56.7750000000007 1987.80494983986 -170.099182450475 54.3819668599286 20.1224349071871 0.747163937544397
56.8500000000007 1991.86698425848 -168.573366195591 53.9390028982706 20.5659454195234 0.747162633610677
56.9250000000007 1995.89543818911 -167.014652276831 53.4864883242943 20.9997070869683 0.747161329677043
57.0000000000007 1999.88960338067 -165.423779569025 53.0246376428067 21.4235142951892 0.747160025743474
57.0750000000007 2003.84878783597 -163.801502191105 52.5536697841727 21.8371661485506 0.747158721809978
57.1500000000007 2007.77231613965 -162.14858914863 52.0738080005361 22.2404665653438 0.747157417876547
57.2250000000007 2011.6595297784 -160.465823969262 51.5852797599913 22.6332243707351 0.747156113943212
57.3000000000007 2015.50978745307 -158.754004331342 51.0883166387576 23.0152533873871 0.747154810009927
57.3750000000007 2019.3224653827 -157.013941685779 50.5831542114048 23.3863725237121 0.747153506076724
57.4500000000007 2023.09695760018 -155.24646087139 50.0700319391848 23.7464058597136 0.7471522021436
57.5250000000008 2026.83267623951 -153.452399723906 49.5491930565201 24.0951827303774 0.747150898210561
57.6000000000008 2030.52905181446 -151.632608678819 49.0208844557033 24.4325378065709 0.747149594277571
57.6750000000008 2034.18553348851 -149.787950368244 48.4853565698638 24.7583111734135 0.747148290344651
57.7500000000008 2037.80158933598 -147.919299212012 47.9428632542555 25.07234840608 0.747146986411847
57.8250000000008 2041.37670659417 -146.027541003169 47.3936616659217 25.3745006430023 0.747145682479067
57.9000000000008 2044.91039190639 -144.113572488085 46.8380121417958 25.6646246564332 0.747144378546386
57.9750000000008 2048.4021715559 -142.178300941373 46.2761780752945 25.9425829203403 0.747143074613767
58.0500000000008 2051.85159169036 -140.222643735813 45.7084257914617 26.2082436755962 0.747141770681226
58.1250000000008 2055.25821853707 -138.247527907492 45.1350244207228 26.4614809924364 0.747140466748748
58.2000000000008 2058.62163860852 -136.253889716365 44.5562457713099 26.7021748301523 0.747139162816346
58.2750000000008 2061.94145889841 -134.242674202439 43.9723642004166 26.930211093994 0.747137858884018
58.3500000000008 2065.21730706797 -132.214834737802 43.3836564841455 27.1454816892538 0.747136554951774
58.4250000000008 2068.44883162242 -130.17133257469 42.7904016863083 27.3478845725057 0.747135251019612
58.5000000000008 2071.6357020776 -128.113136389838 42.1928810261417 27.5373237999766 0.747133947087503
58.5750000000008 2074.77760911665 -126.04122182529 41.5913777450021 27.7137095730256 0.747132643155476
58.6500000000008 2077.87426473661 -123.956571025924 40.9861769721013 27.876958280711 0.747131339223514
58.7250000000008 2080.92540238493 -121.860172173885 40.3775655893468 28.0269925394235 0.747130035291651
58.8000000000008 2083.93077708586 -119.75301902016 39.7658320953524 28.1637412295681 0.747128731359833
58.8750000000008 2086.89016555652 -117.636110413516 39.1512664686819 28.2871395292762 0.747127427428099
58.9500000000008 2089.80336631281 -115.510449827011 38.5341600303908 28.3971289451328 0.747126123496448
59.0250000000008 2092.67019976485 -113.377044882326 37.9148053059324 28.4936573399031 0.747124819564848
59.1000000000008 2095.49050830216 -111.236906872124 37.2934958864927 28.5766789572472 0.74712351563333
59.1750000000008 2098.26415636832 -109.091050280667 36.6705262898201 28.6461544434093 0.747122211701892
59.2500000000008 2100.99103052529 -106.940492302922 36.0461918206156 28.7020508658721 0.747120907770516
59.3250000000008 2103.67103950713 -104.786252362388 35.4207884305507 28.744341728967 0.747119603839229
59.4000000000008 2106.30411426328 -102.629351627855 34.7946125779779 28.773006986434 0.747118299908007
59.4750000000008 2108.89020799129 -100.470812529345 34.1679610874012 28.7880330509235 0.747116995976855
59.5500000000008 2111.42929615899 -98.3116582734532 33.5411310087735 28.7894128004367 0.74711569204578
59.6250000000008 2113.92137651616 -96.1529123583171 32.9144194766867 28.7771455817013 0.747114388114785
59.7000000000008 2116.36646909555 -93.9955980884531 32.2881235695215 28.7512372104809 0.747113084183856
59.7750000000008 2118.76461620339 -91.8407380896806 31.6625401686245 28.7116999688175 0.747111780253004
59.8500000000008 2121.11588239936 -89.6893538243704 31.0379658175781 28.6585525992096 0.747110476322213
59.9250000000008 2123.42035446596 -87.5424651072428 30.4146965816309 28.5918202957269 0.747109172391504
60.0000000000008 2125.67814136739 -85.4010896219486 29.7930279073547 28.5115346920676 0.747107868460874
