0 0 0 5 0 0.748151036383683
0.1 0.5 0 5 -0.835843609038785 0.76771280346927
0.2 1 -0.0835843609038785 5.02426560833921 -1.67168721807757 0.787291057507804
0.3 1.50242656083392 -0.250753082711635 5.07279682501764 -2.50682636549015 0.806885812394736
0.4 2.00970624333569 -0.501435719260651 5.14557319861383 -3.34055658965034 0.826497082037232
0.5 2.52426356319707 -0.835491378225685 5.2425538262849 -4.17217402266283 0.846124880354178
0.6 3.04851894582556 -1.25270878049197 5.36367737100328 -5.00097598409415 0.865769221276189
0.7 3.58488668292589 -1.75280637890138 5.50886209603024 -5.82626157420311 0.885430118745623
0.8 4.13577289252891 -2.33543253632169 5.67800591661171 -6.64733226617056 0.90510758671659
0.9 4.70357348419008 -3.00016576293875 5.87098646886718 -7.4634924968282 0.924801639154957
1 5.2906721310768 -3.74651501262157 6.08766119582832 -8.27405025538762 0.944512290038365
1.1 5.89943825065963 -4.57392003816033 6.32786745056908 -9.07831766967141 0.964239553356234
1.2 6.53222499571654 -5.48175180512747 6.59142261635486 -9.8756115893503 0.983983443109774
1.3 7.19136725735203 -6.4693129640625 6.87812424372383 -10.6652541656923 1.003743973312
1.4 7.87917968172441 -7.53583838063173 7.18775020439902 -11.4465734273319 1.02352115798773
1.5 8.59795470216431 -8.68049572336492 7.52005886191583 -12.2189038515716 1.0433150111736
1.6 9.34996058835589 -9.90238610852208 7.87478925883508 -12.9815869307293 1.06312554691809
1.7 10.1374395142394 -11.200544801595 8.25166132039787 -13.7339717330508 1.08295277928152
1.8 10.9626056462792 -12.5739419749001 8.65037607446447 -14.4754154577101 1.10279672233604
1.9 11.8276432537256 -14.0214835206711 9.07061588756555 -15.2052839834248 1.12265739016567
2 12.7347048424822 -15.5420119190136 9.51204471688041 -15.9229524102179 1.14253479686632
2.1 13.6859093141702 -17.1343071600354 9.9743083779433 -16.6278055938651 1.16242895654575
2.2 14.6833401519646 -18.7970877194219 10.4570348278653 -17.3192386725698 1.18233988332363
2.3 15.7290436347511 -20.5290115866789 10.9598344638466 -17.9966575854161 1.20226759133152
2.4 16.8250270811358 -22.3286773452205 11.4823004367393 -18.6594795821552 1.2222120947129
2.5 17.9732571248097 -24.194625303436 12.0240089794113 -19.3071337238894 1.24217340762316
2.6 19.1756580227508 -26.125338675825 12.5845197496444 -19.939061374222 1.26215154422962
2.7 20.4341099977153 -28.1192448132472 13.1633761872917 -20.5547166804543 1.28214651871155
2.8 21.7504476164444 -30.1747164812926 13.7601058854047 -21.1535670444119 1.30215834526017
2.9 23.1264582049849 -32.2900731857338 14.3742209750293 -21.735093582498 1.32218703807866
3 24.5638803024878 -34.4635825439836 15.0052185233572 -22.2987915745752 1.34223261138215
3.1 26.0644021548235 -36.6934617014411 15.6525809449095 -22.8441709012882 1.36229507939778
3.2 27.6296602493145 -38.9778787915699 16.315776425416 -23.3707564694499 1.38237445636467
3.3 29.2612378918561 -41.3149544385149 16.9942593580437 -23.8780886251212 1.40247075653394
3.4 30.9606638276605 -43.702763301027 17.6874707916187 -24.3657235540267 1.42258399416872
3.5 32.7294109068223 -46.1393356564297 18.3948388904709 -24.8332336689581 1.44271418354415
3.6 34.5688947958694 -48.6226590233255 19.1157794055274 -25.2802079838273 1.46286133894742
3.7 36.4804727364222 -51.1506798217083 19.8496961562637 -25.7062524740439 1.48302547467777
3.8 38.4654423520485 -53.7213050691126 20.5959815231177 -26.1109904228999 1.50320660504646
3.9 40.5250405043603 -56.3324041114026 21.3540169499599 -26.49406275366 1.52340474437683
4 42.6604421993563 -58.9818103867686 22.1231734562041 -26.8551283470638 1.54361990700428
4.1 44.8727595449767 -61.667323221475 22.9028121581361 -27.1938643439615 1.56385210727633
4.2 47.1630407607903 -64.3867096558712 23.6922847990278 -27.509966432814 1.58410135955254
4.3 49.5322692406931 -67.1377062991526 24.4909342875981 -27.8031491218035 1.60436767820461
4.4 51.9813626694529 -69.9180212113329 25.2980952443736 -28.0731459953123 1.62465107761633
4.5 54.5111721938902 -72.7253358108642 26.1130945554949 -28.3197099545391 1.64495157218363
4.6 57.1224816494397 -75.5573068063181 26.9352519335088 -28.5426134420381 1.66526917631456
4.7 59.8160068427906 -78.4115681505219 27.7638804846783 -28.7416486499783 1.68560390442932
4.8 62.5923948912585 -81.2857330155197 28.5982872823395 -28.9166277119314 1.70595577096026
4.9 65.4522236194924 -84.1773957867129 29.4377739458261 -29.0673828780161 1.72632479035191
5 68.396001014075 -87.0841340745145 30.2816372244782 -29.1937666732345 1.74671097706095
5.1 71.4241647365228 -90.0035107418379 31.1291695862483 -29.2956520388541 1.76711434555626
5.2 74.5370816951477 -92.9330759457233 31.9796598104115 -29.3729324567022 1.78753491031889
5.3 77.7350476761888 -95.8703691913936 32.8323935838839 -29.4255220562528 1.80797268584214
5.4 81.0182870345772 -98.8129213970188 33.686654100651 -29.4533557044019 1.82842768663148
5.5 84.3869524446423 -101.758256967459 34.5417226638006 -29.45638907784 1.84889992720462
5.6 87.8411247110224 -104.703895875243 35.3968792896583 -29.4345987179479 1.86938942209154
5.7 91.3808126399882 -107.647355747038 36.2514033135161 -29.3879820681526 1.88989618583441
5.8 95.0059529713398 -110.586153953853 37.1045739964453 -29.3165574936987 1.91042023298769
5.9 98.7164103709844 -113.517809703223 37.9556711326837 -29.2203642838032 1.93096157811811
5.99999999999999 102.511977484253 -116.439846131603 38.8039756570855 -29.099462636177 1.95152023580465
6.09999999999999 106.392375049961 -119.349792395221 39.6487702521212 -28.9539336239111 1.9720962206386
6.19999999999999 110.357252075173 -122.245185757612 40.4893399539167 -28.7838791447415 1.99268954722354
6.29999999999999 114.406186070565 -125.123573672086 41.3249727568196 -28.589421852719 2.01330023017536
6.39999999999999 118.538683346247 -127.982515857358 42.1549602159812 -28.3707050723289 2.03392828412227
6.49999999999999 122.754179367845 -130.819586364591 42.9785980474461 -28.1278926951158 2.05457372370482
6.59999999999999 127.05203917259 -133.632375634103 43.7951867252396 -27.8611690588878 2.07523656357585
6.69999999999999 131.431557845114 -136.418492539991 44.6040320749493 -27.5707388095862 2.09591681840064
6.79999999999999 135.891961052609 -139.17556642095 45.404445863296 -27.2568267459226 2.11661450285672
6.89999999999999 140.432405638938 -141.901249095542 46.1957463831947 -26.9196776469006 2.1373296316341
6.99999999999999 145.051980277258 -144.593216860232 46.9772590338073 -26.5595560823518 2.15806221943508
7.09999999999999 149.749706180638 -147.249172468468 47.7483168950966 -26.1767462066322 2.17881228097439
7.19999999999999 154.524537870148 -149.866847089131 48.5082612963891 -25.7715515356393 2.19957983097919
7.29999999999999 159.375363999787 -152.444002242695 49.2564423784659 -25.3442947073218 2.220364884189
7.39999999999999 164.301008237634 -154.978431713427 49.9922196487004 -24.8953172258724 2.24116745535577
7.49999999999999 169.300230202504 -157.467963436014 50.7149625287688 -24.4249791898033 2.26198755924394
7.59999999999999 174.37172645538 -159.910461354994 51.4240508944678 -23.9336590041214 2.28282521063032
7.69999999999999 179.514131544827 -162.303827255407 52.1188756071747 -23.421753076832 2.30368042430423
7.79999999999999 184.726019105545 -164.64600256309 52.7988390364982 -22.8896755000132 2.32455321506741
7.89999999999999 190.005903009195 -166.934970113091 53.4633555736693 -22.3378577157172 2.34544359773411
7.99999999999999 195.352238566561 -169.168755884663 54.111852135233 -21.7667481669672 2.36635158713105
8.09999999999999 200.763423780085 -171.34543070136 54.7437686566087 -21.1768119341317 2.38727719809745
8.19999999999999 206.237800645746 -173.463111894773 55.3585585750933 -20.5685303569699 2.40822044548502
8.29999999999999 211.773656503255 -175.51996493047 55.9556893018921 -19.9424006426548 2.429181344158
8.39999999999999 217.369225433444 -177.514204994735 56.5346426827702 -19.2989354600928 2.45015990899316
8.49999999999999 223.022689701721 -179.444098540744 57.0949154469263 -18.6386625208703 2.47115615487986
8.59999999999999 228.732181246414 -181.307964792832 57.636019643701 -17.962124147168 2.4921700967199
8.69999999999999 234.495783210784 -183.104177207548 58.157483066741 -17.2698768269981 2.51320174942774
8.79999999999998 240.311531517458 -184.831164890248 58.6588496652514 -16.5624907571269 2.5342511279303
8.89999999999998 246.177416483983 -186.487413965961 59.139679941978 -15.840549374058 2.55531824716724
8.99999999999998 252.091384478181 -188.071468903367 59.5995513375742 -15.1046488734622 2.57640312209065
9.09999999999998 258.051339611938 -189.581933790713 60.0380586010159 -14.3553977184482 2.5975057676653
9.19999999999998 264.05514547204 -191.017473562558 60.4548141457404 -13.5934161370799 2.6186261988686
9.29999999999998 270.100626886614 -192.376815176266 60.8494483911989 -12.8193356095546 2.6397644306905
9.39999999999998 276.185571725734 -193.658748737221 61.2216100895196 -12.0337983454652 2.66092047813367
9.49999999999998 282.307732734686 -194.862128571768 61.5709666369962 -11.2374567515793 2.68209435621334
9.59999999999998 288.464829398386 -195.985874246926 61.8972043701246 -10.4309728905753 2.70328607995751
9.69999999999998 294.654549835398 -197.028971535983 62.2000288459266 -9.61501793118411 2.72449566440673
9.79999999999998 300.874552719991 -197.990473329101 62.4791651063102 -8.79027159019247 2.74572312461425
9.89999999999998 307.122469230622 -198.869500488121 62.7343579262305 -7.95742156677209 2.76696847564604
9.99999999999998 313.395905023245 -199.665242644798 62.9653720454284 -7.11716296960394 2.78823173258078
