0 0 0 5 0 0.748151036383683
0.1 0.502426560833921 -0.0835139147412585 5.02424515691777 -0.835139147412585 0.728605742367299
0.2 1.00969806621446 -0.250401029967767 5.07269461960618 -1.66887174549558 0.70907690754805
0.3 1.52422882679227 -0.500450600322337 5.14528720599433 -2.50049688900757 0.689564518065557
0.4 2.04842500706489 -0.833382026466664 5.24194145450769 -3.32931603763952 0.670068560071113
0.5 2.58468260599551 -1.24884515019961 5.36255570974479 -4.15463360226693 0.650589019727675
0.6 3.13538544789266 -1.7464206079028 5.50700822508693 -4.97575752822318 0.631125883209849
0.7 3.70290318523417 -2.3256202419667 5.67515728214047 -5.79199987510524 0.611679136703886
0.8 4.28958931510705 -2.98588756980199 5.86684132689682 -6.60267739262654 0.592248766407669
0.9 4.89777921092236 -3.72659830999271 6.08187912248141 -7.40711209203528 0.572834758530704
1 5.5297881710495 -4.54706096509998 6.32006991834907 -8.20463181262087 0.553437099294109
1.1 6.1879094859991 -5.44651746057791 6.58119363576947 -8.9945707828354 0.534055774930608
1.2 6.87441252576643 -6.42414383921622 6.8650110694327 -9.77627017556234 0.514690771684514
1.3 7.59154084892905 -7.47905101047823 7.1712641049917 -10.5490786570696 0.495342075811728
1.4 8.34151033507268 -8.61028555405684 7.49967595234476 -11.3123529291903 0.476009673579723
1.5 9.12650734209838 -9.8168305769262 7.84995139444862 -12.0654582642799 0.456693551267537
1.6 9.94868688994178 -11.0976066231223 8.22177705143941 -12.8077690325058 0.43739369516576
1.7 10.8101708722117 -12.4514726354418 8.61482165982612 -13.5386692210314 0.418110091576532
1.8 11.7130462972305 -13.8772269682061 9.02873636650888 -14.2575529446648 0.398842726813522
1.9 12.6593635599326 -15.3736084501937 9.46315503736193 -14.9638249475485 0.379591587201929
2 13.6511347460511 -16.939297496805 9.91769458010912 -15.6569010954759 0.360356659078466
2.1 14.6903319699919 -18.5729172704796 10.3919552812081 -16.3362088584276 0.341137928791347
2.2 15.7788857477681 -20.2730348883507 10.8855211564476 -17.0011877829293 0.321935382700296
2.3 16.9186834063348 -22.0381626760771 11.397960314951 -17.6512899538421 0.302749007176507
2.4 18.1115675306328 -23.8667594667607 11.9288253362688 -18.285980445206 0.283578788602661
2.5 19.3593344496177 -25.7572319438157 12.4776536602304 -18.9047377597647 0.264424713372902
2.6 20.6637327625159 -27.7079360266229 13.0439679892176 -19.5070542568123 0.245286767892834
2.7 22.0264619065159 -29.7171782977651 13.6272767025091 -20.0924365680109 0.226164938579511
2.8 23.4491707670642 -31.7832174706083 14.2270742823379 -20.6604060008394 0.207059211861417
2.9 24.9334563319022 -33.904265895957 14.8428417512931 -21.210498929344 0.187969574178478
3 26.4808623899392 -36.0784911064833 15.4740471206868 -21.7422671718717 0.168896011982019
3.1 28.0928782760209 -38.3040173975969 16.1201458495016 -22.2552783554802 0.149838511734798
3.2 29.7709376626096 -40.5789274433943 16.7805813135203 -22.7491162667285 0.130797059910953
3.3 31.5164173993568 -42.9012639462961 17.4547852842377 -23.2233811885642 0.111771642996026
3.4 33.3306364015031 -45.2690313189562 18.1421784171398 -23.6776902230346 0.0927622474869305
3.5 35.2148545880006 -47.6801973969978 18.8421707489331 -24.1116775995637 0.0737688598919579
3.6 37.1702718702114 -50.13269518111 19.5541622032973 -24.5249949685459 0.0547914667307532
3.7 39.1980271919899 -52.6244246070103 20.2775431047284 -24.9173116800223 0.0358300545343212
3.8 41.2991976219144 -55.1532543417625 21.0116947000324 -25.2883150472178 0.0168846098450085
3.9 43.4747974983886 -57.7170236049119 21.7559896870246 -25.6377105947285 -0.00204488078351526
4 45.7257776282885 -60.3135440128862 22.509792749982 -25.9652222911651 -0.0209584307862424
4.1 48.0530245397841 -62.9406014450864 23.272461101394 -26.2705927660684 -0.0398560535868654
4.2 50.45735978992 -65.5959579300809 24.0433450295485 -26.5535835109273 -0.0587377625977694
4.3 52.939539327491 -68.2773535502952 24.8217884514876 -26.8139750641441 -0.0776035712200369
4.4 55.5002529117039 -70.982508363579 25.6071294708628 -27.0515671798048 -0.0964534928434685
4.5 58.1401235870664 -73.7091243400177 26.3987009402169 -27.2661789801248 -0.1152875408466
4.6 60.8597072149003 -76.454887312345 27.1958310272128 -27.4576490914577 -0.134105728596692
4.7 63.6594920618229 -79.2174689383021 27.9978437843322 -27.6258357637633 -0.152908069449727
4.8 66.5398984454983 -81.994528673281 28.8040597215587 -27.7706169734514 -0.171694576750492
4.9 69.5012784379055 -84.7837157515831 29.6137963815627 -27.8918905095262 -0.190465263832491
5 72.5439156263278 -87.5826711746155 30.4263689169001 -27.9895740429747 -0.209220144018026
5.1 75.6680249322139 -90.3890297043469 31.2410906687382 -28.0636051793531 -0.227959230618164
5.2 78.8737524880154 -93.2004218603386 32.057273746619 -28.113941494543 -0.246682536932746
5.3 82.1611755720557 -96.0144759186664 32.8742296087723 -28.1405605536593 -0.265390076250475
5.4 85.530302601436 -98.8288199110483 33.6912696424874 -28.1434599131098 -0.284081861848792
5.5 88.9810731829359 -101.641083622495 34.507705744057 -28.1226571058185 -0.302757906993994
5.6 92.5133582218159 -104.448900585802 35.3228508978035 -28.0781896096382 -0.321418224941231
5.7 96.126960088383 -107.249910071203 36.1360197537014 -28.0101147989951 -0.340062828934423
5.8 99.8216128421285 -110.041759069521 36.9465292031107 -27.9185098798178 -0.3586917322064
5.9 103.596982513203 -112.822104267148 37.7536989521382 -27.8034718078225 -0.377304947978815
5.99999999999999 107.452667440943 -115.588614011187 38.5568520921457 -27.6651171902342 -0.395902489462179
6.09999999999999 111.388198669109 -118.338970263135 39.3553156669264 -27.5035821710426 -0.41448436985591
6.19999999999999 115.403040397472 -121.070870539443 40.1484212360761 -27.3190222999031 -0.433050602348304
6.29999999999999 119.4965904893 -123.782029837351 40.9355054340868 -27.1116123848059 -0.451601200116528
6.39999999999999 123.668181034278 -126.470182544378 41.7159105246959 -26.8815463286518 -0.470136176326673
6.49999999999999 127.917078966355 -129.13308432987 42.4889849500283 -26.6290369498862 -0.488655544133748
6.59999999999999 132.242486735922 -131.768514017045 43.2540838740732 -26.3543157873543 -0.507159316681659
6.69999999999999 136.643543035738 -134.374275433956 44.0105697200426 -26.0576328895574 -0.525647507103259
6.79999999999999 141.119323579931 -136.948199241834 44.7578127011643 -25.7392565884987 -0.544120128520352
6.89999999999999 145.668841935374 -139.488144739311 45.4951913444682 -25.3994732583228 -0.562577194043661
6.99999999999999 150.291050404704 -141.992001640989 46.2220930071298 -25.038587058966 -0.5810187167729
7.09999999999999 154.984840960182 -144.457691828909 46.9379143849437 -24.6569196650442 -0.599444709796742
7.19999999999999 159.749046227568 -146.883171075458 47.6420620125044 -24.2548099802198 -0.617855186192832
7.29999999999999 164.582440519153 -149.266430736278 48.3339527546808 -23.8326138373017 -0.636250159027804
7.39999999999999 169.483740915021 -151.605499411793 49.013014288977 -23.3907036843399 -0.654629641357267
7.49999999999999 174.451608391592 -153.898444575963 49.6786855783829 -22.9294682569943 -0.672993646225909
7.59999999999999 179.484648996473 -156.143374170944 50.3304173343217 -22.4493122374629 -0.691342186667368
7.69999999999999 184.581415068558 -158.338438166312 50.9676724693149 -21.9506559002681 -0.709675275704298
7.79999999999999 189.740406502344 -160.481830081596 51.5899265389911 -21.4339347452117 -0.72799292634841
7.89999999999999 194.960072055337 -162.571788470846 52.1966681730762 -20.8995991178175 -0.74629515160047
7.99999999999999 200.238810697425 -164.606598368028 52.7873994950106 -20.3481138175915 -0.764581964450307
8.09999999999999 205.574973001035 -166.58459269207 53.3616365298499 -19.779957694441 -0.782853377876754
8.19999999999999 210.966862570881 -168.504153610386 53.9189096001157 -19.1956232336004 -0.801109404847742
8.29999999999999 216.412737512058 -170.363713859792 54.4587637092731 -18.5956161294257 -0.819350058320325
8.39999999999999 221.910811935212 -172.161758023718 54.9807589125219 -17.9804548484234 -0.837575351240576
8.49999999999999 227.459257497494 -173.896823764688 55.4844706746014 -17.350670181892 -0.8557852965437
8.59999999999999 233.056204977968 -175.567503011062 55.9694902143161 -16.706804788562 -0.873979907154018
8.69999999999999 238.699745886107 -177.172443097078 56.4354248355062 -16.0494127276269 -0.892159195984976
8.79999999999998 244.387934102018 -178.710347855285 56.881898244193 -15.3790589825673 -0.91032317593909
8.89999999999998 250.11878754696 -180.17997866047 57.3085508516454 -14.6963189761765 -0.928471859908083
8.99999999999998 255.890289882743 -181.580155424256 57.7150400631233 -14.0017780772036 -0.946605260772781
9.09999999999998 261.700392238546 -182.909757539561 58.1010405520674 -13.2960310990364 -0.96472339140312
9.19999999999998 267.547014963675 -184.16772477418 58.4662445195168 -12.5796817908533 -0.982826264658284
9.29999999999998 273.428049404765 -185.353058112766 58.8103619385472 -11.8533423216789 -1.0009138933866
9.39999999999998 279.34135970591 -186.464820546557 59.1331207835379 -11.1176327577829 -1.01898629042556
9.49999999999998 285.284784630183 -187.502137810217 59.4342672440872 -10.37318053387 -1.03704346860185
9.59999999999998 291.256139400997 -188.464199065223 59.7135659234076 -9.62061991850923 -1.05508544073134
9.69999999999998 297.253217561735 -189.35025752926 59.9708000210482 -8.86059147425907 -1.07311221961915
9.79999999999998 303.273792852077 -190.159631051154 60.2057714998035 -8.09374151294659 -1.09112381805955
9.89999999999998 309.315621099415 -190.891702630882 60.4183012366807 -7.3207215465643 -1.10912024883612
9.99999999999998 315.37644212377 -191.545920884288 60.6082291578116 -6.54218773424997 -1.12710152472162
