0 0 0 5 0 0.748151036383683
0.1 0.50060664020848 -0.0417921804519392 5.01213280416961 -0.835667493632235 0.748146915513912
0.2 1.00363932996535 -0.16711589089661 5.04851587918964 -1.670630674071 0.748142794644873
0.3 1.51152156303766 -0.375865514036846 5.10911856300874 -2.5041859700988 0.748138673776566
0.4 2.02667274635481 -0.667865134786169 5.19388978522877 -3.33563099695936 0.74813455290899
0.5 2.55150616132611 -1.04286868851393 5.30275811014228 -4.1642651482132 0.748130432042146
0.6 3.08842693032024 -1.50056016840108 5.43563179693051 -4.98939018609458 0.748126311176034
0.7 3.63982999002032 -2.04055389173178 5.5923988769713 -5.81031082987251 0.748122190310653
0.8 4.20809807336204 -2.66239482489653 5.77292724819159 -6.62633534171985 0.748118069446004
0.9 4.79559970175555 -3.3655589668329 5.97706478638524 -7.43677610959697 0.748113948582086
1 5.40468718928289 -4.14945379058075 6.20463947340207 -8.24095022665876 0.7481098277189
1.1 6.03769466055264 -5.01341874257987 6.45545954210042 -9.03818006669676 0.748105706856446
1.2 6.69693608388208 -5.9567257992893 6.72931363794079 -9.82779385513149 0.748101585994724
1.3 7.3847033214641 -6.97858008065933 7.02597099708467 -10.6091262350739 0.748097465133733
1.4 8.10326419816201 -8.07812051993908 7.34518164084819 -11.3815188279792 0.748093344273474
1.5 8.8548605905593 -9.25442058925553 7.686676586347 -12.1443207884194 0.748089223413947
1.6 9.64170653787491 -10.5064890803523 8.05016807315472 -12.8968893525099 0.74808510255515
1.7 10.4659863763355 -11.8332709398304 8.43534980578402 -13.6385903795238 0.748080981697086
1.8 11.3298528985768 -13.2336481581873 8.841897211786 -14.3687988862422 0.748076860839753
1.9 12.2354255396258 -14.7064407119048 9.26946771525037 -15.0868995735865 0.748072739983151
2 13.1847885909903 -16.2504075577923 9.71770102547596 -15.7922873450905 0.748068619127282
2.1 14.1799894443637 -17.864247678747 10.1862194405684 -16.4843678167761 0.748064498272144
2.2 15.2230368664214 -19.546601180051 10.6746281657089 -17.1625578180015 0.748060377417738
2.3 16.3158993061665 -21.2960504352794 11.1825156458264 -17.8262858828605 0.748056256564063
2.4 17.460503236247 -23.1111212808564 11.7094539123921 -18.4749927317195 0.748052135711121
2.5 18.6587315296454 -24.9902842582504 12.254998944045 -19.1081317424849 0.748048014858909
2.6 19.9124218731069 -26.9319559027638 12.8186910407436 -19.7251694112053 0.748043894007433
2.7 21.2233652186436 -28.9345000778288 13.4000552111293 -20.3255858016198 0.748039773156683
2.8 22.5933042744192 -30.9962293536869 13.9986015727745 -20.9088749832734 0.748035652306665
2.9 24.0239320362863 -33.1154064292901 14.6138257649792 -21.4745454578303 0.748031531457381
3 25.5168903612133 -35.2902455962246 15.2452093737658 -22.0221205732265 0.748027410608828
3.1 27.0737685838031 -37.5189142434246 15.8922203687177 -22.551138925312 0.748023289761006
3.2 28.6961021770693 -39.7995344014072 16.55431355129 -23.0611547466447 0.748019168913915
3.3 30.3853714585988 -42.1301843247283 17.2309310142167 -23.5517382821078 0.748015048067557
3.4 32.1430003431901 -44.5089001113255 17.9215026116265 -24.0224761510348 0.748010927221924
3.5 33.9703551430194 -46.9336773573829 18.6254464394716 -24.4729716955371 0.748006806377036
3.6 35.8687434163445 -49.4024728463242 19.3421693258637 -24.9028453147391 0.748002685532876
3.7 37.8394128657182 -51.9132062705111 20.0710673309051 -25.3117347846419 0.747998564689445
3.8 39.8835502866372 -54.4637619841947 20.8115262555927 -25.6992955633432 0.747994443846744
3.9 42.0022805675148 -57.0519907862448 21.5629221593676 -26.0652010813583 0.747990323004778
4 44.1966657418185 -59.6757117311532 22.3246218858721 -26.4091430167969 0.747986202163537
4.1 46.4677040931722 -62.3327139667859 23.0959835964728 -26.7308315551629 0.747982081323032
4.2 48.8163293141756 -65.0207585973358 23.8763573110994 -27.0299956335602 0.74797796048326
4.3 51.243409719652 -67.737580569905 24.6650854559439 -27.3063831690969 0.747973839644219
4.4 53.7497475149844 -70.4808905831287 25.4615034175585 -27.5597612712966 0.747969718805918
4.5 56.3360781201595 -73.2483770162298 26.2649401028847 -27.7899164383371 0.747965597968338
4.6 59.0030695500869 -76.0377078768827 27.0747185047429 -27.9966547369516 0.747961477131495
4.7 61.7513218517161 -78.84653276624 27.8901562723052 -28.1798019658409 0.747957356295372
4.8 64.5813665984274 -81.6724848594709 28.7105662860706 -28.3392038024582 0.74795323545999
4.9 67.4936664421193 -84.5131829001397 29.5352572368588 -28.4747259330437 0.747949114625341
5 70.4886147233739 -87.3662332067437 30.3635342083336 -28.5862541657989 0.747944993791422
5.1 73.5665351400247 -90.2292316897223 31.1946992625668 -28.6736945271052 0.747940872958233
5.2 76.7276814744099 -93.0997658772344 32.0280520281469 -28.7369733407059 0.747936752125767
5.3 79.9722373795375 -95.9754169479996 32.862890290339 -28.7760372897855 0.747932631294048
5.4 83.3003162243453 -98.8537617694888 33.6985105827975 -28.7908534618921 0.747928510463049
5.5 86.7119609981845 -101.732374939748 34.5342087803339 -28.7814093766678 0.747924389632791
5.6 90.2071442746071 -104.608830831132 35.3692806922388 -28.7477129963607 0.747920268803255
5.7 93.7857682344901 -107.480705634231 36.2030226556595 -28.6897927191128 0.747916147974457
5.8 97.4476647484728 -110.345579400264 37.0347321285331 -28.6076973550265 0.747912027146391
5.9 101.192595518642 -113.201038080214 37.863708281574 -28.5014960850316 0.747907906319063
5.99999999999999 105.020252279345 -116.044675559 38.6892525888193 -28.3712784025879 0.74790378549246
6.09999999999999 108.930257056953 -118.874095682956 39.5106694162321 -28.2171540382706 0.747899664666579
6.19999999999999 112.922162488374 -121.686914278917 40.3272666078686 -28.0392528673033 0.747895543841452
6.29999999999999 116.995452198029 -124.480761163213 41.1383560691142 -27.8377248001174 0.747891423017046
6.39999999999999 121.149541232978 -127.253282138875 41.9432543464967 -27.612739656028 0.747887302193385
6.49999999999999 125.383776555838 -130.002140979359 42.7412832035897 -27.3644870201341 0.747883181370438
6.59999999999999 129.697437595072 -132.725021397143 43.5317701925186 -27.0931760835637 0.747879060548217
6.69999999999999 134.089736852176 -135.419628995509 44.3140492205897 -26.7990354671982 0.747874939726745
6.79999999999999 138.559820565268 -138.083693201889 45.0874611115637 -26.4823130290242 0.74787081890601
6.89999999999999 143.106769428517 -140.714969181124 45.8513541611012 -26.1432756552754 0.747866698085984
6.99999999999999 147.729599366788 -143.311239727048 46.6050846859118 -25.7822090355415 0.747862577266708
7.09999999999999 152.42726236488 -145.870317130782 47.3480175661446 -25.3994174220315 0.747858456448126
7.19999999999999 157.198647350627 -148.390045024173 48.0795267805623 -24.9952233731963 0.747854335630311
7.29999999999999 162.042581131147 -150.868300196826 48.7989959340489 -24.5699674819256 0.747850214813198
7.39999999999999 166.957829381424 -153.302994385197 49.5058187770053 -24.1240080885483 0.747846093996834
7.49999999999999 171.943097684412 -155.692076032234 50.1993997161964 -23.6577209788781 0.747841973181212
7.59999999999999 176.997032621767 -158.03353201609 50.8791543166185 -23.1714990675597 0.747837852366312
7.69999999999999 182.118222914299 -160.325389346448 51.5445097939641 -22.6657520669805 0.747833731552167
7.79999999999999 187.305200611181 -162.56571682703 52.1949054972693 -22.1409061420291 0.747829610738745
7.89999999999999 192.556442326907 -164.75262668289 52.8297933813374 -21.5974035509895 0.747825489926031
7.99999999999999 197.870370524967 -166.884276151111 53.4486384685402 -21.0357022728747 0.747821369114052
8.09999999999999 203.245354847144 -168.958869033584 54.0509192996076 -20.4562756215141 0.74781724830281
8.19999999999999 208.679713487328 -170.974657210543 54.6361283730267 -19.8596118467182 0.747813127492298
8.29999999999999 214.171714608675 -172.929942113582 55.2037725726789 -19.2462137228586 0.747809006682511
8.39999999999999 219.719577802931 -174.823076156932 55.7533735833559 -18.6165981252091 0.747804885873492
8.49999999999999 225.321475590676 -176.652464125763 56.2844682938028 -17.9712955944038 0.747800765065192
8.59999999999999 230.975534961234 -178.416564520368 56.7966091869511 -17.3108498893824 0.74779664425759
8.69999999999999 236.679838950956 -180.113890855075 57.2893647170098 -16.6358175291952 0.747792523450743
8.79999999999998 242.432428258526 -181.743012910806 57.7623196731002 -15.9467673240572 0.747788402644618
8.89999999999998 248.231302895956 -183.302557940225 58.2150755291244 -15.2442798960455 0.747784281839226
8.99999999999998 254.074423873854 -184.791211824459 58.647250779576 -14.5289471898426 0.747780161034583
9.09999999999998 259.959714919562 -186.207720180407 59.0584812610076 -13.80137197394 0.747776040230653
9.19999999999998 265.885064226706 -187.550889417724 59.4484204588856 -13.0621673327208 0.747771919427453
9.29999999999998 271.848326234693 -188.819587744573 59.8167397995736 -12.3119561498498 0.747767798625017
9.39999999999998 277.847323436643 -190.012746121307 60.1631289271971 -11.5513705834067 0.74776367782329
9.49999999999998 283.879848214248 -191.129359161265 60.4872959651582 -10.7810515332044 0.747759557022277
9.59999999999998 289.943664697994 -192.168485977943 60.7889677620782 -10.0016481007409 0.74775543622201
9.69999999999998 296.0365106512 -193.129250977806 61.0678901219623 -9.21381704224077 0.747751315422479
9.79999999999998 302.156099376264 -194.010844598087 61.323828018391 -8.41822221524642 0.747747194623672
9.89999999999998 308.300121641525 -194.812523988938 61.5565657925588 -7.61553401922521 0.747743073825602
9.99999999999998 314.466247627113 -195.533613639377 61.7659073349933 -6.80642883066477 0.747738953028252
